TN:
SF:src\app.ts
FN:82,(anonymous_10)
FN:93,(anonymous_11)
FN:106,(anonymous_12)
FN:118,(anonymous_13)
FN:150,(anonymous_14)
FN:179,(anonymous_15)
FN:189,(anonymous_16)
FN:197,(anonymous_17)
FN:211,(anonymous_18)
FN:214,(anonymous_19)
FN:234,(anonymous_20)
FN:244,(anonymous_21)
FN:295,(anonymous_22)
FNF:13
FNH:6
FNDA:2,(anonymous_10)
FNDA:1,(anonymous_11)
FNDA:0,(anonymous_12)
FNDA:28,(anonymous_13)
FNDA:26,(anonymous_14)
FNDA:0,(anonymous_15)
FNDA:0,(anonymous_16)
FNDA:0,(anonymous_17)
FNDA:0,(anonymous_18)
FNDA:0,(anonymous_19)
FNDA:4,(anonymous_20)
FNDA:0,(anonymous_21)
FNDA:2,(anonymous_22)
DA:1,8
DA:2,8
DA:3,8
DA:4,8
DA:5,8
DA:6,8
DA:7,8
DA:8,8
DA:10,8
DA:11,8
DA:12,8
DA:13,8
DA:14,8
DA:15,8
DA:16,8
DA:17,8
DA:18,8
DA:19,8
DA:20,8
DA:21,8
DA:22,8
DA:23,8
DA:24,8
DA:25,8
DA:26,8
DA:27,8
DA:28,8
DA:29,8
DA:30,8
DA:31,8
DA:32,8
DA:33,8
DA:34,8
DA:35,8
DA:38,8
DA:40,8
DA:43,8
DA:47,8
DA:48,8
DA:51,8
DA:54,8
DA:57,8
DA:58,8
DA:59,8
DA:62,8
DA:63,0
DA:70,8
DA:71,8
DA:74,8
DA:75,8
DA:80,8
DA:83,2
DA:84,2
DA:85,1
DA:90,1
DA:94,1
DA:95,1
DA:96,1
DA:98,0
DA:99,0
DA:100,0
DA:102,0
DA:104,0
DA:107,0
DA:108,0
DA:109,0
DA:111,0
DA:118,8
DA:119,28
DA:120,2
DA:122,26
DA:123,26
DA:125,0
DA:126,0
DA:128,26
DA:132,8
DA:133,8
DA:134,8
DA:137,8
DA:138,8
DA:139,8
DA:140,8
DA:143,8
DA:146,8
DA:147,8
DA:150,8
DA:151,26
DA:152,8
DA:153,8
DA:155,26
DA:156,26
DA:157,26
DA:158,26
DA:159,13
DA:161,26
DA:162,13
DA:165,26
DA:166,26
DA:167,26
DA:168,26
DA:169,0
DA:171,26
DA:172,0
DA:175,26
DA:179,8
DA:180,0
DA:189,8
DA:190,0
DA:193,8
DA:194,8
DA:197,8
DA:198,0
DA:199,0
DA:200,0
DA:201,0
DA:203,0
DA:208,8
DA:211,8
DA:214,8
DA:215,0
DA:216,0
DA:217,0
DA:218,0
DA:219,0
DA:221,0
DA:222,0
DA:227,8
DA:230,8
DA:231,8
DA:234,8
DA:235,4
DA:239,8
DA:245,0
DA:246,0
DA:247,0
DA:249,0
DA:250,0
DA:251,0
DA:252,0
DA:253,0
DA:259,0
DA:260,0
DA:262,0
DA:264,0
DA:295,8
DA:296,2
DA:297,2
DA:299,0
DA:301,2
DA:305,8
DA:308,8
DA:309,0
DA:313,8
DA:316,8
LF:154
LH:112
BRDA:62,0,0,0
BRDA:62,0,1,8
BRDA:65,1,0,0
BRDA:65,1,1,0
BRDA:83,2,0,2
BRDA:83,2,1,0
BRDA:84,3,0,1
BRDA:84,3,1,1
BRDA:95,4,0,1
BRDA:95,4,1,0
BRDA:119,5,0,2
BRDA:119,5,1,26
BRDA:119,6,0,28
BRDA:119,6,1,26
BRDA:122,7,0,26
BRDA:122,7,1,17
BRDA:123,8,0,0
BRDA:123,8,1,26
BRDA:151,9,0,8
BRDA:151,9,1,18
BRDA:155,10,0,26
BRDA:155,10,1,0
BRDA:165,11,0,26
BRDA:165,11,1,0
BRDA:235,12,0,4
BRDA:235,12,1,0
BRDA:246,13,0,0
BRDA:246,13,1,0
BRDA:252,14,0,0
BRDA:252,14,1,0
BRDA:296,15,0,2
BRDA:296,15,1,0
BRDA:297,16,0,0
BRDA:297,16,1,2
BRDA:308,17,0,0
BRDA:308,17,1,8
BRF:36
BRH:20
end_of_record
TN:
SF:src\socket.ts
FN:17,(anonymous_1)
FN:25,(anonymous_2)
FN:33,(anonymous_3)
FN:62,(anonymous_4)
FN:71,(anonymous_5)
FN:114,(anonymous_6)
FN:134,(anonymous_7)
FN:138,(anonymous_8)
FN:147,(anonymous_9)
FN:167,(anonymous_10)
FN:176,(anonymous_11)
FN:184,(anonymous_12)
FN:203,(anonymous_13)
FN:216,(anonymous_14)
FN:230,(anonymous_15)
FN:237,(anonymous_16)
FN:246,(anonymous_17)
FN:255,(anonymous_18)
FNF:18
FNH:12
FNDA:3,(anonymous_1)
FNDA:1,(anonymous_2)
FNDA:1,(anonymous_3)
FNDA:4,(anonymous_4)
FNDA:2,(anonymous_5)
FNDA:0,(anonymous_6)
FNDA:2,(anonymous_7)
FNDA:0,(anonymous_8)
FNDA:1,(anonymous_9)
FNDA:1,(anonymous_10)
FNDA:1,(anonymous_11)
FNDA:4,(anonymous_12)
FNDA:0,(anonymous_13)
FNDA:0,(anonymous_14)
FNDA:1,(anonymous_15)
FNDA:0,(anonymous_16)
FNDA:1,(anonymous_17)
FNDA:0,(anonymous_18)
DA:2,11
DA:3,11
DA:4,11
DA:5,11
DA:6,11
DA:7,11
DA:8,11
DA:9,11
DA:10,11
DA:11,11
DA:17,11
DA:25,11
DA:26,1
DA:27,1
DA:28,0
DA:30,1
DA:33,11
DA:34,1
DA:35,1
DA:36,1
DA:38,1
DA:40,1
DA:41,0
DA:45,0
DA:48,1
DA:50,1
DA:51,0
DA:56,1
DA:62,11
DA:63,4
DA:65,4
DA:67,4
DA:68,2
DA:71,2
DA:72,2
DA:73,0
DA:79,2
DA:80,2
DA:81,2
DA:82,1
DA:84,1
DA:88,2
DA:89,1
DA:92,1
DA:93,1
DA:94,0
DA:97,1
DA:102,0
DA:105,1
DA:106,1
DA:108,0
DA:109,0
DA:114,11
DA:119,0
DA:120,0
DA:121,0
DA:122,0
DA:123,0
DA:124,0
DA:129,0
DA:134,11
DA:135,2
DA:137,2
DA:138,1
DA:139,0
DA:140,0
DA:141,0
DA:143,0
DA:147,2
DA:148,1
DA:150,1
DA:152,1
DA:153,0
DA:154,0
DA:155,0
DA:156,0
DA:161,1
DA:162,1
DA:163,1
DA:164,1
DA:167,1
DA:168,1
DA:176,11
DA:177,1
DA:178,1
DA:179,1
DA:181,1
DA:185,4
DA:186,4
DA:188,0
DA:203,1
DA:204,0
DA:205,0
DA:206,0
DA:210,0
DA:212,0
DA:216,1
DA:217,0
DA:218,0
DA:221,1
DA:222,1
DA:224,1
DA:227,1
DA:230,11
DA:231,1
DA:232,0
DA:234,1
DA:237,11
DA:238,0
DA:239,0
DA:246,11
DA:247,1
DA:248,1
DA:249,1
DA:251,0
DA:255,11
DA:256,0
DA:257,0
DA:258,0
DA:260,0
LF:120
LH:80
BRDA:26,0,0,1
BRDA:26,0,1,1
BRDA:27,1,0,0
BRDA:27,1,1,1
BRDA:38,2,0,0
BRDA:38,2,1,1
BRDA:40,3,0,0
BRDA:40,3,1,1
BRDA:40,4,0,1
BRDA:40,4,1,1
BRDA:40,4,2,0
BRDA:50,5,0,0
BRDA:50,5,1,1
BRDA:52,6,0,0
BRDA:52,6,1,0
BRDA:57,7,0,0
BRDA:57,7,1,1
BRDA:65,8,0,4
BRDA:65,8,1,2
BRDA:67,9,0,2
BRDA:67,9,1,2
BRDA:71,10,0,2
BRDA:71,10,1,0
BRDA:72,11,0,0
BRDA:72,11,1,2
BRDA:72,12,0,2
BRDA:72,12,1,2
BRDA:88,13,0,1
BRDA:88,13,1,1
BRDA:89,14,0,1
BRDA:89,14,1,0
BRDA:93,15,0,0
BRDA:93,15,1,1
BRDA:93,16,0,1
BRDA:93,16,1,1
BRDA:97,17,0,0
BRDA:97,17,1,1
BRDA:98,18,0,1
BRDA:98,18,1,0
BRDA:98,18,2,0
BRDA:121,19,0,0
BRDA:121,19,1,0
BRDA:123,20,0,0
BRDA:123,20,1,0
BRDA:137,21,0,1
BRDA:137,21,1,1
BRDA:140,22,0,0
BRDA:140,22,1,0
BRDA:150,23,0,0
BRDA:150,23,1,1
BRDA:152,24,0,0
BRDA:152,24,1,1
BRDA:177,25,0,1
BRDA:177,25,1,0
BRDA:179,26,0,0
BRDA:179,26,1,1
BRDA:185,27,0,4
BRDA:185,27,1,0
BRDA:185,28,0,4
BRDA:185,28,1,0
BRDA:198,29,0,0
BRDA:198,29,1,1
BRDA:200,30,0,0
BRDA:200,30,1,1
BRDA:205,31,0,0
BRDA:205,31,1,0
BRDA:225,32,0,0
BRDA:225,32,1,1
BRDA:231,33,0,0
BRDA:231,33,1,1
BRDA:238,34,0,0
BRDA:238,34,1,0
BRDA:247,35,0,1
BRDA:247,35,1,0
BRDA:256,36,0,0
BRDA:256,36,1,0
BRF:76
BRH:38
end_of_record
TN:
SF:src\config\adminConfig.ts
FN:9,(anonymous_0)
FN:18,(anonymous_1)
FN:27,(anonymous_2)
FN:84,(anonymous_3)
FN:99,(anonymous_4)
FNF:5
FNH:2
FNDA:0,(anonymous_0)
FNDA:0,(anonymous_1)
FNDA:0,(anonymous_2)
FNDA:2,(anonymous_3)
FNDA:2,(anonymous_4)
DA:9,11
DA:10,0
DA:11,0
DA:18,11
DA:19,0
DA:23,0
DA:27,11
DA:28,0
DA:29,0
DA:30,0
DA:36,11
DA:44,11
DA:62,11
DA:84,11
DA:85,2
DA:86,2
DA:88,2
DA:89,2
DA:91,2
DA:99,11
DA:100,2
DA:101,2
DA:103,2
DA:104,2
DA:106,2
LF:25
LH:18
BRDA:10,0,0,0
BRDA:10,0,1,0
BRDA:11,1,0,0
BRDA:11,1,1,0
BRDA:20,2,0,0
BRDA:20,2,1,0
BRDA:21,3,0,0
BRDA:21,3,1,0
BRDA:29,4,0,0
BRDA:29,4,1,0
BRDA:85,5,0,2
BRDA:85,5,1,0
BRDA:86,6,0,2
BRDA:86,6,1,0
BRDA:88,7,0,0
BRDA:88,7,1,2
BRDA:89,8,0,0
BRDA:89,8,1,2
BRDA:100,9,0,2
BRDA:100,9,1,0
BRDA:101,10,0,2
BRDA:101,10,1,0
BRDA:103,11,0,0
BRDA:103,11,1,2
BRDA:104,12,0,0
BRDA:104,12,1,2
BRF:26
BRH:8
end_of_record
TN:
SF:src\config\cloudinary.ts
FN:6,(anonymous_1)
FNF:1
FNH:0
FNDA:0,(anonymous_1)
DA:1,2
DA:3,2
DA:4,2
DA:6,2
DA:7,0
DA:8,0
DA:11,0
DA:12,0
DA:13,0
DA:14,0
DA:16,0
DA:17,0
DA:18,0
DA:19,0
DA:21,0
DA:22,0
DA:23,0
DA:28,0
DA:31,0
DA:32,0
DA:35,2
LF:21
LH:5
BRDA:7,0,0,0
BRDA:7,0,1,0
BRDA:7,1,0,0
BRDA:7,1,1,0
BRDA:16,2,0,0
BRDA:16,2,1,0
BRDA:16,3,0,0
BRDA:16,3,1,0
BRDA:16,3,2,0
BRDA:18,4,0,0
BRDA:18,4,1,0
BRDA:21,5,0,0
BRDA:21,5,1,0
BRF:13
BRH:0
end_of_record
TN:
SF:src\config\cookieConfig.ts
FN:14,(anonymous_0)
FN:23,(anonymous_1)
FN:34,(anonymous_2)
FN:47,(anonymous_3)
FN:53,(anonymous_4)
FN:66,(anonymous_5)
FN:71,(anonymous_6)
FNF:7
FNH:5
FNDA:10,(anonymous_0)
FNDA:1,(anonymous_1)
FNDA:0,(anonymous_2)
FNDA:2,(anonymous_3)
FNDA:1,(anonymous_4)
FNDA:8,(anonymous_5)
FNDA:0,(anonymous_6)
DA:3,9
DA:4,9
DA:14,9
DA:15,10
DA:23,9
DA:24,1
DA:34,9
DA:35,0
DA:47,9
DA:53,9
DA:54,1
DA:66,9
DA:71,9
DA:72,0
LF:14
LH:12
BRDA:4,0,0,9
BRDA:4,0,1,9
BRDA:15,1,0,0
BRDA:15,1,1,10
BRDA:26,2,0,0
BRDA:26,2,1,1
BRDA:34,3,0,0
BRF:7
BRH:4
end_of_record
TN:
SF:src\config\corsConfig.ts
FN:10,(anonymous_1)
FN:22,(anonymous_2)
FN:44,(anonymous_3)
FN:85,(anonymous_4)
FNF:4
FNH:4
FNDA:12,(anonymous_1)
FNDA:60,(anonymous_2)
FNDA:13,(anonymous_3)
FNDA:30,(anonymous_4)
DA:2,12
DA:4,12
DA:10,12
DA:11,12
DA:14,12
DA:15,12
DA:16,12
DA:20,12
DA:22,60
DA:25,12
DA:26,60
DA:28,60
DA:29,60
DA:31,0
DA:36,12
DA:37,12
DA:39,12
DA:42,12
DA:44,12
DA:45,13
DA:47,13
DA:48,13
DA:49,13
DA:50,13
DA:53,13
DA:54,13
DA:60,9
DA:64,4
DA:65,2
DA:69,2
DA:70,0
DA:73,2
DA:75,0
DA:85,12
DA:86,30
DA:88,30
DA:104,30
DA:106,21
DA:109,9
DA:110,9
DA:113,0
DA:114,0
LF:42
LH:37
BRDA:14,0,0,12
BRDA:14,0,1,0
BRDA:20,1,0,12
BRDA:20,1,1,0
BRDA:28,2,0,60
BRDA:28,2,1,0
BRDA:45,3,0,0
BRDA:45,3,1,13
BRDA:45,4,0,13
BRDA:45,4,1,13
BRDA:53,5,0,13
BRDA:53,5,1,0
BRDA:54,6,0,9
BRDA:54,6,1,4
BRDA:55,7,0,13
BRDA:55,7,1,4
BRDA:55,7,2,4
BRDA:55,7,3,4
BRDA:64,8,0,2
BRDA:64,8,1,2
BRDA:69,9,0,0
BRDA:69,9,1,2
BRDA:104,10,0,21
BRDA:104,10,1,9
BRDA:109,11,0,9
BRDA:109,11,1,0
BRF:26
BRH:19
end_of_record
TN:
SF:src\config\db.ts
FN:6,(anonymous_1)
FN:10,(anonymous_2)
FN:13,(anonymous_3)
FN:16,(anonymous_4)
FN:19,(anonymous_5)
FN:22,(anonymous_6)
FN:58,(anonymous_7)
FN:60,(anonymous_8)
FN:71,(anonymous_9)
FN:108,(anonymous_10)
FN:123,(anonymous_11)
FN:137,(anonymous_12)
FN:204,(anonymous_13)
FN:210,(anonymous_14)
FN:214,(anonymous_15)
FN:219,(anonymous_16)
FN:224,(anonymous_17)
FN:232,(anonymous_18)
FN:251,(anonymous_19)
FN:263,(anonymous_20)
FN:271,(anonymous_21)
FN:276,(anonymous_22)
FN:286,(anonymous_23)
FN:293,(anonymous_24)
FN:312,(anonymous_25)
FN:312,(anonymous_26)
FN:345,(anonymous_27)
FN:360,(anonymous_28)
FN:363,(anonymous_29)
FN:372,(anonymous_30)
FN:383,(anonymous_31)
FN:387,(anonymous_32)
FN:391,(anonymous_33)
FN:395,(anonymous_34)
FNF:34
FNH:3
FNDA:16,(anonymous_1)
FNDA:0,(anonymous_2)
FNDA:0,(anonymous_3)
FNDA:0,(anonymous_4)
FNDA:0,(anonymous_5)
FNDA:0,(anonymous_6)
FNDA:8,(anonymous_7)
FNDA:8,(anonymous_8)
FNDA:0,(anonymous_9)
FNDA:0,(anonymous_10)
FNDA:0,(anonymous_11)
FNDA:0,(anonymous_12)
FNDA:0,(anonymous_13)
FNDA:0,(anonymous_14)
FNDA:0,(anonymous_15)
FNDA:0,(anonymous_16)
FNDA:0,(anonymous_17)
FNDA:0,(anonymous_18)
FNDA:0,(anonymous_19)
FNDA:0,(anonymous_20)
FNDA:0,(anonymous_21)
FNDA:0,(anonymous_22)
FNDA:0,(anonymous_23)
FNDA:0,(anonymous_24)
FNDA:0,(anonymous_25)
FNDA:0,(anonymous_26)
FNDA:0,(anonymous_27)
FNDA:0,(anonymous_28)
FNDA:0,(anonymous_29)
FNDA:0,(anonymous_30)
FNDA:0,(anonymous_31)
FNDA:0,(anonymous_32)
FNDA:0,(anonymous_33)
FNDA:0,(anonymous_34)
DA:1,8
DA:2,8
DA:3,8
DA:6,8
DA:7,16
DA:8,16
DA:10,16
DA:11,0
DA:13,16
DA:14,0
DA:16,16
DA:17,0
DA:19,16
DA:20,0
DA:22,16
DA:24,0
DA:25,0
DA:42,8
DA:43,8
DA:44,8
DA:45,8
DA:48,8
DA:49,8
DA:50,8
DA:51,8
DA:52,8
DA:55,8
DA:56,8
DA:61,8
DA:62,8
DA:64,8
DA:72,0
DA:73,0
DA:75,0
DA:76,0
DA:77,0
DA:78,0
DA:82,0
DA:83,0
DA:84,0
DA:85,0
DA:87,0
DA:88,0
DA:89,0
DA:92,0
DA:93,0
DA:97,0
DA:98,0
DA:99,0
DA:101,0
DA:105,0
DA:109,0
DA:111,0
DA:113,0
DA:115,0
DA:117,0
DA:119,0
DA:124,0
DA:138,0
DA:140,0
DA:141,0
DA:142,0
DA:145,0
DA:148,0
DA:149,0
DA:150,0
DA:151,0
DA:156,0
DA:161,0
DA:164,0
DA:168,0
DA:169,0
DA:170,0
DA:174,0
DA:175,0
DA:178,0
DA:181,0
DA:182,0
DA:183,0
DA:185,0
DA:203,0
DA:204,0
DA:205,0
DA:206,0
DA:207,0
DA:210,0
DA:211,0
DA:214,0
DA:215,0
DA:216,0
DA:219,0
DA:220,0
DA:221,0
DA:224,0
DA:225,0
DA:226,0
DA:230,0
DA:232,0
DA:233,0
DA:234,0
DA:235,0
DA:236,0
DA:237,0
DA:239,0
DA:241,0
DA:242,0
DA:243,0
DA:249,0
DA:250,0
DA:251,0
DA:252,0
DA:256,0
DA:257,0
DA:272,0
DA:275,0
DA:276,0
DA:277,0
DA:281,0
DA:282,0
DA:287,0
DA:288,0
DA:289,0
DA:294,0
DA:295,0
DA:296,0
DA:297,0
DA:298,0
DA:299,0
DA:300,0
DA:302,0
DA:305,0
DA:306,0
DA:309,0
DA:310,0
DA:312,0
DA:314,0
DA:316,0
DA:317,0
DA:318,0
DA:320,0
DA:321,0
DA:322,0
DA:325,0
DA:326,0
DA:329,0
DA:331,0
DA:332,0
DA:333,0
DA:334,0
DA:336,0
DA:337,0
DA:338,0
DA:346,0
DA:347,0
DA:348,0
DA:351,0
DA:352,0
DA:353,0
DA:354,0
DA:358,0
DA:359,0
DA:361,0
DA:364,0
DA:365,0
DA:373,0
DA:374,0
DA:375,0
DA:376,0
DA:381,8
DA:383,8
DA:384,0
DA:387,8
DA:388,0
DA:391,8
DA:392,0
DA:395,8
DA:396,0
DA:399,8
LF:178
LH:31
BRDA:11,0,0,0
BRDA:11,0,1,0
BRDA:14,1,0,0
BRDA:14,1,1,0
BRDA:17,2,0,0
BRDA:17,2,1,0
BRDA:20,3,0,0
BRDA:20,3,1,0
BRDA:25,4,0,0
BRDA:25,4,1,0
BRDA:61,5,0,8
BRDA:61,5,1,0
BRDA:72,6,0,0
BRDA:72,6,1,0
BRDA:73,7,0,0
BRDA:73,7,1,0
BRDA:75,8,0,0
BRDA:75,8,1,0
BRDA:77,9,0,0
BRDA:77,9,1,0
BRDA:83,10,0,0
BRDA:83,10,1,0
BRDA:84,11,0,0
BRDA:84,11,1,0
BRDA:85,12,0,0
BRDA:85,12,1,0
BRDA:88,13,0,0
BRDA:88,13,1,0
BRDA:88,14,0,0
BRDA:88,14,1,0
BRDA:92,15,0,0
BRDA:92,15,1,0
BRDA:93,16,0,0
BRDA:93,16,1,0
BRDA:109,17,0,0
BRDA:109,17,1,0
BRDA:109,17,2,0
BRDA:109,17,3,0
BRDA:109,17,4,0
BRDA:130,18,0,0
BRDA:130,18,1,0
BRDA:140,19,0,0
BRDA:140,19,1,0
BRDA:145,20,0,0
BRDA:145,20,1,0
BRDA:148,21,0,0
BRDA:148,21,1,0
BRDA:149,22,0,0
BRDA:149,22,1,0
BRDA:149,23,0,0
BRDA:149,23,1,0
BRDA:156,24,0,0
BRDA:156,24,1,0
BRDA:157,25,0,0
BRDA:157,25,1,0
BRDA:157,25,2,0
BRDA:168,26,0,0
BRDA:168,26,1,0
BRDA:174,27,0,0
BRDA:174,27,1,0
BRDA:174,28,0,0
BRDA:174,28,1,0
BRDA:203,29,0,0
BRDA:203,29,1,0
BRDA:232,30,0,0
BRDA:241,31,0,0
BRDA:241,31,1,0
BRDA:281,32,0,0
BRDA:281,32,1,0
BRDA:287,33,0,0
BRDA:287,33,1,0
BRDA:296,34,0,0
BRDA:296,34,1,0
BRDA:296,35,0,0
BRDA:296,35,1,0
BRDA:314,36,0,0
BRDA:314,36,1,0
BRDA:320,37,0,0
BRDA:320,37,1,0
BRDA:346,38,0,0
BRDA:346,38,1,0
BRDA:351,39,0,0
BRDA:351,39,1,0
BRDA:375,40,0,0
BRDA:375,40,1,0
BRF:85
BRH:1
end_of_record
TN:
SF:src\config\envSchema.ts
FN:73,(anonymous_0)
FN:102,(anonymous_1)
FNF:2
FNH:2
FNDA:4,(anonymous_0)
FNDA:4,(anonymous_1)
DA:1,10
DA:7,10
DA:74,4
DA:76,0
DA:77,0
DA:80,0
DA:83,0
DA:86,0
DA:89,0
DA:90,0
DA:91,0
DA:93,4
DA:102,10
DA:103,4
DA:105,4
DA:106,0
DA:107,0
DA:110,4
DA:115,10
LF:19
LH:9
BRDA:74,0,0,0
BRDA:74,0,1,4
BRDA:76,1,0,0
BRDA:76,1,1,0
BRDA:77,2,0,0
BRDA:77,2,1,0
BRDA:80,3,0,0
BRDA:80,3,1,0
BRDA:80,4,0,0
BRDA:80,4,1,0
BRDA:83,5,0,0
BRDA:83,5,1,0
BRDA:83,6,0,0
BRDA:83,6,1,0
BRDA:86,7,0,0
BRDA:86,7,1,0
BRDA:86,8,0,0
BRDA:86,8,1,0
BRDA:86,8,2,0
BRDA:89,9,0,0
BRDA:89,9,1,0
BRDA:90,10,0,0
BRDA:90,10,1,0
BRDA:91,11,0,0
BRDA:91,11,1,0
BRDA:105,12,0,0
BRDA:105,12,1,4
BRF:27
BRH:2
end_of_record
TN:
SF:src\config\loadEnv.ts
FNF:0
FNH:0
DA:1,4
DA:2,4
DA:5,4
DA:8,4
LF:4
LH:4
BRF:0
BRH:0
end_of_record
TN:
SF:src\config\logger.ts
FN:5,(anonymous_1)
FN:43,(anonymous_2)
FN:51,(anonymous_3)
FN:72,(anonymous_4)
FN:95,(anonymous_5)
FN:114,(anonymous_6)
FNF:6
FNH:5
FNDA:142,(anonymous_1)
FNDA:0,(anonymous_2)
FNDA:90,(anonymous_3)
FNDA:303,(anonymous_4)
FNDA:2093,(anonymous_5)
FNDA:142,(anonymous_6)
DA:1,34
DA:2,34
DA:5,34
DA:6,142
DA:7,142
DA:8,142
DA:9,35
DA:10,35
DA:11,35
DA:16,142
DA:19,34
DA:35,34
DA:43,34
DA:44,0
DA:45,0
DA:46,0
DA:48,0
DA:51,34
DA:52,90
DA:53,90
DA:54,90
DA:55,90
DA:56,450
DA:58,90
DA:61,34
DA:72,34
DA:73,303
DA:75,278
DA:76,90
DA:79,188
DA:80,0
DA:83,188
DA:84,155
DA:85,0
DA:88,155
DA:89,155
DA:90,659
DA:91,498
DA:92,498
DA:95,2093
DA:96,161
DA:97,0
DA:99,161
DA:103,155
DA:104,155
DA:105,179
DA:108,155
DA:111,33
DA:114,34
DA:115,142
DA:118,34
DA:127,34
DA:129,34
DA:158,34
DA:172,34
LF:55
LH:48
BRDA:8,0,0,35
BRDA:8,0,1,107
BRDA:10,1,0,0
BRDA:10,1,1,35
BRDA:11,2,0,35
BRDA:11,2,1,0
BRDA:44,3,0,0
BRDA:44,3,1,0
BRDA:45,4,0,0
BRDA:45,4,1,0
BRDA:52,5,0,0
BRDA:52,5,1,90
BRDA:52,6,0,90
BRDA:52,6,1,90
BRDA:53,7,0,0
BRDA:53,7,1,90
BRDA:73,8,0,25
BRDA:73,8,1,278
BRDA:73,9,0,303
BRDA:73,9,1,303
BRDA:75,10,0,90
BRDA:75,10,1,188
BRDA:79,11,0,0
BRDA:79,11,1,188
BRDA:83,12,0,155
BRDA:83,12,1,33
BRDA:84,13,0,0
BRDA:84,13,1,155
BRDA:90,14,0,498
BRDA:90,14,1,161
BRDA:96,15,0,0
BRDA:96,15,1,161
BRDA:127,16,0,34
BRDA:127,16,1,34
BRDA:130,17,0,0
BRDA:130,17,1,34
BRDA:161,18,0,0
BRDA:161,18,1,34
BRF:38
BRH:25
end_of_record
TN:
SF:src\config\secretAudit.ts
FN:8,(anonymous_1)
FN:16,(anonymous_2)
FN:35,(anonymous_3)
FN:42,(anonymous_4)
FNF:4
FNH:1
FNDA:0,(anonymous_1)
FNDA:0,(anonymous_2)
FNDA:30,(anonymous_3)
FNDA:0,(anonymous_4)
DA:2,8
DA:3,8
DA:8,8
DA:9,0
DA:11,0
DA:13,0
DA:14,0
DA:15,0
DA:16,0
DA:17,0
DA:23,0
DA:24,0
DA:25,0
DA:26,0
DA:35,8
DA:36,30
DA:37,30
DA:40,0
DA:42,0
DA:44,0
DA:45,0
DA:46,0
DA:49,0
DA:57,0
DA:59,0
DA:61,0
DA:62,0
DA:65,0
DA:66,0
DA:69,0
DA:80,0
DA:83,0
LF:32
LH:6
BRDA:9,0,0,0
BRDA:9,0,1,0
BRDA:14,1,0,0
BRDA:14,1,1,0
BRDA:16,2,0,0
BRDA:16,2,1,0
BRDA:23,3,0,0
BRDA:23,3,1,0
BRDA:25,4,0,0
BRDA:25,4,1,0
BRDA:25,5,0,0
BRDA:25,5,1,0
BRDA:36,6,0,30
BRDA:36,6,1,0
BRDA:44,7,0,0
BRDA:44,7,1,0
BRDA:46,8,0,0
BRDA:46,8,1,0
BRDA:57,9,0,0
BRDA:57,9,1,0
BRDA:61,10,0,0
BRDA:61,10,1,0
BRDA:61,11,0,0
BRDA:61,11,1,0
BRDA:65,12,0,0
BRDA:65,12,1,0
BRF:26
BRH:1
end_of_record
TN:
SF:src\config\socketState.ts
FN:5,(anonymous_0)
FN:9,(anonymous_1)
FNF:2
FNH:1
FNDA:1,(anonymous_0)
FNDA:0,(anonymous_1)
DA:3,11
DA:5,11
DA:6,1
DA:9,11
LF:4
LH:4
BRF:0
BRH:0
end_of_record
TN:
SF:src\controllers\adminAuthController.ts
FN:18,(anonymous_1)
FN:40,(anonymous_2)
FN:67,(anonymous_3)
FN:106,(anonymous_4)
FN:120,(anonymous_5)
FN:137,(anonymous_6)
FN:155,(anonymous_7)
FN:168,(anonymous_8)
FN:192,(anonymous_9)
FN:209,(anonymous_10)
FNF:10
FNH:0
FNDA:0,(anonymous_1)
FNDA:0,(anonymous_2)
FNDA:0,(anonymous_3)
FNDA:0,(anonymous_4)
FNDA:0,(anonymous_5)
FNDA:0,(anonymous_6)
FNDA:0,(anonymous_7)
FNDA:0,(anonymous_8)
FNDA:0,(anonymous_9)
FNDA:0,(anonymous_10)
DA:2,1
DA:3,1
DA:4,1
DA:5,1
DA:6,1
DA:7,1
DA:8,1
DA:9,1
DA:10,1
DA:11,1
DA:16,1
DA:18,1
DA:19,0
DA:20,0
DA:21,0
DA:24,0
DA:25,0
DA:26,0
DA:29,0
DA:31,0
DA:40,1
DA:41,0
DA:42,0
DA:43,0
DA:44,0
DA:46,0
DA:47,0
DA:48,0
DA:50,0
DA:61,0
DA:62,0
DA:64,0
DA:67,1
DA:68,0
DA:69,0
DA:70,0
DA:73,0
DA:74,0
DA:75,0
DA:82,0
DA:83,0
DA:92,0
DA:93,0
DA:102,0
DA:106,1
DA:107,0
DA:108,0
DA:110,0
DA:111,0
DA:112,0
DA:115,0
DA:116,0
DA:120,1
DA:121,0
DA:122,0
DA:124,0
DA:125,0
DA:127,0
DA:128,0
DA:129,0
DA:132,0
DA:133,0
DA:137,1
DA:138,0
DA:139,0
DA:141,0
DA:143,0
DA:144,0
DA:146,0
DA:147,0
DA:148,0
DA:151,0
DA:152,0
DA:155,1
DA:156,0
DA:158,0
DA:159,0
DA:160,0
DA:162,0
DA:163,0
DA:165,0
DA:168,1
DA:169,0
DA:170,0
DA:171,0
DA:174,0
DA:179,0
DA:181,0
DA:182,0
DA:183,0
DA:185,0
DA:186,0
DA:192,0
DA:194,0
DA:199,0
DA:209,1
DA:210,0
DA:212,0
DA:213,0
DA:216,0
DA:218,0
LF:101
LH:20
BRDA:20,0,0,0
BRDA:20,0,1,0
BRDA:20,1,0,0
BRDA:20,1,1,0
BRDA:24,2,0,0
BRDA:24,2,1,0
BRDA:41,3,0,0
BRDA:41,3,1,0
BRDA:43,4,0,0
BRDA:43,4,1,0
BRDA:47,5,0,0
BRDA:47,5,1,0
BRDA:47,6,0,0
BRDA:47,6,1,0
BRDA:61,7,0,0
BRDA:61,7,1,0
BRDA:69,8,0,0
BRDA:69,8,1,0
BRDA:69,9,0,0
BRDA:69,9,1,0
BRDA:74,10,0,0
BRDA:74,10,1,0
BRDA:78,11,0,0
BRDA:78,11,1,0
BRDA:82,12,0,0
BRDA:82,12,1,0
BRDA:82,13,0,0
BRDA:82,13,1,0
BRDA:92,14,0,0
BRDA:92,14,1,0
BRDA:92,15,0,0
BRDA:92,15,1,0
BRDA:111,16,0,0
BRDA:111,16,1,0
BRDA:122,17,0,0
BRDA:122,17,1,0
BRDA:128,18,0,0
BRDA:128,18,1,0
BRDA:139,19,0,0
BRDA:139,19,1,0
BRDA:144,20,0,0
BRDA:144,20,1,0
BRDA:147,21,0,0
BRDA:147,21,1,0
BRDA:156,22,0,0
BRDA:156,22,1,0
BRDA:159,23,0,0
BRDA:159,23,1,0
BRDA:170,24,0,0
BRDA:170,24,1,0
BRDA:176,25,0,0
BRDA:176,25,1,0
BRDA:179,26,0,0
BRDA:179,26,1,0
BRDA:182,27,0,0
BRDA:182,27,1,0
BRDA:212,28,0,0
BRDA:212,28,1,0
BRDA:212,29,0,0
BRDA:212,29,1,0
BRDA:212,29,2,0
BRF:61
BRH:0
end_of_record
TN:
SF:src\controllers\adminInviteController.ts
FN:18,(anonymous_1)
FN:75,(anonymous_2)
FN:98,(anonymous_3)
FN:121,(anonymous_4)
FN:152,(anonymous_5)
FN:171,(anonymous_6)
FNF:6
FNH:2
FNDA:4,(anonymous_1)
FNDA:0,(anonymous_2)
FNDA:0,(anonymous_3)
FNDA:0,(anonymous_4)
FNDA:0,(anonymous_5)
FNDA:2,(anonymous_6)
DA:2,1
DA:3,1
DA:4,1
DA:5,1
DA:6,1
DA:7,1
DA:8,1
DA:9,1
DA:10,1
DA:11,1
DA:12,1
DA:18,1
DA:19,4
DA:20,4
DA:21,4
DA:23,4
DA:24,0
DA:27,4
DA:30,4
DA:31,4
DA:32,1
DA:36,3
DA:37,1
DA:41,2
DA:42,0
DA:46,2
DA:47,1
DA:51,1
DA:52,1
DA:53,0
DA:57,1
DA:66,1
DA:68,1
DA:75,1
DA:76,0
DA:78,0
DA:88,0
DA:89,0
DA:98,1
DA:99,0
DA:101,0
DA:111,0
DA:112,0
DA:121,1
DA:122,0
DA:123,0
DA:125,0
DA:126,0
DA:127,0
DA:130,0
DA:131,0
DA:135,0
DA:136,0
DA:139,0
DA:140,0
DA:141,0
DA:143,0
DA:145,0
DA:152,1
DA:153,0
DA:155,0
DA:160,0
DA:161,0
DA:164,0
DA:171,1
DA:172,2
DA:173,2
DA:175,2
DA:176,0
DA:179,2
DA:185,2
DA:186,0
DA:189,2
DA:190,1
DA:191,1
DA:192,0
DA:196,1
DA:197,1
DA:198,1
DA:199,1
DA:202,1
DA:203,1
DA:204,1
DA:207,1
DA:209,1
DA:211,1
DA:214,1
DA:215,1
DA:216,1
DA:218,1
DA:220,1
LF:91
LH:58
BRDA:23,0,0,0
BRDA:23,0,1,4
BRDA:23,1,0,4
BRDA:23,1,1,4
BRDA:31,2,0,1
BRDA:31,2,1,3
BRDA:36,3,0,1
BRDA:36,3,1,2
BRDA:41,4,0,0
BRDA:41,4,1,2
BRDA:46,5,0,1
BRDA:46,5,1,1
BRDA:52,6,0,0
BRDA:52,6,1,1
BRDA:60,7,0,1
BRDA:60,7,1,1
BRDA:126,8,0,0
BRDA:126,8,1,0
BRDA:130,9,0,0
BRDA:130,9,1,0
BRDA:135,10,0,0
BRDA:135,10,1,0
BRDA:160,11,0,0
BRDA:160,11,1,0
BRDA:175,12,0,0
BRDA:175,12,1,2
BRDA:175,13,0,2
BRDA:175,13,1,2
BRDA:185,14,0,0
BRDA:185,14,1,2
BRDA:189,15,0,1
BRDA:189,15,1,1
BRDA:191,16,0,0
BRDA:191,16,1,1
BRF:34
BRH:20
end_of_record
TN:
SF:src\controllers\adminManagementController.ts
FN:22,(anonymous_1)
FN:51,(anonymous_2)
FN:102,(anonymous_3)
FN:166,(anonymous_4)
FN:221,(anonymous_5)
FN:249,(anonymous_6)
FNF:6
FNH:0
FNDA:0,(anonymous_1)
FNDA:0,(anonymous_2)
FNDA:0,(anonymous_3)
FNDA:0,(anonymous_4)
FNDA:0,(anonymous_5)
FNDA:0,(anonymous_6)
DA:2,1
DA:3,1
DA:4,1
DA:5,1
DA:6,1
DA:7,1
DA:8,1
DA:9,1
DA:15,1
DA:16,1
DA:22,1
DA:23,0
DA:24,0
DA:26,0
DA:35,0
DA:36,0
DA:51,1
DA:52,0
DA:53,0
DA:55,0
DA:56,0
DA:60,0
DA:61,0
DA:64,0
DA:66,0
DA:67,0
DA:68,0
DA:70,0
DA:71,0
DA:72,0
DA:73,0
DA:74,0
DA:76,0
DA:80,0
DA:83,0
DA:84,0
DA:86,0
DA:95,0
DA:102,1
DA:103,0
DA:104,0
DA:105,0
DA:106,0
DA:108,0
DA:109,0
DA:112,0
DA:113,0
DA:114,0
DA:118,0
DA:119,0
DA:122,0
DA:123,0
DA:127,0
DA:128,0
DA:135,0
DA:136,0
DA:139,0
DA:140,0
DA:141,0
DA:143,0
DA:144,0
DA:159,0
DA:166,1
DA:167,0
DA:168,0
DA:169,0
DA:171,0
DA:172,0
DA:173,0
DA:177,0
DA:178,0
DA:181,0
DA:182,0
DA:186,0
DA:187,0
DA:193,0
DA:194,0
DA:195,0
DA:196,0
DA:198,0
DA:199,0
DA:214,0
DA:221,1
DA:222,0
DA:225,0
DA:226,0
DA:228,0
DA:233,0
DA:234,0
DA:249,1
DA:250,0
DA:252,0
DA:253,0
DA:254,0
DA:255,0
DA:259,0
DA:260,0
DA:261,0
DA:262,0
DA:263,0
DA:266,0
DA:267,0
DA:268,0
DA:271,0
DA:272,0
DA:273,0
DA:278,0
DA:279,0
DA:294,0
LF:109
LH:16
BRDA:55,0,0,0
BRDA:55,0,1,0
BRDA:55,1,0,0
BRDA:55,1,1,0
BRDA:55,1,2,0
BRDA:55,1,3,0
BRDA:60,2,0,0
BRDA:60,2,1,0
BRDA:67,3,0,0
BRDA:67,3,1,0
BRDA:68,4,0,0
BRDA:68,4,1,0
BRDA:108,5,0,0
BRDA:108,5,1,0
BRDA:113,6,0,0
BRDA:113,6,1,0
BRDA:118,7,0,0
BRDA:118,7,1,0
BRDA:122,8,0,0
BRDA:122,8,1,0
BRDA:127,9,0,0
BRDA:127,9,1,0
BRDA:135,10,0,0
BRDA:135,10,1,0
BRDA:172,11,0,0
BRDA:172,11,1,0
BRDA:177,12,0,0
BRDA:177,12,1,0
BRDA:181,13,0,0
BRDA:181,13,1,0
BRDA:186,14,0,0
BRDA:186,14,1,0
BRDA:225,15,0,0
BRDA:225,15,1,0
BRDA:253,16,0,0
BRDA:253,16,1,0
BRDA:254,17,0,0
BRDA:254,17,1,0
BRDA:254,18,0,0
BRDA:254,18,1,0
BRDA:267,19,0,0
BRDA:267,19,1,0
BRDA:272,20,0,0
BRDA:272,20,1,0
BRDA:272,21,0,0
BRDA:272,21,1,0
BRF:46
BRH:0
end_of_record
TN:
SF:src\controllers\healthController.ts
FN:15,(anonymous_1)
FN:28,(anonymous_2)
FN:39,(anonymous_3)
FN:39,(anonymous_4)
FN:76,(anonymous_5)
FN:176,(anonymous_6)
FN:271,(anonymous_7)
FNF:7
FNH:1
FNDA:0,(anonymous_1)
FNDA:1,(anonymous_2)
FNDA:0,(anonymous_3)
FNDA:0,(anonymous_4)
FNDA:0,(anonymous_5)
FNDA:0,(anonymous_6)
FNDA:0,(anonymous_7)
DA:2,8
DA:3,8
DA:4,8
DA:10,8
DA:16,0
DA:29,1
DA:32,1
DA:33,1
DA:34,1
DA:35,1
DA:37,0
DA:39,0
DA:41,0
DA:43,1
DA:46,0
DA:50,1
DA:51,1
DA:52,1
DA:53,0
DA:54,0
DA:56,1
DA:59,0
DA:62,1
DA:63,1
DA:65,1
DA:77,0
DA:80,0
DA:81,0
DA:82,0
DA:83,0
DA:84,0
DA:85,0
DA:86,0
DA:94,0
DA:97,0
DA:101,0
DA:102,0
DA:103,0
DA:104,0
DA:105,0
DA:110,0
DA:113,0
DA:117,0
DA:123,0
DA:124,0
DA:125,0
DA:127,0
DA:128,0
DA:129,0
DA:130,0
DA:138,0
DA:143,0
DA:144,0
DA:145,0
DA:146,0
DA:147,0
DA:148,0
DA:149,0
DA:155,0
DA:159,0
DA:160,0
DA:161,0
DA:163,0
DA:167,0
DA:174,0
DA:175,0
DA:176,0
DA:183,0
DA:191,0
DA:194,0
DA:198,0
DA:199,0
DA:200,0
DA:201,0
DA:202,0
DA:208,0
DA:212,0
DA:213,0
DA:214,0
DA:215,0
DA:220,0
DA:224,0
DA:225,0
DA:226,0
DA:227,0
DA:231,0
DA:236,0
DA:240,0
DA:241,0
DA:254,0
DA:260,0
DA:272,0
DA:273,0
DA:274,0
DA:276,0
DA:277,0
DA:278,0
DA:280,0
DA:281,0
DA:283,0
DA:284,0
DA:286,0
DA:288,0
DA:289,0
DA:291,0
DA:293,0
DA:294,0
DA:296,0
DA:297,0
DA:298,0
DA:300,0
DA:302,0
DA:303,0
DA:305,0
DA:307,0
DA:308,0
DA:310,0
DA:312,0
DA:313,0
DA:316,0
DA:317,0
DA:319,0
DA:320,0
LF:123
LH:17
BRDA:35,0,0,0
BRDA:35,0,1,1
BRDA:52,1,0,0
BRDA:52,1,1,1
BRDA:52,2,0,1
BRDA:52,2,1,0
BRDA:63,3,0,0
BRDA:63,3,1,1
BRDA:66,4,0,0
BRDA:66,4,1,1
BRDA:83,5,0,0
BRDA:83,5,1,0
BRDA:102,6,0,0
BRDA:102,6,1,0
BRDA:102,7,0,0
BRDA:102,7,1,0
BRDA:118,8,0,0
BRDA:118,8,1,0
BRDA:131,9,0,0
BRDA:131,9,1,0
BRDA:132,10,0,0
BRDA:132,10,1,0
BRDA:139,11,0,0
BRDA:139,11,1,0
BRDA:145,12,0,0
BRDA:145,12,1,0
BRDA:150,13,0,0
BRDA:150,13,1,0
BRDA:175,14,0,0
BRDA:175,14,1,0
BRDA:205,15,0,0
BRDA:205,15,1,0
BRDA:216,16,0,0
BRDA:216,16,1,0
BRDA:232,17,0,0
BRDA:232,17,1,0
BRDA:250,18,0,0
BRDA:250,18,1,0
BRDA:254,19,0,0
BRDA:254,19,1,0
BRDA:254,19,2,0
BRDA:254,19,3,0
BRDA:254,19,4,0
BRDA:260,20,0,0
BRDA:260,20,1,0
BRDA:261,21,0,0
BRDA:261,21,1,0
BRDA:280,22,0,0
BRDA:280,22,1,0
BRDA:284,23,0,0
BRDA:284,23,1,0
BRDA:289,24,0,0
BRDA:289,24,1,0
BRDA:294,25,0,0
BRDA:294,25,1,0
BRDA:298,26,0,0
BRDA:298,26,1,0
BRDA:303,27,0,0
BRDA:303,27,1,0
BRDA:308,28,0,0
BRDA:308,28,1,0
BRDA:313,29,0,0
BRDA:313,29,1,0
BRF:63
BRH:5
end_of_record
TN:
SF:src\controllers\mediaController.ts
FN:26,(anonymous_1)
FN:44,(anonymous_2)
FN:77,(anonymous_3)
FN:182,(anonymous_4)
FNF:4
FNH:1
FNDA:5,(anonymous_1)
FNDA:0,(anonymous_2)
FNDA:0,(anonymous_3)
FNDA:0,(anonymous_4)
DA:2,1
DA:3,1
DA:4,1
DA:5,1
DA:6,1
DA:7,1
DA:10,1
DA:11,1
DA:14,1
DA:15,1
DA:16,0
DA:19,0
DA:26,1
DA:31,5
DA:32,5
DA:33,5
DA:34,1
DA:39,4
DA:41,4
DA:42,0
DA:43,0
DA:44,0
DA:46,0
DA:47,0
DA:48,0
DA:49,0
DA:51,0
DA:52,0
DA:55,4
DA:56,1
DA:59,3
DA:61,3
DA:65,3
DA:67,3
DA:68,0
DA:71,3
DA:72,1
DA:73,0
DA:74,0
DA:75,0
DA:76,0
DA:77,0
DA:78,0
DA:79,0
DA:80,0
DA:81,0
DA:83,0
DA:84,0
DA:87,1
DA:90,2
DA:95,2
DA:96,2
DA:97,2
DA:100,2
DA:101,2
DA:102,1
DA:103,1
DA:104,1
DA:105,0
DA:106,0
DA:109,0
DA:114,2
DA:115,0
DA:117,2
DA:118,0
DA:120,2
DA:121,0
DA:123,2
DA:124,0
DA:128,2
DA:131,2
DA:135,2
DA:137,2
DA:140,2
DA:146,2
DA:147,2
DA:150,2
DA:151,2
DA:152,2
DA:156,0
DA:158,0
DA:159,0
DA:168,0
DA:169,0
DA:170,0
DA:171,0
DA:172,0
DA:173,0
DA:174,0
DA:175,0
DA:179,0
DA:182,0
DA:183,0
DA:184,0
DA:188,0
DA:191,0
DA:193,3
DA:194,3
LF:98
LH:51
BRDA:15,0,0,0
BRDA:15,0,1,1
BRDA:33,1,0,1
BRDA:33,1,1,4
BRDA:39,2,0,4
BRDA:39,2,1,4
BRDA:41,3,0,0
BRDA:41,3,1,4
BRDA:47,4,0,0
BRDA:47,4,1,0
BRDA:51,5,0,0
BRDA:51,5,1,0
BRDA:55,6,0,1
BRDA:55,6,1,3
BRDA:55,7,0,4
BRDA:55,7,1,3
BRDA:55,7,2,3
BRDA:61,8,0,3
BRDA:61,8,1,0
BRDA:61,9,0,3
BRDA:61,9,1,3
BRDA:67,10,0,0
BRDA:67,10,1,3
BRDA:71,11,0,1
BRDA:71,11,1,2
BRDA:71,12,0,3
BRDA:71,12,1,2
BRDA:72,13,0,0
BRDA:72,13,1,1
BRDA:72,14,0,1
BRDA:72,14,1,0
BRDA:79,15,0,0
BRDA:79,15,1,0
BRDA:83,16,0,0
BRDA:83,16,1,0
BRDA:95,17,0,2
BRDA:95,17,1,0
BRDA:96,18,0,1
BRDA:96,18,1,1
BRDA:97,19,0,0
BRDA:97,19,1,2
BRDA:101,20,0,1
BRDA:101,20,1,1
BRDA:102,21,0,1
BRDA:102,21,1,0
BRDA:103,22,0,1
BRDA:103,22,1,0
BRDA:105,23,0,0
BRDA:105,23,1,0
BRDA:114,24,0,0
BRDA:114,24,1,2
BRDA:114,25,0,2
BRDA:114,25,1,2
BRDA:114,25,2,2
BRDA:114,25,3,2
BRDA:117,26,0,0
BRDA:117,26,1,2
BRDA:117,27,0,2
BRDA:117,27,1,1
BRDA:117,27,2,1
BRDA:117,27,3,1
BRDA:120,28,0,0
BRDA:120,28,1,2
BRDA:120,29,0,2
BRDA:120,29,1,2
BRDA:120,29,2,2
BRDA:123,30,0,0
BRDA:123,30,1,2
BRDA:128,31,0,0
BRDA:128,31,1,2
BRDA:133,32,0,2
BRDA:133,32,1,0
BRDA:133,33,0,2
BRDA:133,33,1,1
BRDA:137,34,0,0
BRDA:137,34,1,2
BRDA:146,35,0,2
BRDA:146,35,1,0
BRDA:150,36,0,2
BRDA:150,36,1,0
BRDA:158,37,0,0
BRDA:158,37,1,0
BRDA:158,38,0,0
BRDA:158,38,1,0
BRDA:162,39,0,0
BRDA:162,39,1,0
BRDA:162,40,0,0
BRDA:162,40,1,0
BRDA:168,41,0,0
BRDA:168,41,1,0
BRDA:170,42,0,0
BRDA:170,42,1,0
BRDA:172,43,0,0
BRDA:172,43,1,0
BRDA:174,44,0,0
BRDA:174,44,1,0
BRDA:183,45,0,0
BRDA:183,45,1,0
BRDA:188,46,0,0
BRDA:188,46,1,0
BRDA:193,47,0,0
BRDA:193,47,1,3
BRF:102
BRH:52
end_of_record
TN:
SF:src\controllers\personalizedSectionsController.ts
FN:9,(anonymous_1)
FN:29,(anonymous_2)
FN:38,(anonymous_3)
FN:42,(anonymous_4)
FN:47,(anonymous_5)
FN:53,(anonymous_6)
FN:57,(anonymous_7)
FN:73,(anonymous_8)
FNF:8
FNH:0
FNDA:0,(anonymous_1)
FNDA:0,(anonymous_2)
FNDA:0,(anonymous_3)
FNDA:0,(anonymous_4)
FNDA:0,(anonymous_5)
FNDA:0,(anonymous_6)
FNDA:0,(anonymous_7)
FNDA:0,(anonymous_8)
DA:2,1
DA:3,1
DA:4,1
DA:5,1
DA:6,1
DA:7,1
DA:9,1
DA:10,0
DA:11,0
DA:13,0
DA:16,0
DA:17,0
DA:18,0
DA:20,0
DA:21,0
DA:22,0
DA:23,0
DA:24,0
DA:25,0
DA:28,0
DA:29,0
DA:30,0
DA:37,0
DA:38,0
DA:39,0
DA:40,0
DA:42,0
DA:45,0
DA:46,0
DA:47,0
DA:52,0
DA:53,0
DA:54,0
DA:55,0
DA:56,0
DA:57,0
DA:62,0
DA:63,0
DA:65,0
DA:66,0
DA:67,0
DA:68,0
DA:69,0
DA:72,0
DA:73,0
DA:74,0
DA:80,0
DA:82,0
DA:83,0
DA:92,0
DA:93,0
DA:101,0
DA:102,0
DA:111,0
LF:54
LH:7
BRDA:10,0,0,0
BRDA:10,0,1,0
BRDA:11,1,0,0
BRDA:11,1,1,0
BRDA:11,1,2,0
BRDA:20,2,0,0
BRDA:20,2,1,0
BRDA:22,3,0,0
BRDA:22,3,1,0
BRDA:23,4,0,0
BRDA:23,4,1,0
BRDA:24,5,0,0
BRDA:24,5,1,0
BRDA:28,6,0,0
BRDA:28,6,1,0
BRDA:37,7,0,0
BRDA:37,7,1,0
BRDA:39,8,0,0
BRDA:39,8,1,0
BRDA:39,9,0,0
BRDA:39,9,1,0
BRDA:47,10,0,0
BRDA:47,10,1,0
BRDA:54,11,0,0
BRDA:54,11,1,0
BRDA:54,12,0,0
BRDA:54,12,1,0
BRDA:65,13,0,0
BRDA:65,13,1,0
BRDA:67,14,0,0
BRDA:67,14,1,0
BRDA:68,15,0,0
BRDA:68,15,1,0
BRDA:72,16,0,0
BRDA:72,16,1,0
BRDA:82,17,0,0
BRDA:82,17,1,0
BRDA:92,18,0,0
BRDA:92,18,1,0
BRDA:101,19,0,0
BRDA:101,19,1,0
BRF:41
BRH:0
end_of_record
TN:
SF:src\controllers\recommendationController.ts
FN:24,(anonymous_1)
FN:42,(anonymous_2)
FN:47,(anonymous_3)
FN:51,(anonymous_4)
FN:55,(anonymous_5)
FN:61,(anonymous_6)
FN:95,(anonymous_7)
FN:118,(anonymous_8)
FN:148,(anonymous_9)
FN:171,(anonymous_10)
FN:187,(anonymous_11)
FN:220,(anonymous_12)
FN:249,(anonymous_13)
FN:253,(anonymous_14)
FN:282,(anonymous_15)
FN:301,(anonymous_16)
FN:306,(anonymous_17)
FN:307,(anonymous_18)
FN:315,(anonymous_19)
FN:346,(anonymous_20)
FN:370,(anonymous_21)
FN:375,(anonymous_22)
FN:383,(anonymous_23)
FN:409,(anonymous_24)
FN:441,(anonymous_25)
FN:467,(anonymous_26)
FN:482,(anonymous_27)
FN:504,(anonymous_28)
FN:531,(anonymous_29)
FN:554,(anonymous_30)
FN:570,(anonymous_31)
FN:592,enrichTrendingItems
FN:595,(anonymous_33)
FN:595,(anonymous_34)
FN:596,(anonymous_35)
FN:596,(anonymous_36)
FN:612,(anonymous_37)
FN:613,(anonymous_38)
FN:616,(anonymous_39)
FNF:39
FNH:8
FNDA:1,(anonymous_1)
FNDA:0,(anonymous_2)
FNDA:0,(anonymous_3)
FNDA:0,(anonymous_4)
FNDA:0,(anonymous_5)
FNDA:0,(anonymous_6)
FNDA:1,(anonymous_7)
FNDA:0,(anonymous_8)
FNDA:1,(anonymous_9)
FNDA:0,(anonymous_10)
FNDA:0,(anonymous_11)
FNDA:0,(anonymous_12)
FNDA:0,(anonymous_13)
FNDA:0,(anonymous_14)
FNDA:0,(anonymous_15)
FNDA:0,(anonymous_16)
FNDA:0,(anonymous_17)
FNDA:0,(anonymous_18)
FNDA:0,(anonymous_19)
FNDA:0,(anonymous_20)
FNDA:0,(anonymous_21)
FNDA:0,(anonymous_22)
FNDA:0,(anonymous_23)
FNDA:1,(anonymous_24)
FNDA:1,(anonymous_25)
FNDA:0,(anonymous_26)
FNDA:0,(anonymous_27)
FNDA:1,(anonymous_28)
FNDA:1,(anonymous_29)
FNDA:0,(anonymous_30)
FNDA:0,(anonymous_31)
FNDA:1,enrichTrendingItems
FNDA:0,(anonymous_33)
FNDA:0,(anonymous_34)
FNDA:0,(anonymous_35)
FNDA:0,(anonymous_36)
FNDA:0,(anonymous_37)
FNDA:0,(anonymous_38)
FNDA:0,(anonymous_39)
DA:3,1
DA:4,1
DA:8,1
DA:9,1
DA:10,1
DA:11,1
DA:12,1
DA:13,1
DA:14,1
DA:15,1
DA:16,1
DA:19,1
DA:24,1
DA:25,1
DA:26,1
DA:27,1
DA:28,1
DA:29,1
DA:30,1
DA:31,1
DA:34,1
DA:35,0
DA:36,0
DA:37,0
DA:42,1
DA:43,1
DA:44,1
DA:45,1
DA:47,0
DA:50,1
DA:51,1
DA:54,1
DA:55,1
DA:58,1
DA:59,0
DA:62,0
DA:67,1
DA:68,1
DA:70,1
DA:71,1
DA:87,0
DA:88,0
DA:95,1
DA:96,1
DA:97,1
DA:98,1
DA:100,1
DA:101,0
DA:105,1
DA:106,0
DA:108,1
DA:109,0
DA:113,1
DA:114,1
DA:116,1
DA:117,0
DA:118,0
DA:124,0
DA:136,1
DA:137,1
DA:138,1
DA:139,1
DA:140,1
DA:148,1
DA:160,0
DA:161,0
DA:162,0
DA:163,0
DA:171,0
DA:184,1
DA:185,0
DA:188,0
DA:189,0
DA:194,1
DA:200,1
DA:201,1
DA:212,0
DA:213,0
DA:220,1
DA:221,0
DA:222,0
DA:223,0
DA:224,0
DA:226,0
DA:230,0
DA:232,0
DA:233,0
DA:235,0
DA:236,0
DA:238,0
DA:239,0
DA:241,0
DA:242,0
DA:244,0
DA:248,0
DA:249,0
DA:252,0
DA:253,0
DA:257,0
DA:259,0
DA:265,0
DA:274,0
DA:275,0
DA:282,1
DA:283,0
DA:284,0
DA:285,0
DA:287,0
DA:289,0
DA:290,0
DA:301,0
DA:303,0
DA:306,0
DA:307,0
DA:315,0
DA:329,0
DA:338,0
DA:339,0
DA:346,1
DA:347,0
DA:348,0
DA:349,0
DA:350,0
DA:353,0
DA:354,0
DA:357,0
DA:358,0
DA:359,0
DA:370,0
DA:371,0
DA:372,0
DA:373,0
DA:375,0
DA:377,0
DA:380,0
DA:381,0
DA:384,0
DA:390,0
DA:401,0
DA:402,0
DA:409,1
DA:410,1
DA:411,1
DA:412,1
DA:413,1
DA:416,1
DA:417,1
DA:418,1
DA:419,0
DA:425,1
DA:426,1
DA:427,1
DA:428,1
DA:429,0
DA:432,1
DA:441,1
DA:453,0
DA:454,0
DA:455,0
DA:458,0
DA:467,0
DA:479,1
DA:480,0
DA:483,0
DA:484,0
DA:491,1
DA:496,0
DA:497,0
DA:504,1
DA:505,1
DA:506,1
DA:507,1
DA:508,1
DA:511,1
DA:512,1
DA:513,0
DA:519,1
DA:520,1
DA:521,1
DA:522,1
DA:523,1
DA:531,1
DA:544,0
DA:545,0
DA:546,0
DA:554,0
DA:567,1
DA:568,0
DA:571,0
DA:572,0
DA:579,1
DA:584,0
DA:585,0
DA:593,1
DA:595,0
DA:596,0
DA:598,0
DA:611,0
DA:612,0
DA:613,0
DA:615,0
DA:617,0
DA:618,0
DA:619,0
LF:204
LH:89
BRDA:26,0,0,1
BRDA:26,0,1,1
BRDA:26,0,2,1
BRDA:27,1,0,1
BRDA:27,1,1,1
BRDA:28,2,0,1
BRDA:28,2,1,1
BRDA:29,3,0,1
BRDA:29,3,1,0
BRDA:30,4,0,1
BRDA:30,4,1,1
BRDA:31,5,0,1
BRDA:31,5,1,1
BRDA:34,6,0,0
BRDA:34,6,1,1
BRDA:36,7,0,0
BRDA:36,7,1,0
BRDA:36,8,0,0
BRDA:36,8,1,0
BRDA:44,9,0,1
BRDA:44,9,1,0
BRDA:46,10,0,1
BRDA:46,10,1,0
BRDA:50,11,0,1
BRDA:50,11,1,0
BRDA:58,12,0,0
BRDA:58,12,1,1
BRDA:98,13,0,1
BRDA:98,13,1,0
BRDA:100,14,0,0
BRDA:100,14,1,1
BRDA:100,15,0,1
BRDA:100,15,1,1
BRDA:105,16,0,0
BRDA:105,16,1,1
BRDA:108,17,0,0
BRDA:108,17,1,1
BRDA:113,18,0,0
BRDA:113,18,1,1
BRDA:116,19,0,0
BRDA:116,19,1,1
BRDA:137,20,0,1
BRDA:137,20,1,0
BRDA:139,21,0,1
BRDA:139,21,1,0
BRDA:160,22,0,0
BRDA:160,22,1,0
BRDA:162,23,0,0
BRDA:162,23,1,0
BRDA:184,24,0,0
BRDA:184,24,1,1
BRDA:188,25,0,0
BRDA:188,25,1,0
BRDA:222,26,0,0
BRDA:222,26,1,0
BRDA:223,27,0,0
BRDA:223,27,1,0
BRDA:224,28,0,0
BRDA:224,28,1,0
BRDA:230,29,0,0
BRDA:230,29,1,0
BRDA:230,29,2,0
BRDA:230,29,3,0
BRDA:230,29,4,0
BRDA:248,30,0,0
BRDA:248,30,1,0
BRDA:252,31,0,0
BRDA:252,31,1,0
BRDA:284,32,0,0
BRDA:284,32,1,0
BRDA:287,33,0,0
BRDA:287,33,1,0
BRDA:348,34,0,0
BRDA:348,34,1,0
BRDA:349,35,0,0
BRDA:349,35,1,0
BRDA:353,36,0,0
BRDA:353,36,1,0
BRDA:354,37,0,0
BRDA:354,37,1,0
BRDA:358,38,0,0
BRDA:358,38,1,0
BRDA:358,39,0,0
BRDA:358,39,1,0
BRDA:362,40,0,0
BRDA:362,40,1,0
BRDA:363,41,0,0
BRDA:363,41,1,0
BRDA:372,42,0,0
BRDA:372,42,1,0
BRDA:380,43,0,0
BRDA:380,43,1,0
BRDA:412,44,0,1
BRDA:412,44,1,1
BRDA:413,45,0,1
BRDA:413,45,1,0
BRDA:416,46,0,0
BRDA:416,46,1,1
BRDA:418,47,0,0
BRDA:418,47,1,1
BRDA:426,48,0,1
BRDA:426,48,1,0
BRDA:428,49,0,0
BRDA:428,49,1,1
BRDA:454,50,0,0
BRDA:454,50,1,0
BRDA:479,51,0,0
BRDA:479,51,1,1
BRDA:483,52,0,0
BRDA:483,52,1,0
BRDA:507,53,0,1
BRDA:507,53,1,1
BRDA:508,54,0,1
BRDA:508,54,1,0
BRDA:512,55,0,0
BRDA:512,55,1,1
BRDA:520,56,0,1
BRDA:520,56,1,0
BRDA:522,57,0,1
BRDA:522,57,1,0
BRDA:545,58,0,0
BRDA:545,58,1,0
BRDA:567,59,0,0
BRDA:567,59,1,1
BRDA:571,60,0,0
BRDA:571,60,1,0
BRDA:593,61,0,1
BRDA:593,61,1,0
BRDA:599,62,0,0
BRDA:599,62,1,0
BRDA:604,63,0,0
BRDA:604,63,1,0
BRDA:618,64,0,0
BRDA:618,64,1,0
BRDA:622,65,0,0
BRDA:622,65,1,0
BRF:136
BRH:44
end_of_record
TN:
SF:src\jobs\queues.ts
FN:8,(anonymous_1)
FN:28,(anonymous_2)
FN:38,(anonymous_3)
FN:86,(anonymous_4)
FN:133,(anonymous_5)
FN:137,(anonymous_6)
FNF:6
FNH:1
FNDA:0,(anonymous_1)
FNDA:0,(anonymous_2)
FNDA:0,(anonymous_3)
FNDA:0,(anonymous_4)
FNDA:8,(anonymous_5)
FNDA:0,(anonymous_6)
DA:1,4
DA:2,4
DA:3,4
DA:4,4
DA:5,4
DA:7,4
DA:8,4
DA:9,0
DA:10,0
DA:11,0
DA:13,0
DA:16,4
DA:19,4
DA:29,0
DA:30,0
DA:31,0
DA:32,0
DA:34,0
DA:38,4
DA:39,0
DA:40,0
DA:41,0
DA:44,0
DA:47,0
DA:48,0
DA:49,0
DA:50,0
DA:57,0
DA:61,4
DA:83,4
DA:84,4
DA:86,4
DA:87,0
DA:89,0
DA:90,0
DA:91,0
DA:94,0
DA:96,0
DA:97,0
DA:98,0
DA:99,0
DA:100,0
DA:101,0
DA:102,0
DA:103,0
DA:105,0
DA:106,0
DA:108,0
DA:109,0
DA:110,0
DA:112,0
DA:116,0
DA:118,0
DA:119,0
DA:120,0
DA:121,0
DA:122,0
DA:123,0
DA:124,0
DA:125,0
DA:127,0
DA:128,0
DA:133,4
DA:134,8
DA:137,4
DA:138,0
DA:139,0
DA:140,0
DA:141,0
DA:142,0
DA:143,0
DA:144,0
DA:145,0
DA:146,0
DA:148,0
LF:75
LH:17
BRDA:10,0,0,0
BRDA:10,0,1,0
BRDA:10,1,0,0
BRDA:10,1,1,0
BRDA:10,1,2,0
BRDA:16,2,0,4
BRDA:16,2,1,4
BRDA:25,3,0,0
BRDA:25,3,1,4
BRDA:25,4,0,4
BRDA:25,4,1,4
BRDA:31,5,0,0
BRDA:31,5,1,0
BRDA:31,6,0,0
BRDA:31,6,1,0
BRDA:31,6,2,0
BRDA:39,7,0,0
BRDA:39,7,1,0
BRDA:39,8,0,0
BRDA:39,8,1,0
BRDA:40,9,0,0
BRDA:40,9,1,0
BRDA:48,10,0,0
BRDA:48,10,1,0
BRDA:48,11,0,0
BRDA:48,11,1,0
BRDA:50,12,0,0
BRDA:50,12,1,0
BRDA:51,13,0,0
BRDA:51,13,1,0
BRDA:51,13,2,0
BRDA:87,14,0,0
BRDA:87,14,1,0
BRDA:109,15,0,0
BRDA:109,15,1,0
BRDA:134,16,0,8
BRDA:134,16,1,0
BRDA:134,16,2,0
BRDA:138,17,0,0
BRDA:138,17,1,0
BRDA:139,18,0,0
BRDA:139,18,1,0
BRDA:140,19,0,0
BRDA:140,19,1,0
BRDA:141,20,0,0
BRDA:141,20,1,0
BRDA:142,21,0,0
BRDA:142,21,1,0
BRDA:143,22,0,0
BRDA:143,22,1,0
BRDA:144,23,0,0
BRDA:144,23,1,0
BRDA:145,24,0,0
BRDA:145,24,1,0
BRDA:146,25,0,0
BRDA:146,25,1,0
BRF:56
BRH:6
end_of_record
TN:
SF:src\middleware\apiVersion.ts
FN:18,(anonymous_0)
FN:19,(anonymous_1)
FNF:2
FNH:2
FNDA:8,(anonymous_0)
FNDA:18,(anonymous_1)
DA:18,8
DA:19,8
DA:20,18
DA:21,18
LF:4
LH:4
BRF:0
BRH:0
end_of_record
TN:
SF:src\middleware\authMiddleware.ts
FN:45,(anonymous_1)
FN:48,(anonymous_2)
FN:77,(anonymous_3)
FN:80,(anonymous_4)
FN:94,(anonymous_5)
FN:102,(anonymous_6)
FN:129,(anonymous_7)
FN:158,(anonymous_8)
FN:164,(anonymous_9)
FN:165,(anonymous_10)
FN:239,(anonymous_11)
FN:259,(anonymous_12)
FN:264,(anonymous_13)
FN:265,(anonymous_14)
FN:305,(anonymous_15)
FN:355,(anonymous_16)
FN:375,(anonymous_17)
FN:394,(anonymous_18)
FN:415,(anonymous_19)
FN:416,(anonymous_20)
FNF:20
FNH:11
FNDA:7,(anonymous_1)
FNDA:7,(anonymous_2)
FNDA:4,(anonymous_3)
FNDA:4,(anonymous_4)
FNDA:4,(anonymous_5)
FNDA:4,(anonymous_6)
FNDA:7,(anonymous_7)
FNDA:7,(anonymous_8)
FNDA:7,(anonymous_9)
FNDA:0,(anonymous_10)
FNDA:0,(anonymous_11)
FNDA:0,(anonymous_12)
FNDA:0,(anonymous_13)
FNDA:0,(anonymous_14)
FNDA:0,(anonymous_15)
FNDA:0,(anonymous_16)
FNDA:0,(anonymous_17)
FNDA:0,(anonymous_18)
FNDA:4,(anonymous_19)
FNDA:5,(anonymous_20)
DA:2,7
DA:3,7
DA:4,7
DA:5,7
DA:6,7
DA:7,7
DA:8,7
DA:9,7
DA:10,7
DA:11,7
DA:12,7
DA:18,7
DA:38,7
DA:39,7
DA:40,0
DA:41,0
DA:42,0
DA:45,7
DA:46,7
DA:48,7
DA:50,7
DA:51,0
DA:54,7
DA:55,7
DA:57,7
DA:59,7
DA:60,7
DA:61,7
DA:65,7
DA:66,7
DA:68,0
DA:71,0
DA:77,7
DA:78,4
DA:79,4
DA:80,4
DA:81,4
DA:92,4
DA:94,4
DA:95,4
DA:102,7
DA:103,4
DA:105,4
DA:106,4
DA:107,0
DA:108,0
DA:111,4
DA:112,4
DA:113,0
DA:114,0
DA:117,4
DA:119,4
DA:121,4
DA:122,0
DA:129,7
DA:132,7
DA:133,7
DA:136,7
DA:138,0
DA:141,7
DA:142,0
DA:145,7
DA:146,0
DA:149,7
DA:150,7
DA:153,7
DA:154,7
DA:156,7
DA:158,7
DA:160,7
DA:164,7
DA:165,7
DA:168,7
DA:169,7
DA:171,0
DA:172,0
DA:174,0
DA:178,7
DA:180,7
DA:184,7
DA:185,0
DA:186,0
DA:189,7
DA:190,0
DA:191,0
DA:194,7
DA:199,0
DA:202,0
DA:205,7
DA:206,7
DA:207,7
DA:208,7
DA:211,7
DA:213,7
DA:215,0
DA:216,0
DA:218,0
DA:227,0
DA:230,0
DA:231,0
DA:234,0
DA:238,7
DA:241,0
DA:242,0
DA:244,0
DA:246,0
DA:248,0
DA:250,0
DA:251,0
DA:254,0
DA:255,0
DA:257,0
DA:259,0
DA:260,0
DA:264,0
DA:265,0
DA:268,0
DA:269,0
DA:272,0
DA:276,0
DA:278,0
DA:282,0
DA:283,0
DA:290,0
DA:291,0
DA:292,0
DA:293,0
DA:294,0
DA:300,0
DA:304,7
DA:306,0
DA:307,0
DA:308,0
DA:310,0
DA:311,0
DA:312,0
DA:314,0
DA:315,0
DA:318,0
DA:319,0
DA:322,0
DA:323,0
DA:324,0
DA:325,0
DA:326,0
DA:332,0
DA:333,0
DA:334,0
DA:335,0
DA:336,0
DA:337,0
DA:344,0
DA:345,0
DA:349,0
DA:350,0
DA:354,7
DA:356,0
DA:357,0
DA:358,0
DA:361,0
DA:362,0
DA:363,0
DA:364,0
DA:366,0
DA:369,0
DA:374,7
DA:376,0
DA:377,0
DA:380,0
DA:381,0
DA:383,0
DA:385,0
DA:386,0
DA:388,0
DA:393,7
DA:395,0
DA:396,0
DA:399,0
DA:400,0
DA:402,0
DA:403,0
DA:404,0
DA:405,0
DA:407,0
DA:415,7
DA:416,4
DA:417,5
DA:418,0
DA:421,5
DA:422,0
DA:426,5
DA:427,5
DA:429,4
DA:431,4
DA:432,4
DA:434,1
LF:196
LH:86
BRDA:39,0,0,0
BRDA:39,0,1,7
BRDA:41,1,0,0
BRDA:41,1,1,0
BRDA:45,2,0,7
BRDA:45,2,1,0
BRDA:50,3,0,0
BRDA:50,3,1,7
BRDA:50,4,0,7
BRDA:50,4,1,7
BRDA:71,5,0,0
BRDA:71,5,1,0
BRDA:79,6,0,4
BRDA:79,6,1,0
BRDA:103,7,0,0
BRDA:103,7,1,4
BRDA:106,8,0,0
BRDA:106,8,1,4
BRDA:112,9,0,0
BRDA:112,9,1,4
BRDA:121,10,0,0
BRDA:121,10,1,4
BRDA:132,11,0,7
BRDA:132,11,1,0
BRDA:132,12,0,7
BRDA:132,12,1,7
BRDA:136,13,0,0
BRDA:136,13,1,7
BRDA:141,14,0,0
BRDA:141,14,1,7
BRDA:145,15,0,0
BRDA:145,15,1,7
BRDA:156,16,0,7
BRDA:156,16,1,0
BRDA:171,17,0,0
BRDA:171,17,1,0
BRDA:178,18,0,7
BRDA:178,18,1,0
BRDA:184,19,0,0
BRDA:184,19,1,7
BRDA:184,20,0,7
BRDA:184,20,1,7
BRDA:189,21,0,0
BRDA:189,21,1,7
BRDA:194,22,0,0
BRDA:194,22,1,7
BRDA:195,23,0,7
BRDA:195,23,1,0
BRDA:195,23,2,0
BRDA:216,24,0,0
BRDA:216,24,1,0
BRDA:218,25,0,0
BRDA:218,25,1,0
BRDA:219,26,0,0
BRDA:219,26,1,0
BRDA:219,26,2,0
BRDA:219,26,3,0
BRDA:219,26,4,0
BRDA:219,26,5,0
BRDA:219,26,6,0
BRDA:230,27,0,0
BRDA:230,27,1,0
BRDA:241,28,0,0
BRDA:241,28,1,0
BRDA:241,29,0,0
BRDA:241,29,1,0
BRDA:244,30,0,0
BRDA:244,30,1,0
BRDA:246,31,0,0
BRDA:246,31,1,0
BRDA:248,32,0,0
BRDA:248,32,1,0
BRDA:257,33,0,0
BRDA:257,33,1,0
BRDA:276,34,0,0
BRDA:276,34,1,0
BRDA:282,35,0,0
BRDA:282,35,1,0
BRDA:282,36,0,0
BRDA:282,36,1,0
BRDA:282,36,2,0
BRDA:283,37,0,0
BRDA:283,37,1,0
BRDA:285,38,0,0
BRDA:285,38,1,0
BRDA:285,38,2,0
BRDA:307,39,0,0
BRDA:307,39,1,0
BRDA:307,39,2,0
BRDA:310,40,0,0
BRDA:310,40,1,0
BRDA:312,41,0,0
BRDA:312,41,1,0
BRDA:318,42,0,0
BRDA:318,42,1,0
BRDA:318,43,0,0
BRDA:318,43,1,0
BRDA:322,44,0,0
BRDA:322,44,1,0
BRDA:323,45,0,0
BRDA:323,45,1,0
BRDA:327,46,0,0
BRDA:327,46,1,0
BRDA:327,46,2,0
BRDA:332,47,0,0
BRDA:332,47,1,0
BRDA:335,48,0,0
BRDA:335,48,1,0
BRDA:335,49,0,0
BRDA:335,49,1,0
BRDA:335,49,2,0
BRDA:344,50,0,0
BRDA:344,50,1,0
BRDA:356,51,0,0
BRDA:356,51,1,0
BRDA:361,52,0,0
BRDA:361,52,1,0
BRDA:376,53,0,0
BRDA:376,53,1,0
BRDA:380,54,0,0
BRDA:380,54,1,0
BRDA:381,55,0,0
BRDA:381,55,1,0
BRDA:395,56,0,0
BRDA:395,56,1,0
BRDA:402,57,0,0
BRDA:402,57,1,0
BRDA:402,58,0,0
BRDA:402,58,1,0
BRDA:417,59,0,0
BRDA:417,59,1,5
BRDA:421,60,0,0
BRDA:421,60,1,5
BRDA:426,61,0,5
BRDA:426,61,1,1
BRDA:427,62,0,4
BRDA:427,62,1,1
BRDA:427,63,0,5
BRDA:427,63,1,1
BRF:139
BRH:32
end_of_record
TN:
SF:src\middleware\cacheHeaders.ts
FN:8,(anonymous_0)
FN:27,(anonymous_1)
FNF:2
FNH:2
FNDA:30,(anonymous_0)
FNDA:15,(anonymous_1)
DA:8,8
DA:10,30
DA:11,0
DA:15,30
DA:16,13
DA:17,13
DA:18,13
DA:19,13
DA:20,13
DA:24,17
DA:26,17
DA:27,17
DA:28,15
DA:31,10
DA:33,15
DA:37,17
LF:16
LH:15
BRDA:10,0,0,0
BRDA:10,0,1,30
BRDA:15,1,0,13
BRDA:15,1,1,17
BRDA:24,2,0,17
BRDA:24,2,1,0
BRDA:28,3,0,10
BRDA:28,3,1,5
BRF:8
BRH:6
end_of_record
TN:
SF:src\middleware\corsMiddleware.ts
FN:10,(anonymous_1)
FN:22,(anonymous_2)
FNF:2
FNH:1
FNDA:0,(anonymous_1)
FNDA:30,(anonymous_2)
DA:1,8
DA:3,8
DA:4,8
DA:7,8
DA:10,8
DA:11,0
DA:13,0
DA:18,0
DA:22,8
DA:24,30
DA:25,2
DA:28,28
DA:30,28
DA:31,28
DA:34,0
DA:37,0
DA:38,0
DA:39,0
DA:45,0
DA:48,8
LF:20
LH:12
BRDA:11,0,0,0
BRDA:11,0,1,0
BRDA:11,1,0,0
BRDA:11,1,1,0
BRDA:24,2,0,2
BRDA:24,2,1,28
BRDA:30,3,0,28
BRDA:30,3,1,0
BRDA:30,4,0,28
BRDA:30,4,1,11
BRDA:30,4,2,11
BRDA:37,5,0,0
BRDA:37,5,1,0
BRF:13
BRH:6
end_of_record
TN:
SF:src\middleware\csrfMiddleware.ts
FN:27,(anonymous_1)
FN:29,(anonymous_2)
FN:33,(anonymous_3)
FN:41,(anonymous_4)
FN:48,(anonymous_5)
FN:56,(anonymous_6)
FN:66,(anonymous_7)
FNF:7
FNH:5
FNDA:1,(anonymous_1)
FNDA:1,(anonymous_2)
FNDA:0,(anonymous_3)
FNDA:0,(anonymous_4)
FNDA:1,(anonymous_5)
FNDA:25,(anonymous_6)
FNDA:64,(anonymous_7)
DA:2,8
DA:3,8
DA:4,8
DA:5,8
DA:7,8
DA:8,8
DA:10,8
DA:13,8
DA:16,8
DA:27,8
DA:29,8
DA:30,1
DA:33,8
DA:34,0
DA:41,8
DA:42,0
DA:43,0
DA:44,0
DA:48,8
DA:49,1
DA:50,1
DA:51,1
DA:52,1
DA:56,8
DA:57,25
DA:58,17
DA:61,8
DA:62,0
DA:65,8
DA:66,64
DA:67,0
DA:70,8
DA:71,8
DA:73,8
DA:74,8
DA:75,3
DA:81,8
DA:82,6
DA:83,6
DA:85,6
DA:88,2
DA:89,0
DA:90,0
DA:91,0
DA:93,2
DA:97,4
DA:98,4
DA:102,4
DA:105,2
LF:49
LH:40
BRDA:50,0,0,0
BRDA:50,0,1,1
BRDA:50,1,0,1
BRDA:50,1,1,0
BRDA:57,2,0,17
BRDA:57,2,1,8
BRDA:61,3,0,0
BRDA:61,3,1,8
BRDA:65,4,0,8
BRDA:65,4,1,4
BRDA:66,5,0,0
BRDA:66,5,1,8
BRDA:70,6,0,8
BRDA:70,6,1,4
BRDA:71,7,0,8
BRDA:71,7,1,4
BRDA:74,8,0,3
BRDA:74,8,1,5
BRDA:74,9,0,8
BRDA:74,9,1,4
BRDA:74,9,2,4
BRDA:81,10,0,6
BRDA:81,10,1,2
BRDA:85,11,0,2
BRDA:85,11,1,4
BRDA:88,12,0,0
BRDA:88,12,1,2
BRDA:88,13,0,2
BRDA:88,13,1,0
BRF:29
BRH:23
end_of_record
TN:
SF:src\middleware\dbReadinessGuard.ts
FN:15,(anonymous_1)
FNF:1
FNH:1
FNDA:26,(anonymous_1)
DA:2,8
DA:3,8
DA:5,8
DA:15,8
DA:16,26
DA:18,26
DA:19,26
DA:22,0
DA:23,0
DA:27,0
DA:28,0
DA:30,0
DA:37,0
LF:13
LH:7
BRDA:16,0,0,26
BRDA:16,0,1,0
BRDA:16,0,2,0
BRDA:18,1,0,26
BRDA:18,1,1,0
BRDA:18,2,0,26
BRDA:18,2,1,0
BRDA:22,3,0,0
BRDA:22,3,1,0
BRDA:22,4,0,0
BRDA:22,4,1,0
BRDA:22,4,2,0
BRDA:27,5,0,0
BRDA:27,5,1,0
BRF:14
BRH:3
end_of_record
TN:
SF:src\middleware\enforceHttps.ts
FN:13,(anonymous_1)
FNF:1
FNH:1
FNDA:30,(anonymous_1)
DA:2,8
DA:13,8
DA:14,30
DA:15,30
DA:20,0
DA:21,0
DA:25,0
DA:29,0
DA:30,0
DA:31,0
DA:32,0
DA:35,0
LF:12
LH:4
BRDA:14,0,0,30
BRDA:14,0,1,0
BRDA:20,1,0,0
BRDA:20,1,1,0
BRDA:29,2,0,0
BRDA:29,2,1,0
BRDA:29,3,0,0
BRDA:29,3,1,0
BRF:8
BRH:1
end_of_record
TN:
SF:src\middleware\errorMiddleware.ts
FN:6,(anonymous_1)
FN:72,(anonymous_2)
FN:74,(anonymous_3)
FNF:3
FNH:1
FNDA:9,(anonymous_1)
FNDA:0,(anonymous_2)
FNDA:0,(anonymous_3)
DA:2,8
DA:3,8
DA:4,8
DA:6,8
DA:7,9
DA:8,9
DA:9,9
DA:12,9
DA:13,0
DA:14,0
DA:18,9
DA:19,0
DA:20,0
DA:21,0
DA:25,9
DA:34,0
DA:35,0
DA:39,9
DA:40,0
DA:41,0
DA:45,9
DA:50,0
DA:51,0
DA:55,9
DA:56,1
DA:57,1
DA:61,8
DA:62,0
DA:64,0
DA:65,0
DA:66,0
DA:70,8
DA:71,0
DA:72,0
DA:73,0
DA:74,0
DA:75,0
DA:76,0
DA:81,8
DA:82,0
DA:83,0
DA:87,8
DA:88,0
DA:89,0
DA:93,8
DA:98,0
DA:99,0
DA:103,9
DA:104,8
DA:105,8
DA:109,9
DA:110,9
DA:111,0
DA:115,9
DA:116,9
DA:120,0
DA:134,9
DA:135,0
DA:136,0
DA:137,0
DA:143,9
DA:144,9
DA:146,9
DA:154,9
DA:155,9
DA:158,9
DA:161,8
LF:67
LH:35
BRDA:7,0,0,9
BRDA:7,0,1,1
BRDA:8,1,0,9
BRDA:8,1,1,0
BRDA:9,2,0,9
BRDA:9,2,1,9
BRDA:12,3,0,0
BRDA:12,3,1,9
BRDA:12,4,0,9
BRDA:12,4,1,9
BRDA:18,5,0,0
BRDA:18,5,1,9
BRDA:20,6,0,0
BRDA:20,6,1,0
BRDA:20,7,0,0
BRDA:20,7,1,0
BRDA:25,8,0,0
BRDA:25,8,1,9
BRDA:26,9,0,9
BRDA:26,9,1,9
BRDA:26,9,2,9
BRDA:26,9,3,9
BRDA:26,9,4,9
BRDA:26,9,5,9
BRDA:26,9,6,9
BRDA:39,10,0,0
BRDA:39,10,1,9
BRDA:39,11,0,9
BRDA:39,11,1,0
BRDA:39,11,2,0
BRDA:45,12,0,0
BRDA:45,12,1,9
BRDA:46,13,0,9
BRDA:46,13,1,9
BRDA:46,13,2,9
BRDA:55,14,0,1
BRDA:55,14,1,8
BRDA:61,15,0,0
BRDA:61,15,1,8
BRDA:64,16,0,0
BRDA:64,16,1,0
BRDA:65,17,0,0
BRDA:65,17,1,0
BRDA:70,18,0,0
BRDA:70,18,1,8
BRDA:72,19,0,0
BRDA:72,19,1,0
BRDA:74,20,0,0
BRDA:74,20,1,0
BRDA:81,21,0,0
BRDA:81,21,1,8
BRDA:87,22,0,0
BRDA:87,22,1,8
BRDA:93,23,0,0
BRDA:93,23,1,8
BRDA:94,24,0,8
BRDA:94,24,1,8
BRDA:94,24,2,8
BRDA:103,25,0,8
BRDA:103,25,1,1
BRDA:110,26,0,0
BRDA:110,26,1,9
BRDA:110,27,0,9
BRDA:110,27,1,0
BRDA:110,27,2,0
BRDA:115,28,0,9
BRDA:115,28,1,0
BRDA:124,29,0,0
BRDA:124,29,1,0
BRDA:125,30,0,0
BRDA:125,30,1,0
BRDA:134,31,0,0
BRDA:134,31,1,9
BRDA:134,32,0,9
BRDA:134,32,1,0
BRDA:154,33,0,9
BRDA:154,33,1,0
BRF:77
BRH:41
end_of_record
TN:
SF:src\middleware\helmetMiddleware.ts
FN:14,(anonymous_1)
FN:54,(anonymous_2)
FNF:2
FNH:2
FNDA:30,(anonymous_1)
FNDA:30,(anonymous_2)
DA:1,8
DA:2,8
DA:14,8
DA:15,30
DA:16,30
DA:20,8
DA:54,8
DA:58,30
DA:59,30
DA:62,30
DA:63,30
DA:65,30
DA:69,8
LF:13
LH:13
BRDA:42,0,0,0
BRDA:42,0,1,8
BRF:2
BRH:1
end_of_record
TN:
SF:src\middleware\noCacheMiddleware.ts
FN:6,(anonymous_0)
FN:17,(anonymous_1)
FNF:2
FNH:2
FNDA:19,(anonymous_0)
FNDA:19,(anonymous_1)
DA:6,8
DA:7,19
DA:8,19
DA:9,19
DA:10,19
DA:17,8
DA:18,19
DA:19,19
LF:8
LH:8
BRF:0
BRH:0
end_of_record
TN:
SF:src\middleware\queryGuard.ts
FN:7,(anonymous_1)
FN:23,(anonymous_2)
FN:28,(anonymous_3)
FN:50,(anonymous_4)
FNF:4
FNH:3
FNDA:62,(anonymous_1)
FNDA:39,(anonymous_2)
FNDA:0,(anonymous_3)
FNDA:26,(anonymous_4)
DA:2,8
DA:7,8
DA:8,62
DA:9,28
DA:11,34
DA:12,34
DA:13,28
DA:14,28
DA:17,34
DA:23,8
DA:24,39
DA:25,13
DA:27,26
DA:28,0
DA:30,26
DA:31,13
DA:32,13
DA:33,0
DA:35,13
DA:36,0
DA:40,26
DA:50,8
DA:51,26
DA:54,26
DA:55,0
DA:58,0
DA:59,0
DA:62,26
DA:63,0
DA:66,0
DA:67,0
DA:72,26
DA:73,0
DA:76,0
DA:77,0
DA:80,26
LF:36
LH:24
BRDA:8,0,0,28
BRDA:8,0,1,34
BRDA:8,1,0,62
BRDA:8,1,1,62
BRDA:13,2,0,28
BRDA:13,2,1,0
BRDA:24,3,0,13
BRDA:24,3,1,26
BRDA:24,4,0,39
BRDA:24,4,1,39
BRDA:27,5,0,0
BRDA:27,5,1,26
BRDA:31,6,0,13
BRDA:31,6,1,0
BRDA:32,7,0,0
BRDA:32,7,1,13
BRDA:35,8,0,0
BRDA:35,8,1,13
BRDA:54,9,0,0
BRDA:54,9,1,26
BRDA:54,10,0,26
BRDA:54,10,1,8
BRDA:62,11,0,0
BRDA:62,11,1,26
BRDA:62,12,0,26
BRDA:62,12,1,26
BRDA:72,13,0,0
BRDA:72,13,1,26
BRDA:72,14,0,26
BRDA:72,14,1,26
BRF:30
BRH:22
end_of_record
TN:
SF:src\middleware\queryTimeout.ts
FN:22,(anonymous_1)
FN:23,(anonymous_2)
FN:26,(anonymous_3)
FN:30,(anonymous_4)
FN:50,(anonymous_5)
FN:51,(anonymous_6)
FNF:6
FNH:5
FNDA:8,(anonymous_1)
FNDA:25,(anonymous_2)
FNDA:125,(anonymous_3)
FNDA:0,(anonymous_4)
FNDA:25,(anonymous_5)
FNDA:25,(anonymous_6)
DA:2,8
DA:14,8
DA:22,8
DA:23,8
DA:25,25
DA:26,125
DA:27,0
DA:30,25
DA:31,0
DA:32,0
DA:39,0
DA:47,25
DA:50,25
DA:51,25
DA:53,25
LF:15
LH:11
BRDA:22,0,0,0
BRDA:25,1,0,25
BRDA:25,1,1,0
BRDA:25,1,2,0
BRDA:26,2,0,0
BRDA:26,2,1,25
BRDA:31,3,0,0
BRDA:31,3,1,0
BRDA:47,4,0,25
BRDA:47,4,1,0
BRF:10
BRH:3
end_of_record
TN:
SF:src\middleware\rateLimiter.ts
FN:8,(anonymous_10)
FN:29,(anonymous_11)
FN:44,(anonymous_12)
FN:49,(anonymous_13)
FN:86,(anonymous_14)
FN:105,(anonymous_15)
FNF:6
FNH:5
FNDA:54,(anonymous_10)
FNDA:6,(anonymous_11)
FNDA:96,(anonymous_12)
FNDA:2,(anonymous_13)
FNDA:54,(anonymous_14)
FNDA:0,(anonymous_15)
DA:2,8
DA:3,8
DA:4,8
DA:5,8
DA:8,8
DA:9,54
DA:11,46
DA:12,0
DA:13,0
DA:14,0
DA:18,46
DA:19,46
DA:29,8
DA:30,6
DA:31,6
DA:32,0
DA:35,6
DA:36,6
DA:37,0
DA:40,6
DA:44,8
DA:49,96
DA:51,2
DA:60,2
DA:61,2
DA:63,2
DA:69,96
DA:78,96
DA:79,12
DA:82,96
DA:83,96
DA:84,96
DA:86,96
DA:87,54
DA:88,52
DA:92,2
DA:93,0
DA:94,0
DA:97,0
DA:100,0
DA:101,0
DA:105,0
DA:109,0
DA:112,2
DA:113,0
DA:114,0
DA:115,0
DA:118,0
DA:121,0
DA:122,0
DA:125,0
DA:131,2
DA:140,8
DA:151,8
DA:162,8
DA:169,8
DA:177,8
DA:184,8
DA:191,8
DA:202,8
DA:214,8
DA:222,8
DA:230,8
DA:238,8
LF:64
LH:45
BRDA:9,0,0,8
BRDA:9,0,1,46
BRDA:11,1,0,0
BRDA:11,1,1,46
BRDA:12,2,0,0
BRDA:12,2,1,0
BRDA:12,2,2,0
BRDA:13,3,0,0
BRDA:13,3,1,0
BRDA:13,4,0,0
BRDA:13,4,1,0
BRDA:13,4,2,0
BRDA:18,5,0,46
BRDA:18,5,1,0
BRDA:18,5,2,0
BRDA:20,6,0,46
BRDA:20,6,1,46
BRDA:20,6,2,46
BRDA:20,6,3,44
BRDA:20,6,4,44
BRDA:31,7,0,0
BRDA:31,7,1,6
BRDA:35,8,0,6
BRDA:35,8,1,0
BRDA:36,9,0,0
BRDA:36,9,1,6
BRDA:47,10,0,64
BRDA:56,11,0,2
BRDA:56,11,1,0
BRDA:60,12,0,2
BRDA:60,12,1,0
BRDA:63,13,0,2
BRDA:63,13,1,0
BRDA:65,14,0,2
BRDA:65,14,1,0
BRDA:78,15,0,12
BRDA:78,15,1,84
BRDA:87,16,0,52
BRDA:87,16,1,2
BRDA:92,17,0,0
BRDA:92,17,1,2
BRDA:92,18,0,2
BRDA:92,18,1,0
BRDA:93,19,0,0
BRDA:93,19,1,0
BRDA:100,20,0,0
BRDA:100,20,1,0
BRDA:112,21,0,0
BRDA:112,21,1,2
BRDA:113,22,0,0
BRDA:113,22,1,0
BRDA:114,23,0,0
BRDA:114,23,1,0
BRDA:121,24,0,0
BRDA:121,24,1,0
BRF:55
BRH:24
end_of_record
TN:
SF:src\middleware\requestLogger.ts
FN:12,(anonymous_1)
FN:14,(anonymous_2)
FN:24,(anonymous_3)
FN:37,(anonymous_4)
FNF:4
FNH:4
FNDA:26,(anonymous_1)
FNDA:96,(anonymous_2)
FNDA:26,(anonymous_3)
FNDA:26,(anonymous_4)
DA:2,8
DA:3,8
DA:5,8
DA:12,8
DA:13,26
DA:14,96
DA:18,8
DA:24,8
DA:25,26
DA:26,26
DA:27,26
DA:29,26
DA:30,19
DA:37,26
DA:38,26
DA:39,26
DA:40,26
DA:41,26
DA:48,26
DA:50,26
DA:51,1
DA:52,25
DA:53,12
DA:54,13
DA:55,9
DA:56,4
DA:57,0
DA:61,26
LF:28
LH:27
BRDA:14,0,0,26
BRDA:14,0,1,26
BRDA:14,1,0,96
BRDA:14,1,1,89
BRDA:18,2,0,8
BRDA:18,2,1,8
BRDA:26,3,0,26
BRDA:26,3,1,0
BRDA:29,4,0,19
BRDA:29,4,1,7
BRDA:29,5,0,26
BRDA:29,5,1,19
BRDA:32,6,0,19
BRDA:32,6,1,0
BRDA:33,7,0,8
BRDA:33,7,1,11
BRDA:46,8,0,26
BRDA:46,8,1,6
BRDA:50,9,0,1
BRDA:50,9,1,25
BRDA:52,10,0,12
BRDA:52,10,1,13
BRDA:54,11,0,9
BRDA:54,11,1,4
BRDA:54,12,0,13
BRDA:54,12,1,9
BRDA:56,13,0,0
BRDA:56,13,1,4
BRDA:56,14,0,4
BRDA:56,14,1,0
BRDA:56,15,0,0
BRDA:56,15,1,0
BRF:32
BRH:26
end_of_record
TN:
SF:src\middleware\requestTracker.ts
FN:23,(anonymous_1)
FN:45,(anonymous_2)
FN:53,(anonymous_3)
FNF:3
FNH:3
FNDA:30,(anonymous_1)
FNDA:30,(anonymous_2)
FNDA:7,(anonymous_3)
DA:1,35
DA:3,35
DA:4,35
DA:6,35
DA:17,35
DA:23,35
DA:24,30
DA:25,30
DA:27,30
DA:34,30
DA:35,8
DA:36,8
DA:37,8
DA:45,30
DA:46,30
DA:53,35
DA:54,7
DA:55,7
DA:56,7
LF:19
LH:19
BRDA:24,0,0,30
BRDA:24,0,1,30
BRDA:29,1,0,30
BRDA:29,1,1,0
BRDA:31,2,0,30
BRDA:31,2,1,0
BRDA:34,3,0,8
BRDA:34,3,1,22
BRDA:38,4,0,8
BRDA:38,4,1,0
BRDA:41,5,0,8
BRDA:41,5,1,8
BRDA:55,6,0,7
BRDA:55,6,1,0
BRF:14
BRH:10
end_of_record
TN:
SF:src\middleware\upload.ts
FN:62,(anonymous_1)
FN:66,(anonymous_2)
FN:145,(anonymous_3)
FN:145,(anonymous_4)
FN:169,(anonymous_5)
FN:172,(anonymous_6)
FN:206,(anonymous_7)
FN:220,(anonymous_8)
FN:225,(anonymous_9)
FN:231,(anonymous_10)
FN:247,(anonymous_11)
FN:265,(anonymous_12)
FN:282,(anonymous_13)
FN:289,(anonymous_14)
FN:336,(anonymous_15)
FN:351,(anonymous_16)
FN:356,(anonymous_17)
FN:390,(anonymous_18)
FN:503,(anonymous_19)
FN:510,(anonymous_20)
FN:517,(anonymous_21)
FN:524,(anonymous_22)
FNF:22
FNH:13
FNDA:0,(anonymous_1)
FNDA:8,(anonymous_2)
FNDA:4,(anonymous_3)
FNDA:5,(anonymous_4)
FNDA:5,(anonymous_5)
FNDA:5,(anonymous_6)
FNDA:1,(anonymous_7)
FNDA:0,(anonymous_8)
FNDA:0,(anonymous_9)
FNDA:0,(anonymous_10)
FNDA:0,(anonymous_11)
FNDA:0,(anonymous_12)
FNDA:0,(anonymous_13)
FNDA:0,(anonymous_14)
FNDA:1,(anonymous_15)
FNDA:5,(anonymous_16)
FNDA:1,(anonymous_17)
FNDA:1,(anonymous_18)
FNDA:2,(anonymous_19)
FNDA:2,(anonymous_20)
FNDA:1,(anonymous_21)
FNDA:0,(anonymous_22)
DA:1,2
DA:3,2
DA:5,2
DA:6,2
DA:7,2
DA:8,2
DA:9,2
DA:17,2
DA:36,2
DA:55,2
DA:56,2
DA:62,2
DA:63,0
DA:66,2
DA:67,8
DA:68,6
DA:71,6
DA:72,1
DA:75,5
DA:76,1
DA:79,4
DA:80,0
DA:83,4
DA:84,0
DA:87,4
DA:88,0
DA:91,4
DA:92,0
DA:95,4
DA:96,0
DA:99,4
DA:100,1
DA:103,3
DA:104,1
DA:105,1
DA:106,1
DA:110,2
DA:111,2
DA:112,0
DA:113,0
DA:114,0
DA:116,0
DA:125,0
DA:126,0
DA:128,0
DA:137,0
DA:138,0
DA:141,2
DA:145,4
DA:146,5
DA:147,5
DA:148,5
DA:150,5
DA:153,5
DA:154,5
DA:156,0
DA:165,2
DA:166,2
DA:168,2
DA:170,5
DA:173,5
DA:174,5
DA:178,2
DA:185,2
DA:191,2
DA:197,2
DA:206,2
DA:207,1
DA:208,1
DA:209,1
DA:210,1
DA:211,1
DA:213,1
DA:220,2
DA:225,0
DA:227,0
DA:228,0
DA:229,0
DA:231,0
DA:232,0
DA:235,0
DA:241,0
DA:242,0
DA:243,0
DA:246,0
DA:247,0
DA:248,0
DA:249,0
DA:250,0
DA:251,0
DA:253,0
DA:259,2
DA:260,2
DA:265,2
DA:273,0
DA:274,0
DA:275,0
DA:277,0
DA:278,0
DA:281,0
DA:282,0
DA:286,0
DA:289,2
DA:290,0
DA:291,0
DA:292,0
DA:293,0
DA:300,0
DA:301,0
DA:302,0
DA:303,0
DA:305,0
DA:306,0
DA:307,0
DA:315,0
DA:316,0
DA:319,0
DA:320,0
DA:322,0
DA:323,0
DA:324,0
DA:326,0
DA:327,0
DA:329,0
DA:336,2
DA:337,1
DA:338,1
DA:339,1
DA:340,1
DA:351,2
DA:356,5
DA:357,1
DA:360,1
DA:361,1
DA:362,1
DA:363,0
DA:370,1
DA:372,1
DA:373,1
DA:374,1
DA:375,1
DA:376,0
DA:378,1
DA:381,1
DA:382,1
DA:383,0
DA:390,1
DA:391,1
DA:392,1
DA:393,0
DA:396,1
DA:397,1
DA:398,1
DA:399,0
DA:402,1
DA:403,1
DA:405,1
DA:406,1
DA:413,0
DA:414,0
DA:421,0
DA:422,0
DA:424,0
DA:426,0
DA:436,0
DA:438,0
DA:439,0
DA:440,0
DA:442,0
DA:444,0
DA:445,0
DA:448,0
DA:449,0
DA:451,0
DA:452,0
DA:459,0
DA:460,0
DA:467,0
DA:468,0
DA:470,0
DA:472,0
DA:482,0
DA:484,0
DA:485,0
DA:486,0
DA:488,0
DA:490,1
DA:492,1
DA:493,1
DA:494,0
DA:496,1
DA:502,2
DA:503,2
DA:509,2
DA:510,2
DA:516,2
DA:517,1
DA:523,2
DA:524,0
DA:531,2
LF:200
LH:103
BRDA:67,0,0,2
BRDA:67,0,1,6
BRDA:71,1,0,1
BRDA:71,1,1,5
BRDA:75,2,0,1
BRDA:75,2,1,4
BRDA:79,3,0,0
BRDA:79,3,1,4
BRDA:83,4,0,0
BRDA:83,4,1,4
BRDA:87,5,0,0
BRDA:87,5,1,4
BRDA:87,6,0,4
BRDA:87,6,1,4
BRDA:91,7,0,0
BRDA:91,7,1,4
BRDA:95,8,0,0
BRDA:95,8,1,4
BRDA:99,9,0,1
BRDA:99,9,1,3
BRDA:103,10,0,1
BRDA:103,10,1,2
BRDA:105,11,0,1
BRDA:105,11,1,0
BRDA:111,12,0,0
BRDA:111,12,1,2
BRDA:113,13,0,0
BRDA:113,13,1,0
BRDA:113,14,0,0
BRDA:113,14,1,0
BRDA:125,15,0,0
BRDA:125,15,1,0
BRDA:137,16,0,0
BRDA:137,16,1,0
BRDA:137,17,0,0
BRDA:137,17,1,0
BRDA:147,18,0,5
BRDA:147,18,1,5
BRDA:148,19,0,5
BRDA:148,19,1,5
BRDA:148,19,2,5
BRDA:150,20,0,5
BRDA:150,20,1,5
BRDA:150,20,2,5
BRDA:150,20,3,0
BRDA:153,21,0,5
BRDA:153,21,1,0
BRDA:153,22,0,5
BRDA:153,22,1,5
BRDA:238,23,0,0
BRDA:238,23,1,0
BRDA:241,24,0,0
BRDA:241,24,1,0
BRDA:248,25,0,0
BRDA:248,25,1,0
BRDA:250,26,0,0
BRDA:250,26,1,0
BRDA:269,27,0,0
BRDA:270,28,0,0
BRDA:281,29,0,0
BRDA:281,29,1,0
BRDA:286,30,0,0
BRDA:286,30,1,0
BRDA:290,31,0,0
BRDA:290,31,1,0
BRDA:293,32,0,0
BRDA:293,32,1,0
BRDA:294,33,0,0
BRDA:294,33,1,0
BRDA:294,33,2,0
BRDA:294,33,3,0
BRDA:294,33,4,0
BRDA:306,34,0,0
BRDA:306,34,1,0
BRDA:306,35,0,0
BRDA:306,35,1,0
BRDA:306,35,2,0
BRDA:306,35,3,0
BRDA:325,36,0,0
BRDA:325,36,1,0
BRDA:338,37,0,1
BRDA:338,37,1,0
BRDA:354,38,0,0
BRDA:360,39,0,1
BRDA:360,39,1,1
BRDA:360,39,2,0
BRDA:361,40,0,1
BRDA:361,40,1,1
BRDA:362,41,0,0
BRDA:362,41,1,1
BRDA:373,42,0,1
BRDA:373,42,1,0
BRDA:375,43,0,0
BRDA:375,43,1,1
BRDA:375,44,0,1
BRDA:375,44,1,1
BRDA:382,45,0,0
BRDA:382,45,1,1
BRDA:392,46,0,0
BRDA:392,46,1,1
BRDA:398,47,0,0
BRDA:398,47,1,1
BRDA:405,48,0,1
BRDA:405,48,1,0
BRDA:413,49,0,0
BRDA:413,49,1,0
BRDA:413,50,0,0
BRDA:413,50,1,0
BRDA:427,51,0,0
BRDA:427,51,1,0
BRDA:428,52,0,0
BRDA:428,52,1,0
BRDA:429,53,0,0
BRDA:429,53,1,0
BRDA:439,54,0,0
BRDA:439,54,1,0
BRDA:444,55,0,0
BRDA:444,55,1,0
BRDA:451,56,0,0
BRDA:451,56,1,0
BRDA:459,57,0,0
BRDA:459,57,1,0
BRDA:459,58,0,0
BRDA:459,58,1,0
BRDA:473,59,0,0
BRDA:473,59,1,0
BRDA:474,60,0,0
BRDA:474,60,1,0
BRDA:475,61,0,0
BRDA:475,61,1,0
BRDA:484,62,0,0
BRDA:484,62,1,0
BRDA:485,63,0,0
BRDA:485,63,1,0
BRDA:492,64,0,1
BRDA:492,64,1,0
BRDA:493,65,0,1
BRDA:493,65,1,0
BRF:138
BRH:46
end_of_record
TN:
SF:src\middleware\zodValidationMiddleware.ts
FN:9,(anonymous_1)
FN:10,(anonymous_2)
FN:23,(anonymous_3)
FNF:3
FNH:2
FNDA:7,(anonymous_1)
FNDA:4,(anonymous_2)
FNDA:0,(anonymous_3)
DA:2,1
DA:3,1
DA:9,1
DA:10,7
DA:11,4
DA:13,4
DA:18,4
DA:20,0
DA:22,0
DA:23,0
DA:24,0
DA:25,0
DA:28,0
DA:30,0
DA:35,0
DA:43,0
LF:16
LH:7
BRDA:20,0,0,0
BRDA:20,0,1,0
BRDA:22,1,0,0
BRDA:22,1,1,0
BRDA:22,1,2,0
BRDA:37,2,0,0
BRDA:37,2,1,0
BRF:7
BRH:0
end_of_record
TN:
SF:src\models\AdminAuditLog.ts
FNF:0
FNH:0
DA:1,8
DA:22,8
DA:43,8
DA:44,8
DA:45,8
DA:49,8
DA:50,8
LF:7
LH:7
BRF:0
BRH:0
end_of_record
TN:
SF:src\models\AdminNotification.ts
FNF:0
FNH:0
DA:1,2
DA:14,2
DA:42,2
DA:43,2
DA:46,2
DA:48,2
LF:6
LH:6
BRF:0
BRH:0
end_of_record
TN:
SF:src\models\ConsentPreference.ts
FNF:0
FNH:0
DA:1,2
DA:16,2
DA:30,2
DA:31,2
DA:33,2
DA:35,2
LF:6
LH:6
BRF:0
BRH:0
end_of_record
TN:
SF:src\models\ContentSection.ts
FNF:0
FNH:0
DA:1,7
DA:16,7
DA:36,7
DA:38,7
DA:39,7
LF:5
LH:5
BRF:0
BRH:0
end_of_record
TN:
SF:src\models\Coupon.ts
FNF:0
FNH:0
DA:1,1
DA:29,1
DA:63,1
DA:64,1
DA:65,1
DA:66,1
DA:68,1
DA:70,1
LF:8
LH:8
BRF:0
BRH:0
end_of_record
TN:
SF:src\models\EmailCampaign.ts
FNF:0
FNH:0
DA:1,2
DA:25,2
DA:56,2
DA:57,2
DA:58,2
DA:60,2
DA:62,2
LF:7
LH:7
BRF:0
BRH:0
end_of_record
TN:
SF:src\models\EmailTemplate.ts
FNF:0
FNH:0
DA:1,2
DA:14,2
DA:30,2
DA:31,2
DA:33,2
DA:35,2
LF:6
LH:6
BRF:0
BRH:0
end_of_record
TN:
SF:src\models\Event.ts
FN:77,(anonymous_10)
FNF:1
FNH:0
FNDA:0,(anonymous_10)
DA:1,4
DA:3,4
DA:30,4
DA:58,4
DA:65,4
DA:66,4
DA:69,4
DA:70,4
DA:71,4
DA:72,4
DA:73,4
DA:75,4
DA:77,4
DA:78,0
DA:81,4
DA:83,4
DA:84,4
LF:17
LH:16
BRF:0
BRH:0
end_of_record
TN:
SF:src\models\EventBooking.ts
FN:273,(anonymous_9)
FNF:1
FNH:0
FNDA:0,(anonymous_9)
DA:1,8
DA:126,8
DA:134,8
DA:139,8
DA:147,8
DA:153,8
DA:160,8
DA:248,8
DA:249,8
DA:250,8
DA:251,8
DA:254,8
DA:273,8
DA:274,0
DA:275,0
DA:276,0
DA:277,0
DA:280,0
DA:281,0
DA:282,0
DA:284,0
DA:290,8
DA:291,8
DA:292,8
DA:293,8
DA:294,8
DA:296,8
DA:297,8
LF:28
LH:20
BRDA:275,0,0,0
BRDA:275,0,1,0
BRDA:275,1,0,0
BRDA:275,1,1,0
BRDA:276,2,0,0
BRDA:276,2,1,0
BRDA:280,3,0,0
BRDA:280,3,1,0
BRDA:280,4,0,0
BRDA:280,4,1,0
BRDA:281,5,0,0
BRDA:281,5,1,0
BRDA:281,6,0,0
BRDA:281,6,1,0
BRF:14
BRH:0
end_of_record
TN:
SF:src\models\FailedEmailJob.ts
FNF:0
FNH:0
DA:1,1
DA:14,1
DA:26,1
DA:28,1
DA:29,1
LF:5
LH:5
BRF:0
BRH:0
end_of_record
TN:
SF:src\models\FailedLoginAttempt.ts
FNF:0
FNH:0
DA:1,4
DA:10,4
DA:21,4
DA:23,4
DA:24,4
LF:5
LH:5
BRF:0
BRH:0
end_of_record
TN:
SF:src\models\Gallery.ts
FN:84,(anonymous_10)
FNF:1
FNH:0
FNDA:0,(anonymous_10)
DA:1,2
DA:3,2
DA:30,2
DA:58,2
DA:72,2
DA:73,2
DA:74,2
DA:77,2
DA:78,2
DA:79,2
DA:80,2
DA:82,2
DA:84,2
DA:85,0
DA:88,2
DA:90,2
DA:91,2
LF:17
LH:16
BRF:0
BRH:0
end_of_record
TN:
SF:src\models\InventoryLog.ts
FNF:0
FNH:0
DA:1,6
DA:34,6
DA:64,6
DA:65,6
DA:66,6
DA:68,6
DA:69,6
LF:7
LH:7
BRF:0
BRH:0
end_of_record
TN:
SF:src\models\InventoryReservation.ts
FNF:0
FNH:0
DA:1,6
DA:13,6
DA:33,6
DA:40,6
DA:41,6
DA:42,6
DA:44,6
DA:48,6
LF:8
LH:8
BRF:0
BRH:0
end_of_record
TN:
SF:src\models\NotificationLog.ts
FNF:0
FNH:0
DA:1,2
DA:25,2
DA:62,2
DA:63,2
DA:64,2
DA:65,2
DA:68,2
DA:69,2
DA:72,2
DA:74,2
DA:76,2
LF:11
LH:11
BRF:0
BRH:0
end_of_record
TN:
SF:src\models\Order.ts
FN:123,(anonymous_9)
FNF:1
FNH:1
FNDA:3,(anonymous_9)
DA:1,11
DA:107,11
DA:123,3
DA:228,11
DA:229,11
DA:230,11
DA:231,11
DA:232,11
DA:233,11
DA:234,11
DA:235,11
DA:238,11
DA:239,11
DA:241,11
DA:242,11
DA:244,11
DA:245,11
LF:17
LH:17
BRF:0
BRH:0
end_of_record
TN:
SF:src\models\OtpRequestLog.ts
FNF:0
FNH:0
DA:1,2
DA:10,2
DA:20,2
DA:23,2
DA:24,2
DA:26,2
DA:28,2
LF:7
LH:7
BRF:0
BRH:0
end_of_record
TN:
SF:src\models\OtpVerification.ts
FNF:0
FNH:0
DA:1,3
DA:3,3
DA:17,3
DA:31,3
DA:34,3
DA:35,3
DA:37,3
DA:39,3
LF:8
LH:8
BRF:0
BRH:0
end_of_record
TN:
SF:src\models\OutboxEvent.ts
FNF:0
FNH:0
DA:1,6
DA:15,6
DA:32,6
DA:33,6
DA:35,6
DA:36,6
LF:6
LH:6
BRF:0
BRH:0
end_of_record
TN:
SF:src\models\PasswordResetToken.ts
FNF:0
FNH:0
DA:1,2
DA:10,2
DA:20,2
DA:22,2
DA:23,2
LF:5
LH:5
BRF:0
BRH:0
end_of_record
TN:
SF:src\models\PaymentAudit.ts
FNF:0
FNH:0
DA:1,3
DA:20,3
DA:39,3
DA:41,3
LF:4
LH:4
BRF:0
BRH:0
end_of_record
TN:
SF:src\models\PaymentWebhookEvent.ts
FNF:0
FNH:0
DA:1,4
DA:15,4
DA:34,4
DA:35,4
DA:36,4
DA:39,4
DA:44,4
LF:7
LH:7
BRF:0
BRH:0
end_of_record
TN:
SF:src\models\Product.ts
FN:152,(anonymous_10)
FNF:1
FNH:1
FNDA:1,(anonymous_10)
DA:1,7
DA:3,7
DA:62,7
DA:127,7
DA:134,7
DA:135,7
DA:136,7
DA:139,7
DA:140,7
DA:141,7
DA:142,7
DA:143,7
DA:146,7
DA:147,7
DA:150,7
DA:152,7
DA:153,1
DA:156,7
DA:158,7
DA:159,7
LF:20
LH:20
BRF:0
BRH:0
end_of_record
TN:
SF:src\models\RefreshToken.ts
FNF:0
FNH:0
DA:1,5
DA:11,5
DA:22,5
DA:25,5
DA:27,5
DA:28,5
LF:6
LH:6
BRF:0
BRH:0
end_of_record
TN:
SF:src\models\RefundRecord.ts
FNF:0
FNH:0
DA:1,3
DA:19,3
DA:40,3
DA:41,3
DA:42,3
DA:43,3
DA:45,3
LF:7
LH:7
BRDA:45,0,0,3
BRDA:45,0,1,3
BRF:2
BRH:2
end_of_record
TN:
SF:src\models\RentalDayBlock.ts
FNF:0
FNH:0
DA:1,1
DA:19,1
DA:31,1
DA:32,1
DA:34,1
DA:35,1
LF:6
LH:6
BRF:0
BRH:0
end_of_record
TN:
SF:src\models\RentalOrder.ts
FN:202,(anonymous_10)
FNF:1
FNH:0
FNDA:0,(anonymous_10)
DA:1,8
DA:2,8
DA:94,8
DA:202,8
DA:203,0
DA:204,0
DA:205,0
DA:206,0
DA:210,8
DA:211,8
LF:10
LH:6
BRDA:204,0,0,0
BRDA:204,0,1,0
BRF:2
BRH:0
end_of_record
TN:
SF:src\models\TrendingSnapshot.ts
FNF:0
FNH:0
DA:1,1
DA:22,1
DA:35,1
DA:57,1
DA:60,1
DA:62,1
DA:66,1
LF:7
LH:7
BRF:0
BRH:0
end_of_record
TN:
SF:src\models\UsedRefreshToken.ts
FNF:0
FNH:0
DA:1,5
DA:10,5
DA:21,5
DA:23,5
DA:24,5
LF:5
LH:5
BRF:0
BRH:0
end_of_record
TN:
SF:src\models\User.ts
FN:104,(anonymous_10)
FN:119,(anonymous_11)
FN:128,(anonymous_12)
FN:146,(anonymous_13)
FN:150,(anonymous_14)
FN:186,purgeUserSessions
FN:199,(anonymous_16)
FNF:7
FNH:4
FNDA:7,(anonymous_10)
FNDA:7,(anonymous_11)
FNDA:7,(anonymous_12)
FNDA:0,(anonymous_13)
FNDA:0,(anonymous_14)
FNDA:0,purgeUserSessions
FNDA:7,(anonymous_16)
DA:1,15
DA:2,15
DA:3,15
DA:69,15
DA:104,7
DA:119,7
DA:128,7
DA:147,0
DA:148,0
DA:151,0
DA:152,0
DA:176,15
DA:177,15
DA:178,15
DA:179,15
DA:180,15
DA:183,15
DA:187,0
DA:188,0
DA:189,0
DA:190,0
DA:199,15
DA:200,7
DA:201,0
DA:205,15
DA:207,15
DA:209,15
LF:27
LH:18
BRDA:147,0,0,0
BRDA:147,0,1,0
BRDA:151,1,0,0
BRDA:151,1,1,0
BRDA:200,2,0,0
BRDA:200,2,1,7
BRDA:200,3,0,7
BRDA:200,3,1,0
BRF:8
BRH:2
end_of_record
TN:
SF:src\models\UserInteraction.ts
FNF:0
FNH:0
DA:1,1
DA:44,1
DA:85,1
DA:86,1
DA:87,1
DA:88,1
DA:89,1
DA:92,1
DA:94,1
DA:95,1
LF:10
LH:10
BRF:0
BRH:0
end_of_record
TN:
SF:src\models\WalletTransaction.ts
FNF:0
FNH:0
DA:1,1
DA:16,1
DA:48,1
DA:49,1
DA:50,1
DA:51,1
DA:54,1
DA:56,1
DA:58,1
LF:9
LH:9
BRF:0
BRH:0
end_of_record
TN:
SF:src\routes\adminInviteRoutes.ts
FNF:0
FNH:0
DA:1,1
DA:2,1
DA:10,1
DA:11,1
DA:13,1
DA:16,1
DA:17,1
DA:18,1
DA:19,1
DA:22,1
DA:23,1
DA:25,1
LF:12
LH:12
BRF:0
BRH:0
end_of_record
TN:
SF:src\routes\adminSystemRoutes.ts
FNF:0
FNH:0
DA:1,1
DA:2,1
DA:11,1
DA:19,1
DA:20,1
DA:22,1
DA:26,1
DA:27,1
DA:28,1
DA:29,1
DA:30,1
DA:31,1
DA:32,1
DA:35,1
DA:36,1
DA:37,1
DA:38,1
DA:41,1
DA:42,1
DA:44,1
LF:20
LH:20
BRF:0
BRH:0
end_of_record
TN:
SF:src\routes\healthRoutes.ts
FNF:0
FNH:0
DA:1,8
DA:2,8
DA:3,8
DA:5,8
DA:8,8
DA:9,8
DA:12,8
DA:15,8
DA:17,8
LF:9
LH:9
BRF:0
BRH:0
end_of_record
TN:
SF:src\routes\mediaRoutes.ts
FNF:0
FNH:0
DA:1,1
DA:2,1
DA:4,1
DA:10,1
DA:12,1
LF:5
LH:5
BRF:0
BRH:0
end_of_record
TN:
SF:src\routes\metricsRoutes.ts
FN:6,(anonymous_0)
FNF:1
FNH:0
FNDA:0,(anonymous_0)
DA:1,8
DA:2,8
DA:4,8
DA:6,8
DA:8,0
DA:9,0
DA:10,0
DA:11,0
DA:14,0
DA:15,0
DA:16,0
DA:18,0
DA:22,8
LF:13
LH:5
BRDA:9,0,0,0
BRDA:9,0,1,0
BRDA:9,1,0,0
BRDA:9,1,1,0
BRF:4
BRH:0
end_of_record
TN:
SF:src\routes\recommendationRoutes.ts
FNF:0
FNH:0
DA:1,1
DA:2,1
DA:11,1
DA:12,1
DA:13,1
DA:14,1
DA:15,1
DA:16,1
DA:18,1
DA:21,1
DA:24,1
DA:25,1
DA:26,1
DA:27,1
DA:28,1
DA:29,1
DA:32,1
DA:34,1
DA:36,1
LF:19
LH:19
BRF:0
BRH:0
end_of_record
TN:
SF:src\routes\registerApiRoutes.ts
FN:9,(anonymous_1)
FN:11,(anonymous_2)
FN:32,(anonymous_3)
FNF:3
FNH:3
FNDA:264,(anonymous_1)
FNDA:25,(anonymous_2)
FNDA:8,(anonymous_3)
DA:1,8
DA:2,8
DA:3,8
DA:9,8
DA:10,264
DA:11,264
DA:12,25
DA:13,25
DA:14,5
DA:15,5
DA:17,25
DA:18,25
DA:20,0
DA:23,0
DA:32,8
DA:37,8
DA:38,8
DA:40,8
DA:41,8
DA:42,8
DA:43,8
DA:44,8
DA:45,8
DA:46,8
DA:47,8
DA:48,8
DA:49,8
DA:50,8
DA:51,8
DA:52,8
DA:53,8
DA:54,8
DA:55,8
DA:56,8
DA:57,8
DA:58,8
DA:59,8
DA:60,8
DA:61,8
DA:62,8
DA:68,8
DA:71,8
DA:74,8
DA:75,8
DA:76,8
DA:77,8
DA:78,8
DA:81,8
DA:82,8
DA:83,8
DA:85,8
LF:51
LH:49
BRDA:13,0,0,5
BRDA:13,0,1,20
BRDA:15,1,0,5
BRDA:15,1,1,0
BRDA:17,2,0,25
BRDA:17,2,1,0
BRDA:35,3,0,0
BRF:7
BRH:4
end_of_record
TN:
SF:src\routes\uploadRoutes.ts
FN:13,(anonymous_1)
FN:45,(anonymous_2)
FN:105,(anonymous_3)
FN:107,(anonymous_4)
FN:119,(anonymous_5)
FN:121,(anonymous_6)
FN:133,(anonymous_7)
FN:135,(anonymous_8)
FN:147,(anonymous_9)
FN:160,(anonymous_10)
FN:162,(anonymous_11)
FNF:11
FNH:1
FNDA:2,(anonymous_1)
FNDA:0,(anonymous_2)
FNDA:0,(anonymous_3)
FNDA:0,(anonymous_4)
FNDA:0,(anonymous_5)
FNDA:0,(anonymous_6)
FNDA:0,(anonymous_7)
FNDA:0,(anonymous_8)
FNDA:0,(anonymous_9)
FNDA:0,(anonymous_10)
FNDA:0,(anonymous_11)
DA:1,1
DA:2,1
DA:3,1
DA:4,1
DA:5,1
DA:6,1
DA:7,1
DA:8,1
DA:10,1
DA:13,1
DA:14,2
DA:15,2
DA:16,0
DA:18,2
DA:19,2
DA:21,0
DA:23,2
DA:26,1
DA:41,1
DA:46,0
DA:47,0
DA:48,0
DA:51,0
DA:52,0
DA:53,0
DA:56,0
DA:64,0
DA:65,0
DA:66,0
DA:67,0
DA:71,0
DA:72,0
DA:73,0
DA:76,0
DA:77,0
DA:82,0
DA:84,0
DA:99,1
DA:106,0
DA:107,0
DA:108,0
DA:112,1
DA:120,0
DA:121,0
DA:122,0
DA:126,1
DA:134,0
DA:135,0
DA:136,0
DA:140,1
DA:148,0
DA:149,0
DA:153,1
DA:161,0
DA:162,0
DA:163,0
DA:167,1
LF:57
LH:23
BRDA:15,0,0,0
BRDA:15,0,1,2
BRDA:19,1,0,0
BRDA:19,1,1,2
BRDA:19,2,0,2
BRDA:19,2,1,2
BRDA:47,3,0,0
BRDA:47,3,1,0
BRDA:51,4,0,0
BRDA:51,4,1,0
BRDA:52,5,0,0
BRDA:52,5,1,0
BRDA:64,6,0,0
BRDA:64,6,1,0
BRDA:65,7,0,0
BRDA:65,7,1,0
BRDA:66,8,0,0
BRDA:66,8,1,0
BRDA:71,9,0,0
BRDA:71,9,1,0
BRDA:72,10,0,0
BRDA:72,10,1,0
BRF:22
BRH:4
end_of_record
TN:
SF:src\services\AdminAuthService.ts
FN:14,(anonymous_1)
FN:32,(anonymous_2)
FN:36,(anonymous_3)
FN:113,(anonymous_4)
FN:137,(anonymous_5)
FN:216,(anonymous_6)
FN:250,(anonymous_7)
FNF:7
FNH:1
FNDA:0,(anonymous_1)
FNDA:0,(anonymous_2)
FNDA:0,(anonymous_3)
FNDA:1,(anonymous_4)
FNDA:0,(anonymous_5)
FNDA:0,(anonymous_6)
FNDA:0,(anonymous_7)
DA:1,2
DA:2,2
DA:3,2
DA:4,2
DA:5,2
DA:6,2
DA:7,2
DA:8,2
DA:9,2
DA:10,2
DA:11,2
DA:15,0
DA:16,0
DA:18,0
DA:19,0
DA:21,0
DA:22,0
DA:24,0
DA:25,0
DA:27,0
DA:28,0
DA:33,0
DA:34,0
DA:36,0
DA:37,0
DA:38,0
DA:41,0
DA:42,0
DA:43,0
DA:46,0
DA:52,0
DA:53,0
DA:54,0
DA:57,0
DA:58,0
DA:60,0
DA:64,0
DA:65,0
DA:68,0
DA:69,0
DA:70,0
DA:72,0
DA:73,0
DA:74,0
DA:75,0
DA:79,0
DA:89,0
DA:90,0
DA:94,0
DA:99,0
DA:103,0
DA:110,0
DA:114,1
DA:116,1
DA:117,1
DA:118,0
DA:121,0
DA:127,1
DA:129,1
DA:130,1
DA:132,1
DA:133,1
DA:136,0
DA:137,0
DA:138,0
DA:140,0
DA:141,0
DA:144,0
DA:145,0
DA:148,0
DA:149,0
DA:150,0
DA:151,0
DA:152,0
DA:153,0
DA:154,0
DA:157,0
DA:166,0
DA:167,0
DA:171,0
DA:173,0
DA:178,0
DA:182,0
DA:184,0
DA:185,0
DA:187,0
DA:188,0
DA:195,0
DA:196,0
DA:197,0
DA:206,0
DA:207,0
DA:217,0
DA:219,0
DA:220,0
DA:222,0
DA:231,0
DA:232,0
DA:233,0
DA:236,0
DA:237,0
DA:238,0
DA:240,0
DA:241,0
DA:247,0
DA:251,0
DA:253,0
DA:255,0
DA:257,0
DA:263,0
DA:264,0
DA:267,0
DA:268,0
DA:269,0
DA:272,0
DA:273,0
DA:274,0
DA:275,0
DA:277,0
DA:278,0
DA:282,2
LF:121
LH:20
BRDA:15,0,0,0
BRDA:15,0,1,0
BRDA:18,1,0,0
BRDA:18,1,1,0
BRDA:21,2,0,0
BRDA:21,2,1,0
BRDA:24,3,0,0
BRDA:24,3,1,0
BRDA:27,4,0,0
BRDA:27,4,1,0
BRDA:37,5,0,0
BRDA:37,5,1,0
BRDA:42,6,0,0
BRDA:42,6,1,0
BRDA:42,7,0,0
BRDA:42,7,1,0
BRDA:42,7,2,0
BRDA:53,8,0,0
BRDA:53,8,1,0
BRDA:58,9,0,0
BRDA:58,9,1,0
BRDA:60,10,0,0
BRDA:60,10,1,0
BRDA:64,11,0,0
BRDA:64,11,1,0
BRDA:68,12,0,0
BRDA:68,12,1,0
BRDA:72,13,0,0
BRDA:72,13,1,0
BRDA:74,14,0,0
BRDA:74,14,1,0
BRDA:83,15,0,0
BRDA:83,15,1,0
BRDA:89,16,0,0
BRDA:89,16,1,0
BRDA:117,17,0,0
BRDA:117,17,1,1
BRDA:117,18,0,1
BRDA:117,18,1,0
BRDA:117,18,2,0
BRDA:130,19,0,1
BRDA:130,19,1,1
BRDA:132,20,0,1
BRDA:132,20,1,0
BRDA:140,21,0,0
BRDA:140,21,1,0
BRDA:140,22,0,0
BRDA:140,22,1,0
BRDA:144,23,0,0
BRDA:144,23,1,0
BRDA:148,24,0,0
BRDA:148,24,1,0
BRDA:151,25,0,0
BRDA:151,25,1,0
BRDA:153,26,0,0
BRDA:153,26,1,0
BRDA:161,27,0,0
BRDA:161,27,1,0
BRDA:166,28,0,0
BRDA:166,28,1,0
BRDA:195,29,0,0
BRDA:195,29,1,0
BRDA:231,30,0,0
BRDA:231,30,1,0
BRDA:231,31,0,0
BRDA:231,31,1,0
BRDA:263,32,0,0
BRDA:263,32,1,0
BRDA:268,33,0,0
BRDA:268,33,1,0
BRF:70
BRH:5
end_of_record
TN:
SF:src\services\AdminRefundApprovalService.ts
FN:17,(anonymous_1)
FN:55,(anonymous_2)
FN:104,(anonymous_3)
FNF:3
FNH:3
FNDA:2,(anonymous_1)
FNDA:3,(anonymous_2)
FNDA:1,(anonymous_3)
DA:1,1
DA:2,1
DA:3,1
DA:4,1
DA:5,1
DA:6,1
DA:7,1
DA:9,1
DA:11,1
DA:29,2
DA:30,1
DA:32,1
DA:37,1
DA:44,1
DA:48,1
DA:49,1
DA:56,3
DA:57,3
DA:58,0
DA:59,0
DA:62,0
DA:63,0
DA:64,0
DA:65,0
DA:68,0
DA:69,0
DA:72,0
DA:75,0
DA:76,0
DA:77,0
DA:79,0
DA:83,0
DA:98,0
DA:105,1
DA:106,1
DA:107,0
DA:108,0
DA:111,0
DA:112,0
DA:113,0
DA:114,0
DA:117,0
DA:118,0
DA:119,0
DA:121,0
DA:136,0
LF:46
LH:20
BRDA:29,0,0,1
BRDA:29,0,1,1
BRDA:58,1,0,0
BRDA:58,1,1,0
BRDA:58,2,0,0
BRDA:58,2,1,0
BRDA:63,3,0,0
BRDA:63,3,1,0
BRDA:64,4,0,0
BRDA:64,4,1,0
BRDA:69,5,0,0
BRDA:69,5,1,0
BRDA:70,6,0,0
BRDA:70,6,1,0
BRDA:76,7,0,0
BRDA:76,7,1,0
BRDA:107,8,0,0
BRDA:107,8,1,0
BRDA:107,9,0,0
BRDA:107,9,1,0
BRDA:112,10,0,0
BRDA:112,10,1,0
BRDA:113,11,0,0
BRDA:113,11,1,0
BRF:24
BRH:2
end_of_record
TN:
SF:src\services\InventoryReconciliationService.ts
FN:11,(anonymous_1)
FN:20,(anonymous_2)
FN:92,(anonymous_3)
FNF:3
FNH:1
FNDA:1,(anonymous_1)
FNDA:0,(anonymous_2)
FNDA:0,(anonymous_3)
DA:1,1
DA:2,1
DA:3,1
DA:5,1
DA:12,1
DA:14,1
DA:19,1
DA:20,0
DA:22,1
DA:25,1
DA:33,1
DA:34,1
DA:36,1
DA:37,1
DA:39,1
DA:40,1
DA:42,1
DA:44,1
DA:45,1
DA:46,1
DA:47,1
DA:48,1
DA:50,1
DA:53,1
DA:54,1
DA:57,1
DA:58,0
DA:59,0
DA:60,0
DA:64,0
DA:65,0
DA:66,0
DA:72,0
DA:73,0
DA:76,1
DA:77,1
DA:78,1
DA:79,1
DA:81,0
DA:86,1
DA:87,1
DA:88,1
DA:92,0
DA:95,1
DA:99,1
LF:45
LH:34
BRDA:37,0,0,1
BRDA:37,0,1,1
BRDA:44,1,0,1
BRDA:44,1,1,0
BRDA:46,2,0,1
BRDA:46,2,1,0
BRDA:47,3,0,0
BRDA:47,3,1,1
BRDA:48,4,0,1
BRDA:48,4,1,0
BRDA:48,5,0,1
BRDA:48,5,1,1
BRDA:57,6,0,0
BRDA:57,6,1,1
BRDA:76,7,0,1
BRDA:76,7,1,0
BRDA:86,8,0,1
BRDA:86,8,1,0
BRF:18
BRH:11
end_of_record
TN:
SF:src\services\InventoryService.ts
FN:14,(anonymous_10)
FN:85,(anonymous_11)
FN:136,(anonymous_12)
FN:164,(anonymous_13)
FN:215,(anonymous_14)
FN:261,(anonymous_15)
FN:335,(anonymous_16)
FN:383,(anonymous_17)
FN:432,(anonymous_18)
FNF:9
FNH:3
FNDA:22,(anonymous_10)
FNDA:1,(anonymous_11)
FNDA:0,(anonymous_12)
FNDA:0,(anonymous_13)
FNDA:0,(anonymous_14)
FNDA:0,(anonymous_15)
FNDA:0,(anonymous_16)
FNDA:0,(anonymous_17)
FNDA:1,(anonymous_18)
DA:1,6
DA:2,6
DA:3,6
DA:4,6
DA:5,6
DA:6,6
DA:7,6
DA:9,6
DA:21,22
DA:25,22
DA:35,22
DA:37,20
DA:41,20
DA:42,20
DA:43,20
DA:44,20
DA:47,2
DA:49,2
DA:63,2
DA:78,2
DA:86,1
DA:87,1
DA:88,1
DA:91,1
DA:97,1
DA:99,1
DA:100,1
DA:103,1
DA:104,0
DA:115,0
DA:120,0
DA:128,1
DA:129,1
DA:130,0
DA:131,0
DA:136,0
DA:139,1
DA:140,1
DA:143,1
DA:157,1
DA:165,0
DA:166,0
DA:167,0
DA:170,0
DA:176,0
DA:178,0
DA:183,0
DA:188,0
DA:190,0
DA:191,0
DA:194,0
DA:208,0
DA:225,0
DA:231,0
DA:232,0
DA:233,0
DA:236,0
DA:239,0
DA:271,0
DA:277,0
DA:279,0
DA:284,0
DA:285,0
DA:286,0
DA:288,0
DA:292,0
DA:308,0
DA:311,0
DA:314,0
DA:342,0
DA:348,0
DA:350,0
DA:353,0
DA:354,0
DA:359,0
DA:362,0
DA:377,0
DA:390,0
DA:393,0
DA:399,0
DA:401,0
DA:404,0
DA:405,0
DA:410,0
DA:414,0
DA:429,0
DA:433,1
DA:435,1
DA:440,1
DA:442,1
DA:444,1
DA:445,1
DA:446,1
DA:448,1
DA:450,1
DA:456,1
DA:458,0
DA:465,1
DA:468,1
DA:483,1
DA:484,1
DA:486,1
DA:487,1
DA:489,0
DA:490,0
DA:494,1
DA:498,1
DA:499,0
DA:503,0
DA:506,1
LF:110
LH:53
BRDA:18,0,0,0
BRDA:32,1,0,22
BRDA:32,1,1,20
BRDA:35,2,0,20
BRDA:35,2,1,2
BRDA:39,3,0,20
BRDA:39,3,1,19
BRDA:41,4,0,0
BRDA:41,4,1,20
BRDA:42,5,0,0
BRDA:42,5,1,20
BRDA:86,6,0,1
BRDA:86,6,1,0
BRDA:87,7,0,0
BRDA:87,7,1,1
BRDA:88,8,0,0
BRDA:88,8,1,1
BRDA:94,9,0,1
BRDA:94,9,1,0
BRDA:97,10,0,0
BRDA:97,10,1,1
BRDA:103,11,0,0
BRDA:103,11,1,1
BRDA:123,12,0,0
BRDA:123,12,1,0
BRDA:128,13,0,1
BRDA:128,13,1,1
BRDA:129,14,0,0
BRDA:129,14,1,1
BRDA:129,15,0,1
BRDA:129,15,1,1
BRDA:133,16,0,0
BRDA:133,16,1,0
BRDA:165,17,0,0
BRDA:165,17,1,0
BRDA:166,18,0,0
BRDA:166,18,1,0
BRDA:167,19,0,0
BRDA:167,19,1,0
BRDA:173,20,0,0
BRDA:173,20,1,0
BRDA:176,21,0,0
BRDA:176,21,1,0
BRDA:181,22,0,0
BRDA:181,22,1,0
BRDA:188,23,0,0
BRDA:188,23,1,0
BRDA:198,24,0,0
BRDA:198,24,1,0
BRDA:199,25,0,0
BRDA:199,25,1,0
BRDA:202,26,0,0
BRDA:202,26,1,0
BRDA:228,27,0,0
BRDA:228,27,1,0
BRDA:231,28,0,0
BRDA:231,28,1,0
BRDA:247,29,0,0
BRDA:247,29,1,0
BRDA:248,30,0,0
BRDA:248,30,1,0
BRDA:248,31,0,0
BRDA:248,31,1,0
BRDA:249,32,0,0
BRDA:249,32,1,0
BRDA:274,33,0,0
BRDA:274,33,1,0
BRDA:277,34,0,0
BRDA:277,34,1,0
BRDA:282,35,0,0
BRDA:282,35,1,0
BRDA:284,36,0,0
BRDA:284,36,1,0
BRDA:300,37,0,0
BRDA:300,37,1,0
BRDA:301,38,0,0
BRDA:301,38,1,0
BRDA:301,39,0,0
BRDA:301,39,1,0
BRDA:302,40,0,0
BRDA:302,40,1,0
BRDA:322,41,0,0
BRDA:322,41,1,0
BRDA:323,42,0,0
BRDA:323,42,1,0
BRDA:323,43,0,0
BRDA:323,43,1,0
BRDA:324,44,0,0
BRDA:324,44,1,0
BRDA:345,45,0,0
BRDA:345,45,1,0
BRDA:348,46,0,0
BRDA:348,46,1,0
BRDA:353,47,0,0
BRDA:353,47,1,0
BRDA:357,48,0,0
BRDA:357,48,1,0
BRDA:371,49,0,0
BRDA:371,49,1,0
BRDA:390,50,0,0
BRDA:390,50,1,0
BRDA:396,51,0,0
BRDA:396,51,1,0
BRDA:399,52,0,0
BRDA:399,52,1,0
BRDA:404,53,0,0
BRDA:404,53,1,0
BRDA:408,54,0,0
BRDA:408,54,1,0
BRDA:440,55,0,0
BRDA:440,55,1,1
BRDA:456,56,0,0
BRDA:456,56,1,1
BRDA:465,57,0,1
BRDA:465,57,1,0
BRDA:472,58,0,1
BRDA:472,58,1,0
BRDA:473,59,0,1
BRDA:473,59,1,0
BRDA:477,60,0,1
BRDA:477,60,1,0
BRDA:498,61,0,0
BRDA:498,61,1,1
BRF:123
BRH:26
end_of_record
TN:
SF:src\services\MetricsService.ts
FN:16,(anonymous_10)
FN:106,(anonymous_11)
FNF:2
FNH:0
FNDA:0,(anonymous_10)
FNDA:0,(anonymous_11)
DA:1,8
DA:2,8
DA:3,8
DA:4,8
DA:5,8
DA:11,8
DA:17,0
DA:18,0
DA:21,0
DA:22,0
DA:26,0
DA:29,0
DA:30,0
DA:34,0
DA:36,0
DA:42,0
DA:43,0
DA:47,0
DA:48,0
DA:51,0
DA:52,0
DA:53,0
DA:57,0
DA:60,0
DA:61,0
DA:62,0
DA:66,0
DA:69,0
DA:70,0
DA:74,0
DA:78,0
DA:80,0
DA:83,0
DA:84,0
DA:87,0
DA:92,0
DA:97,0
DA:98,0
DA:103,0
DA:104,0
DA:105,0
DA:106,0
DA:109,0
DA:112,0
DA:134,0
DA:137,0
DA:138,0
DA:139,0
DA:145,0
DA:146,0
DA:152,0
DA:153,0
DA:159,0
DA:160,0
DA:166,0
DA:167,0
DA:173,0
DA:174,0
DA:182,0
DA:184,0
LF:60
LH:6
BRDA:26,0,0,0
BRDA:26,0,1,0
BRDA:34,1,0,0
BRDA:34,1,1,0
BRDA:47,2,0,0
BRDA:47,2,1,0
BRDA:57,3,0,0
BRDA:57,3,1,0
BRDA:66,4,0,0
BRDA:66,4,1,0
BRDA:80,5,0,0
BRDA:80,5,1,0
BRDA:92,6,0,0
BRDA:92,6,1,0
BRDA:104,7,0,0
BRDA:104,7,1,0
BRDA:137,8,0,0
BRDA:137,8,1,0
BRDA:138,9,0,0
BRDA:138,9,1,0
BRDA:138,10,0,0
BRDA:138,10,1,0
BRDA:138,10,2,0
BRDA:145,11,0,0
BRDA:145,11,1,0
BRDA:152,12,0,0
BRDA:152,12,1,0
BRDA:159,13,0,0
BRDA:159,13,1,0
BRDA:166,14,0,0
BRDA:166,14,1,0
BRDA:173,15,0,0
BRDA:173,15,1,0
BRF:33
BRH:0
end_of_record
TN:
SF:src\services\OtpAuthService.ts
FN:16,(anonymous_10)
FN:22,(anonymous_11)
FN:27,(anonymous_12)
FN:142,(anonymous_13)
FN:326,(anonymous_14)
FN:330,(anonymous_15)
FN:335,(anonymous_16)
FN:339,(anonymous_17)
FN:386,(anonymous_18)
FN:407,(anonymous_19)
FN:451,(anonymous_20)
FN:489,(anonymous_21)
FNF:12
FNH:4
FNDA:10,(anonymous_10)
FNDA:4,(anonymous_11)
FNDA:6,(anonymous_12)
FNDA:10,(anonymous_13)
FNDA:0,(anonymous_14)
FNDA:0,(anonymous_15)
FNDA:0,(anonymous_16)
FNDA:0,(anonymous_17)
FNDA:0,(anonymous_18)
FNDA:0,(anonymous_19)
FNDA:0,(anonymous_20)
FNDA:0,(anonymous_21)
DA:1,2
DA:2,2
DA:3,2
DA:4,2
DA:5,2
DA:6,2
DA:7,2
DA:8,2
DA:9,2
DA:10,2
DA:11,2
DA:12,2
DA:13,2
DA:17,10
DA:23,4
DA:24,4
DA:28,6
DA:29,0
DA:32,6
DA:34,6
DA:35,6
DA:36,1
DA:39,1
DA:45,5
DA:47,5
DA:48,5
DA:49,5
DA:55,5
DA:56,1
DA:63,4
DA:64,4
DA:65,4
DA:71,4
DA:72,0
DA:79,4
DA:80,4
DA:85,4
DA:86,0
DA:91,4
DA:92,4
DA:93,4
DA:95,4
DA:96,4
DA:98,4
DA:108,4
DA:112,4
DA:118,4
DA:119,4
DA:120,4
DA:121,4
DA:129,0
DA:135,4
DA:136,0
DA:139,4
DA:148,10
DA:149,0
DA:152,10
DA:153,10
DA:155,10
DA:156,0
DA:159,10
DA:160,10
DA:161,1
DA:162,1
DA:165,9
DA:167,9
DA:168,9
DA:169,9
DA:175,9
DA:176,1
DA:183,8
DA:184,8
DA:185,8
DA:187,8
DA:194,8
DA:195,0
DA:196,0
DA:199,8
DA:200,8
DA:202,8
DA:203,0
DA:204,0
DA:208,8
DA:212,8
DA:213,0
DA:216,8
DA:217,8
DA:220,8
DA:221,8
DA:222,8
DA:225,8
DA:226,2
DA:227,2
DA:231,8
DA:232,6
DA:235,6
DA:236,6
DA:238,6
DA:243,6
DA:245,6
DA:246,5
DA:250,5
DA:253,6
DA:257,6
DA:258,1
DA:262,1
DA:266,1
DA:269,5
DA:272,2
DA:278,2
DA:279,0
DA:280,0
DA:281,0
DA:282,0
DA:284,0
DA:285,0
DA:288,2
DA:290,2
DA:294,2
DA:300,2
DA:301,2
DA:303,2
DA:304,0
DA:305,0
DA:306,0
DA:308,0
DA:310,0
DA:311,0
DA:313,0
DA:326,0
DA:327,0
DA:328,0
DA:329,0
DA:330,0
DA:331,0
DA:336,0
DA:337,0
DA:340,0
DA:341,0
DA:344,0
DA:345,0
DA:346,0
DA:347,0
DA:349,0
DA:355,0
DA:361,0
DA:365,2
DA:368,2
DA:369,2
DA:371,2
DA:372,0
DA:373,0
DA:374,0
DA:376,0
DA:379,0
DA:380,0
DA:381,0
DA:387,0
DA:390,0
DA:393,0
DA:394,0
DA:395,0
DA:396,0
DA:407,0
DA:409,0
DA:413,2
DA:414,2
DA:415,2
DA:429,0
DA:432,2
DA:433,2
DA:434,0
DA:435,0
DA:441,0
DA:442,0
DA:445,2
DA:446,2
DA:448,2
DA:452,0
DA:453,0
DA:456,0
DA:458,0
DA:459,0
DA:460,0
DA:462,0
DA:463,0
DA:471,0
DA:472,0
DA:473,0
DA:474,0
DA:482,0
DA:483,0
DA:486,0
DA:490,0
DA:491,0
DA:494,0
DA:495,0
DA:496,0
DA:498,0
DA:504,0
DA:505,0
DA:509,0
DA:513,0
DA:514,0
DA:515,0
DA:516,0
DA:517,0
DA:518,0
DA:519,0
DA:520,0
DA:521,0
DA:525,0
DA:526,0
DA:527,0
DA:528,0
DA:529,0
DA:531,0
DA:533,0
DA:536,0
DA:542,0
DA:543,0
DA:544,0
DA:547,0
DA:548,0
DA:552,2
LF:225
LH:117
BRDA:17,0,0,10
BRDA:17,0,1,0
BRDA:23,1,0,4
BRDA:23,1,1,0
BRDA:24,2,0,4
BRDA:24,2,1,0
BRDA:24,3,0,4
BRDA:24,3,1,4
BRDA:27,4,0,0
BRDA:28,5,0,0
BRDA:28,5,1,6
BRDA:28,6,0,6
BRDA:28,6,1,6
BRDA:35,7,0,1
BRDA:35,7,1,5
BRDA:35,8,0,6
BRDA:35,8,1,1
BRDA:35,8,2,1
BRDA:47,9,0,5
BRDA:47,9,1,0
BRDA:55,10,0,1
BRDA:55,10,1,4
BRDA:63,11,0,4
BRDA:63,11,1,0
BRDA:71,12,0,0
BRDA:71,12,1,4
BRDA:85,13,0,0
BRDA:85,13,1,4
BRDA:131,14,0,0
BRDA:131,14,1,0
BRDA:135,15,0,0
BRDA:135,15,1,4
BRDA:145,16,0,1
BRDA:146,17,0,9
BRDA:148,18,0,0
BRDA:148,18,1,10
BRDA:148,19,0,10
BRDA:148,19,1,10
BRDA:155,20,0,0
BRDA:155,20,1,10
BRDA:160,21,0,1
BRDA:160,21,1,9
BRDA:167,22,0,9
BRDA:167,22,1,0
BRDA:175,23,0,1
BRDA:175,23,1,8
BRDA:194,24,0,0
BRDA:194,24,1,8
BRDA:200,25,0,8
BRDA:200,25,1,2
BRDA:202,26,0,0
BRDA:202,26,1,8
BRDA:208,27,0,8
BRDA:208,27,1,0
BRDA:208,27,2,0
BRDA:212,28,0,0
BRDA:212,28,1,8
BRDA:221,29,0,8
BRDA:221,29,1,8
BRDA:225,30,0,2
BRDA:225,30,1,6
BRDA:231,31,0,6
BRDA:231,31,1,2
BRDA:245,32,0,5
BRDA:245,32,1,1
BRDA:257,33,0,1
BRDA:257,33,1,5
BRDA:278,34,0,0
BRDA:278,34,1,2
BRDA:280,35,0,0
BRDA:280,35,1,0
BRDA:303,36,0,0
BRDA:303,36,1,2
BRDA:328,37,0,0
BRDA:328,37,1,0
BRDA:337,38,0,0
BRDA:337,38,1,0
BRDA:344,39,0,0
BRDA:344,39,1,0
BRDA:344,40,0,0
BRDA:344,40,1,0
BRDA:344,40,2,0
BRDA:346,41,0,0
BRDA:346,41,1,0
BRDA:346,41,2,0
BRDA:347,42,0,0
BRDA:347,42,1,0
BRDA:371,43,0,0
BRDA:371,43,1,2
BRDA:383,44,0,0
BRDA:383,44,1,0
BRDA:395,45,0,0
BRDA:395,45,1,0
BRDA:433,46,0,0
BRDA:433,46,1,2
BRDA:451,47,0,0
BRDA:452,48,0,0
BRDA:452,48,1,0
BRDA:452,49,0,0
BRDA:452,49,1,0
BRDA:490,50,0,0
BRDA:490,50,1,0
BRDA:490,51,0,0
BRDA:490,51,1,0
BRDA:504,52,0,0
BRDA:504,52,1,0
BRDA:509,53,0,0
BRDA:509,53,1,0
BRDA:509,53,2,0
BRDA:517,54,0,0
BRDA:517,54,1,0
BRDA:518,55,0,0
BRDA:518,55,1,0
BRDA:518,56,0,0
BRDA:518,56,1,0
BRDA:525,57,0,0
BRDA:525,57,1,0
BRDA:527,58,0,0
BRDA:527,58,1,0
BRDA:542,59,0,0
BRDA:542,59,1,0
BRF:121
BRH:51
end_of_record
TN:
SF:src\services\PaymentRefundService.ts
FN:13,(anonymous_1)
FN:59,(anonymous_2)
FN:104,(anonymous_3)
FN:160,(anonymous_4)
FN:170,(anonymous_5)
FN:193,(anonymous_6)
FNF:6
FNH:3
FNDA:2,(anonymous_1)
FNDA:2,(anonymous_2)
FNDA:0,(anonymous_3)
FNDA:0,(anonymous_4)
FNDA:0,(anonymous_5)
FNDA:1,(anonymous_6)
DA:1,3
DA:2,3
DA:3,3
DA:4,3
DA:5,3
DA:6,3
DA:7,3
[...]
FNH:2
FNDA:28,(anonymous_10)
FNDA:56,(anonymous_11)
FNDA:0,(anonymous_12)
FNDA:0,(anonymous_13)
FNDA:0,(anonymous_14)
FNDA:0,(anonymous_15)
FNDA:0,(anonymous_16)
FNDA:0,(anonymous_17)
DA:1,18
DA:2,18
DA:22,18
DA:23,28
DA:25,28
DA:33,28
DA:34,56
DA:36,56
DA:37,56
DA:41,28
DA:42,28
DA:43,28
DA:44,28
DA:47,28
DA:48,0
DA:49,0
DA:50,0
DA:57,0
DA:58,0
DA:60,0
DA:62,0
DA:63,0
DA:66,0
DA:76,0
DA:81,0
DA:84,28
DA:85,0
DA:86,0
DA:87,0
DA:88,0
DA:89,0
DA:91,0
DA:93,0
DA:94,0
DA:109,0
DA:114,0
DA:118,28
DA:119,0
DA:123,28
DA:125,0
DA:129,28
DA:130,0
DA:132,0
DA:133,0
DA:135,0
DA:136,0
DA:141,18
LF:47
LH:19
BRDA:23,0,0,28
BRDA:23,0,1,28
BRDA:36,1,0,56
BRDA:36,1,1,0
BRDA:50,2,0,0
BRDA:50,2,1,0
BRDA:52,3,0,0
BRDA:52,3,1,0
BRDA:62,4,0,0
BRDA:62,4,1,0
BRDA:93,5,0,0
BRDA:93,5,1,0
BRDA:99,6,0,0
BRDA:99,6,1,0
BRDA:101,7,0,0
BRDA:101,7,1,0
BRDA:123,8,0,0
BRDA:133,9,0,0
BRDA:133,9,1,0
BRDA:135,10,0,0
BRDA:135,10,1,0
BRF:21
BRH:3
end_of_record
TN:
SF:src\utils\aiSanitizer.ts
FN:59,(anonymous_1)
FN:61,(anonymous_2)
FN:67,(anonymous_3)
FN:68,(anonymous_4)
FN:81,sanitizePromptInput
FN:133,(anonymous_6)
FN:163,htmlEscapeString
FN:177,sanitizeOutputStrings
FN:185,(anonymous_9)
FN:204,validateAIResponse
FN:259,(anonymous_11)
FN:262,(anonymous_12)
FN:264,(anonymous_13)
FN:302,stripHtmlTags
FN:311,sanitizeTrackingMetadata
FN:319,(anonymous_16)
FN:321,(anonymous_17)
FNF:17
FNH:3
FNDA:0,(anonymous_1)
FNDA:0,(anonymous_2)
FNDA:0,(anonymous_3)
FNDA:0,(anonymous_4)
FNDA:0,sanitizePromptInput
FNDA:0,(anonymous_6)
FNDA:18,htmlEscapeString
FNDA:34,sanitizeOutputStrings
FNDA:3,(anonymous_9)
FNDA:0,validateAIResponse
FNDA:0,(anonymous_11)
FNDA:0,(anonymous_12)
FNDA:0,(anonymous_13)
FNDA:0,stripHtmlTags
FNDA:0,sanitizeTrackingMetadata
FNDA:0,(anonymous_16)
FNDA:0,(anonymous_17)
DA:1,2
DA:11,2
DA:49,2
DA:57,2
DA:59,2
DA:60,0
DA:62,0
DA:63,0
DA:67,2
DA:68,0
DA:69,0
DA:70,0
DA:81,2
DA:87,0
DA:88,0
DA:91,0
DA:94,0
DA:95,0
DA:96,0
DA:97,0
DA:101,0
DA:102,0
DA:103,0
DA:104,0
DA:105,0
DA:107,0
DA:112,0
DA:113,0
DA:114,0
DA:115,0
DA:121,0
DA:122,0
DA:124,0
DA:125,0
DA:126,0
DA:131,0
DA:132,0
DA:133,0
DA:134,0
DA:135,0
DA:136,0
DA:140,0
DA:142,0
DA:143,0
DA:148,0
DA:149,0
DA:152,0
DA:163,2
DA:164,18
DA:165,18
DA:177,2
DA:178,34
DA:180,28
DA:181,18
DA:184,10
DA:185,4
DA:188,6
DA:189,3
DA:190,3
DA:191,27
DA:193,3
DA:196,3
DA:204,2
DA:215,0
DA:219,0
DA:222,0
DA:227,0
DA:244,0
DA:247,0
DA:256,0
DA:259,0
DA:260,0
DA:261,0
DA:262,0
DA:264,0
DA:267,0
DA:268,0
DA:269,0
DA:273,0
DA:277,0
DA:281,0
DA:302,2
DA:303,0
DA:304,0
DA:311,2
DA:312,0
DA:314,0
DA:319,0
DA:321,0
LF:89
LH:25
BRDA:63,0,0,0
BRDA:63,0,1,0
BRDA:63,0,2,0
BRDA:63,0,3,0
BRDA:63,0,4,0
BRDA:70,1,0,0
BRDA:70,1,1,0
BRDA:70,1,2,0
BRDA:70,1,3,0
BRDA:94,2,0,0
BRDA:94,2,1,0
BRDA:103,3,0,0
BRDA:103,3,1,0
BRDA:103,4,0,0
BRDA:103,4,1,0
BRDA:113,5,0,0
BRDA:113,5,1,0
BRDA:122,6,0,0
BRDA:122,6,1,0
BRDA:122,7,0,0
BRDA:122,7,1,0
BRDA:124,8,0,0
BRDA:124,8,1,0
BRDA:132,9,0,0
BRDA:132,9,1,0
BRDA:134,10,0,0
BRDA:134,10,1,0
BRDA:142,11,0,0
BRDA:142,11,1,0
BRDA:148,12,0,0
BRDA:148,12,1,0
BRDA:164,13,0,0
BRDA:164,13,1,18
BRDA:178,14,0,6
BRDA:178,14,1,28
BRDA:178,15,0,34
BRDA:178,15,1,34
BRDA:180,16,0,18
BRDA:180,16,1,10
BRDA:184,17,0,4
BRDA:184,17,1,6
BRDA:188,18,0,3
BRDA:188,18,1,3
BRDA:215,19,0,0
BRDA:215,19,1,0
BRDA:215,20,0,0
BRDA:215,20,1,0
BRDA:219,21,0,0
BRDA:219,21,1,0
BRDA:222,22,0,0
BRDA:222,22,1,0
BRDA:244,23,0,0
BRDA:244,23,1,0
BRDA:244,24,0,0
BRDA:244,24,1,0
BRDA:256,25,0,0
BRDA:256,25,1,0
BRDA:256,26,0,0
BRDA:256,26,1,0
BRDA:259,27,0,0
BRDA:259,28,0,0
BRDA:260,29,0,0
BRDA:260,29,1,0
BRDA:262,30,0,0
BRDA:262,30,1,0
BRDA:273,31,0,0
BRDA:273,31,1,0
BRDA:273,32,0,0
BRDA:273,32,1,0
BRDA:273,32,2,0
BRDA:277,33,0,0
BRDA:277,33,1,0
BRDA:277,34,0,0
BRDA:277,34,1,0
BRDA:277,34,2,0
BRDA:303,35,0,0
BRDA:303,35,1,0
BRDA:303,36,0,0
BRDA:303,36,1,0
BRDA:312,37,0,0
BRDA:312,37,1,0
BRDA:312,38,0,0
BRDA:312,38,1,0
BRDA:317,39,0,0
BRDA:317,39,1,0
BRDA:323,40,0,0
BRDA:323,40,1,0
BRDA:328,41,0,0
BRDA:328,41,1,0
BRDA:328,42,0,0
BRDA:328,42,1,0
BRDA:328,42,2,0
BRDA:334,43,0,0
BRDA:334,43,1,0
BRDA:334,44,0,0
BRDA:334,44,1,0
BRDA:334,44,2,0
BRF:97
BRH:11
end_of_record
TN:
SF:src\utils\asyncHandler.ts
FN:10,(anonymous_0)
FN:10,(anonymous_1)
FNF:2
FNH:2
FNDA:67,(anonymous_0)
FNDA:18,(anonymous_1)
DA:10,67
DA:11,18
DA:14,8
LF:3
LH:3
BRF:0
BRH:0
end_of_record
TN:
SF:src\utils\authCookies.ts
FN:12,(anonymous_1)
FN:16,(anonymous_2)
FN:20,(anonymous_3)
FN:24,(anonymous_4)
FN:28,(anonymous_5)
FN:32,(anonymous_6)
FNF:6
FNH:0
FNDA:0,(anonymous_1)
FNDA:0,(anonymous_2)
FNDA:0,(anonymous_3)
FNDA:0,(anonymous_4)
FNDA:0,(anonymous_5)
FNDA:0,(anonymous_6)
DA:2,1
DA:3,1
DA:5,1
DA:6,1
DA:12,1
DA:13,0
DA:16,1
DA:17,0
DA:20,1
DA:21,0
DA:24,1
DA:25,0
DA:28,1
DA:29,0
DA:32,1
DA:33,0
LF:16
LH:10
BRF:0
BRH:0
end_of_record
TN:
SF:src\utils\cacheVersion.ts
FN:13,getPublicCacheVersion
FN:25,bumpPublicCacheVersion
FN:41,getAdminAnalyticsCacheVersion
FN:54,bumpAdminAnalyticsCacheVersion
FNF:4
FNH:1
FNDA:0,getPublicCacheVersion
FNDA:0,bumpPublicCacheVersion
FNDA:0,getAdminAnalyticsCacheVersion
FNDA:1,bumpAdminAnalyticsCacheVersion
DA:1,3
DA:2,3
DA:4,3
DA:5,3
DA:6,3
DA:7,3
DA:13,3
DA:14,0
DA:15,0
DA:16,0
DA:17,0
DA:19,0
DA:22,0
DA:25,3
DA:26,0
DA:27,0
DA:29,0
DA:30,0
DA:31,0
DA:33,0
DA:37,0
DA:38,0
DA:41,3
DA:42,0
DA:43,0
DA:44,0
DA:45,0
DA:47,0
DA:50,0
DA:54,3
DA:55,1
DA:56,1
DA:58,1
DA:59,0
DA:60,0
DA:62,0
DA:66,1
DA:67,1
LF:38
LH:15
BRDA:14,0,0,0
BRDA:14,0,1,0
BRDA:14,1,0,0
BRDA:14,1,1,0
BRDA:17,2,0,0
BRDA:17,2,1,0
BRDA:29,3,0,0
BRDA:29,3,1,0
BRDA:29,4,0,0
BRDA:29,4,1,0
BRDA:42,5,0,0
BRDA:42,5,1,0
BRDA:42,6,0,0
BRDA:42,6,1,0
BRDA:45,7,0,0
BRDA:45,7,1,0
BRDA:58,8,0,0
BRDA:58,8,1,1
BRDA:58,9,0,1
BRDA:58,9,1,0
BRDA:66,10,0,1
BRDA:66,10,1,0
BRF:22
BRH:3
end_of_record
TN:
SF:src\utils\emailHelper.ts
FN:5,(anonymous_0)
FN:34,(anonymous_1)
FNF:2
FNH:1
FNDA:21,(anonymous_0)
FNDA:0,(anonymous_1)
DA:5,3
DA:6,21
DA:8,21
DA:9,21
DA:10,0
DA:13,21
DA:14,21
DA:17,21
DA:19,0
DA:20,0
DA:21,0
DA:28,21
DA:34,3
DA:35,0
LF:14
LH:9
BRDA:6,0,0,0
BRDA:6,0,1,21
BRDA:6,1,0,21
BRDA:6,1,1,21
BRDA:9,2,0,0
BRDA:9,2,1,21
BRDA:17,3,0,0
BRDA:17,3,1,21
BRDA:17,4,0,21
BRDA:17,4,1,21
BRDA:20,5,0,0
BRDA:20,5,1,0
BRF:12
BRH:7
end_of_record
TN:
SF:src\utils\emailTemplates.ts
FN:10,(anonymous_0)
FN:226,(anonymous_1)
FN:245,(anonymous_2)
FN:264,(anonymous_3)
FN:285,(anonymous_4)
FN:309,(anonymous_5)
FN:335,(anonymous_6)
FN:355,(anonymous_7)
FN:382,(anonymous_8)
FNF:9
FNH:2
FNDA:4,(anonymous_0)
FNDA:4,(anonymous_1)
FNDA:0,(anonymous_2)
FNDA:0,(anonymous_3)
FNDA:0,(anonymous_4)
FNDA:0,(anonymous_5)
FNDA:0,(anonymous_6)
FNDA:0,(anonymous_7)
FNDA:0,(anonymous_8)
DA:10,2
DA:15,4
DA:226,2
DA:227,4
DA:239,4
DA:245,2
DA:246,0
DA:258,0
DA:264,2
DA:265,0
DA:279,0
DA:285,2
DA:286,0
DA:303,0
DA:309,2
DA:310,0
DA:329,0
DA:335,2
DA:336,0
DA:340,0
DA:349,0
DA:355,2
DA:356,0
DA:376,0
DA:382,2
DA:383,0
DA:402,0
LF:27
LH:12
BRDA:13,0,0,4
BRDA:226,1,0,0
BRDA:245,2,0,0
BRDA:320,3,0,0
BRDA:320,3,1,0
BRDA:336,4,0,0
BRDA:336,4,1,0
BRF:7
BRH:1
end_of_record
TN:
SF:src\utils\fieldEncryption.ts
FN:6,(anonymous_1)
FN:14,(anonymous_2)
FN:26,(anonymous_3)
FNF:3
FNH:3
FNDA:2,(anonymous_1)
FNDA:1,(anonymous_2)
FNDA:2,(anonymous_3)
DA:1,17
DA:3,17
DA:4,17
DA:6,17
DA:7,2
DA:8,2
DA:9,0
DA:11,2
DA:14,17
DA:15,1
DA:16,1
DA:18,1
DA:19,1
DA:20,1
DA:21,1
DA:22,1
DA:23,1
DA:26,17
DA:27,2
DA:28,2
DA:30,1
DA:31,1
DA:32,1
DA:34,1
DA:35,1
DA:40,1
DA:41,1
DA:45,1
LF:28
LH:27
BRDA:8,0,0,0
BRDA:8,0,1,2
BRDA:8,1,0,2
BRDA:8,1,1,2
BRDA:15,2,0,0
BRDA:15,2,1,1
BRDA:16,3,0,0
BRDA:16,3,1,1
BRDA:27,4,0,0
BRDA:27,4,1,2
BRDA:28,5,0,1
BRDA:28,5,1,1
BRDA:32,6,0,0
BRDA:32,6,1,1
BRDA:32,7,0,1
BRDA:32,7,1,1
BRDA:32,7,2,1
BRF:17
BRH:12
end_of_record
TN:
SF:src\utils\jwtBlacklist.ts
FN:11,(anonymous_1)
FN:23,(anonymous_2)
FN:48,(anonymous_3)
FNF:3
FNH:2
FNDA:7,(anonymous_1)
FNDA:0,(anonymous_2)
FNDA:7,(anonymous_3)
DA:1,7
DA:2,7
DA:3,7
DA:5,7
DA:11,7
DA:12,7
DA:13,7
DA:14,7
DA:15,7
DA:23,7
DA:27,0
DA:28,0
DA:29,0
DA:31,0
DA:32,0
DA:33,0
DA:36,0
DA:39,0
DA:48,7
DA:49,7
DA:50,7
DA:51,7
DA:53,7
DA:54,7
DA:55,0
DA:56,0
DA:58,7
DA:61,0
DA:62,0
LF:29
LH:17
BRDA:13,0,0,0
BRDA:13,0,1,7
BRDA:25,1,0,0
BRDA:27,2,0,0
BRDA:27,2,1,0
BRDA:29,3,0,0
BRDA:29,3,1,0
BRDA:32,4,0,0
BRDA:32,4,1,0
BRDA:32,5,0,0
BRDA:32,5,1,0
BRDA:49,6,0,0
BRDA:49,6,1,7
BRDA:51,7,0,0
BRDA:51,7,1,7
BRDA:54,8,0,0
BRDA:54,8,1,7
BRDA:54,9,0,7
BRDA:54,9,1,0
BRF:19
BRH:5
end_of_record
TN:
SF:src\utils\metricsTracker.ts
FN:19,(anonymous_0)
FN:22,(anonymous_1)
FN:68,(anonymous_2)
FN:69,(anonymous_3)
FNF:4
FNH:2
FNDA:30,(anonymous_0)
FNDA:30,(anonymous_1)
FNDA:0,(anonymous_2)
FNDA:0,(anonymous_3)
DA:9,8
DA:10,8
DA:11,8
DA:12,8
DA:13,8
DA:14,8
DA:17,8
DA:19,8
DA:20,30
DA:22,30
DA:23,30
DA:24,30
DA:25,30
DA:26,30
DA:29,30
DA:30,30
DA:31,1
DA:35,29
DA:36,0
DA:37,0
DA:38,0
DA:39,0
DA:40,0
DA:43,29
DA:44,29
DA:45,29
DA:46,29
DA:47,15
DA:51,29
DA:52,0
DA:53,0
DA:56,29
DA:57,29
DA:58,29
DA:59,29
DA:60,15
DA:62,29
DA:65,30
DA:68,8
DA:69,0
DA:78,0
DA:80,0
LF:42
LH:32
BRDA:23,0,0,30
BRDA:23,0,1,4
BRDA:23,0,2,1
BRDA:30,1,0,1
BRDA:30,1,1,29
BRDA:30,2,0,30
BRDA:30,2,1,30
BRDA:30,2,2,29
BRDA:30,2,3,29
BRDA:35,3,0,0
BRDA:35,3,1,29
BRDA:46,4,0,15
BRDA:46,4,1,14
BRDA:51,5,0,0
BRDA:51,5,1,29
BRDA:51,6,0,29
BRDA:51,6,1,0
BRDA:53,7,0,0
BRDA:53,7,1,0
BRDA:56,8,0,29
BRDA:56,8,1,15
BRDA:59,9,0,15
BRDA:59,9,1,14
BRDA:83,10,0,0
BRDA:83,10,1,0
BRDA:84,11,0,0
BRDA:84,11,1,0
BRF:27
BRH:18
end_of_record
TN:
SF:src\utils\otpRateLimit.ts
FN:8,(anonymous_1)
FN:9,(anonymous_2)
FN:14,(anonymous_3)
FN:28,(anonymous_4)
FN:42,(anonymous_5)
FNF:5
FNH:1
FNDA:0,(anonymous_1)
FNDA:0,(anonymous_2)
FNDA:0,(anonymous_3)
FNDA:5,(anonymous_4)
FNDA:0,(anonymous_5)
DA:1,2
DA:2,2
DA:4,2
DA:5,2
DA:6,2
DA:8,2
DA:9,2
DA:14,2
DA:15,0
DA:16,0
DA:17,0
DA:18,0
DA:19,0
DA:21,0
DA:23,0
DA:24,0
DA:28,2
DA:29,5
DA:30,0
DA:31,0
DA:32,0
DA:33,0
DA:35,0
DA:37,0
DA:38,0
DA:42,2
DA:43,0
DA:44,0
DA:45,0
DA:46,0
DA:48,0
LF:31
LH:11
BRDA:15,0,0,0
BRDA:15,0,1,0
BRDA:15,1,0,0
BRDA:15,1,1,0
BRDA:18,2,0,0
BRDA:18,2,1,0
BRDA:29,3,0,5
BRDA:29,3,1,0
BRDA:29,4,0,5
BRDA:29,4,1,5
BRDA:32,5,0,0
BRDA:32,5,1,0
BRDA:43,6,0,0
BRDA:43,6,1,0
BRDA:43,7,0,0
BRDA:43,7,1,0
BRDA:46,8,0,0
BRDA:46,8,1,0
BRF:18
BRH:3
end_of_record
TN:
SF:src\utils\otpVerifyCache.ts
FN:5,(anonymous_1)
FN:10,(anonymous_2)
FN:22,(anonymous_3)
FNF:3
FNH:0
FNDA:0,(anonymous_1)
FNDA:0,(anonymous_2)
FNDA:0,(anonymous_3)
DA:1,1
DA:2,1
DA:4,1
DA:5,1
DA:10,1
DA:11,0
DA:12,0
DA:13,0
DA:14,0
DA:15,0
DA:17,0
DA:18,0
DA:22,1
DA:23,0
DA:24,0
DA:25,0
DA:27,0
LF:17
LH:6
BRDA:11,0,0,0
BRDA:11,0,1,0
BRDA:14,1,0,0
BRDA:14,1,1,0
BRDA:23,2,0,0
BRDA:23,2,1,0
BRF:6
BRH:0
end_of_record
TN:
SF:src\utils\pagination.ts
FN:10,(anonymous_0)
FN:18,(anonymous_1)
FNF:2
FNH:0
FNDA:0,(anonymous_0)
FNDA:0,(anonymous_1)
DA:10,1
DA:11,0
DA:12,0
DA:13,0
DA:15,0
DA:18,1
DA:24,0
DA:26,0
LF:8
LH:2
BRDA:11,0,0,0
BRDA:11,0,1,0
BRDA:12,1,0,0
BRDA:12,1,1,0
BRF:4
BRH:0
end_of_record
TN:
SF:src\utils\paginationHeaders.ts
FN:4,(anonymous_0)
FNF:1
FNH:0
FNDA:0,(anonymous_0)
DA:4,1
DA:10,0
DA:11,0
DA:12,0
LF:4
LH:1
BRF:0
BRH:0
end_of_record
TN:
SF:src\utils\redis.ts
FN:6,(anonymous_10)
FN:7,(anonymous_11)
FN:16,(anonymous_12)
FN:21,(anonymous_13)
FN:28,(anonymous_14)
FN:56,(anonymous_15)
FN:73,(anonymous_16)
FN:74,(anonymous_17)
FN:81,(anonymous_18)
FN:91,(anonymous_19)
FN:92,(anonymous_20)
FN:93,(anonymous_21)
FN:128,(anonymous_22)
FN:138,(anonymous_23)
FN:141,(anonymous_24)
FNF:15
FNH:0
FNDA:0,(anonymous_10)
FNDA:0,(anonymous_11)
FNDA:0,(anonymous_12)
FNDA:0,(anonymous_13)
FNDA:0,(anonymous_14)
FNDA:0,(anonymous_15)
FNDA:0,(anonymous_16)
FNDA:0,(anonymous_17)
FNDA:0,(anonymous_18)
FNDA:0,(anonymous_19)
FNDA:0,(anonymous_20)
FNDA:0,(anonymous_21)
FNDA:0,(anonymous_22)
FNDA:0,(anonymous_23)
FNDA:0,(anonymous_24)
DA:1,17
DA:3,17
DA:4,17
DA:6,17
DA:7,17
DA:8,0
DA:9,0
DA:12,17
DA:13,17
DA:14,17
DA:16,17
DA:17,0
DA:18,0
DA:21,17
DA:22,0
DA:29,0
DA:30,0
DA:33,0
DA:34,0
DA:35,0
DA:36,0
DA:38,0
DA:39,0
DA:40,0
DA:42,0
DA:46,0
DA:47,0
DA:50,0
DA:56,17
DA:57,0
DA:58,0
DA:59,0
DA:62,0
DA:63,0
DA:65,0
DA:66,0
DA:67,0
DA:69,0
DA:70,0
DA:71,0
DA:73,0
DA:74,0
DA:75,0
DA:76,0
DA:77,0
DA:78,0
DA:81,0
DA:82,0
DA:83,0
DA:85,0
DA:86,0
DA:87,0
DA:91,0
DA:92,0
DA:93,0
DA:96,0
DA:97,0
DA:98,0
DA:100,0
DA:102,0
DA:108,0
DA:111,0
DA:112,0
DA:113,0
DA:114,0
DA:116,0
DA:117,0
DA:118,0
DA:120,0
DA:121,0
DA:122,0
DA:123,0
DA:128,17
DA:129,0
DA:130,0
DA:131,0
DA:132,0
DA:134,0
DA:138,17
DA:139,0
DA:140,0
DA:142,0
DA:143,0
DA:145,0
DA:149,0
DA:152,17
LF:86
LH:14
BRDA:9,0,0,0
BRDA:9,0,1,0
BRDA:9,0,2,0
BRDA:17,1,0,0
BRDA:17,1,1,0
BRDA:18,2,0,0
BRDA:18,2,1,0
BRDA:29,3,0,0
BRDA:29,3,1,0
BRDA:29,4,0,0
BRDA:29,4,1,0
BRDA:29,4,2,0
BRDA:38,5,0,0
BRDA:38,5,1,0
BRDA:38,6,0,0
BRDA:38,6,1,0
BRDA:38,6,2,0
BRDA:38,6,3,0
BRDA:46,7,0,0
BRDA:46,7,1,0
BRDA:57,8,0,0
BRDA:57,8,1,0
BRDA:75,9,0,0
BRDA:75,9,1,0
BRDA:75,10,0,0
BRDA:75,10,1,0
BRDA:76,11,0,0
BRDA:76,11,1,0
BRDA:82,12,0,0
BRDA:82,12,1,0
BRDA:82,13,0,0
BRDA:82,13,1,0
BRDA:86,14,0,0
BRDA:86,14,1,0
BRDA:108,15,0,0
BRDA:108,15,1,0
BRDA:116,16,0,0
BRDA:116,16,1,0
BRDA:116,17,0,0
BRDA:116,17,1,0
BRDA:116,17,2,0
BRDA:129,18,0,0
BRDA:129,18,1,0
BRDA:129,19,0,0
BRDA:129,19,1,0
BRDA:132,20,0,0
BRDA:132,20,1,0
BRF:47
BRH:0
end_of_record
TN:
SF:src\utils\safetyLockCache.ts
FN:10,(anonymous_1)
FN:25,(anonymous_2)
FN:44,(anonymous_3)
FNF:3
FNH:0
FNDA:0,(anonymous_1)
FNDA:0,(anonymous_2)
FNDA:0,(anonymous_3)
DA:1,6
DA:2,6
DA:3,6
DA:5,6
DA:6,6
DA:10,6
DA:11,0
DA:12,0
DA:13,0
DA:14,0
DA:15,0
DA:22,0
DA:23,0
DA:25,0
DA:30,0
DA:32,0
DA:33,0
DA:34,0
DA:40,0
DA:44,6
DA:45,0
DA:46,0
DA:47,0
DA:48,0
LF:24
LH:7
BRDA:11,0,0,0
BRDA:11,0,1,0
BRDA:11,1,0,0
BRDA:11,1,1,0
BRDA:14,2,0,0
BRDA:14,2,1,0
BRDA:22,3,0,0
BRDA:22,3,1,0
BRDA:22,4,0,0
BRDA:22,4,1,0
BRDA:32,5,0,0
BRDA:32,5,1,0
BRDA:46,6,0,0
BRDA:46,6,1,0
BRDA:46,7,0,0
BRDA:46,7,1,0
BRF:16
BRH:0
end_of_record
TN:
SF:src\utils\sanitize.ts
FN:19,(anonymous_0)
FN:29,(anonymous_1)
FN:38,(anonymous_2)
FNF:3
FNH:2
FNDA:27,(anonymous_0)
FNDA:0,(anonymous_1)
FNDA:308,(anonymous_2)
DA:1,8
DA:19,8
DA:20,27
DA:21,27
DA:23,27
DA:24,0
DA:28,27
DA:29,0
DA:33,27
DA:34,27
DA:35,28
DA:38,308
DA:40,28
DA:41,0
DA:42,28
DA:43,0
DA:45,28
DA:49,27
LF:18
LH:14
BRDA:19,0,0,27
BRDA:20,1,0,0
BRDA:20,1,1,27
BRDA:21,2,0,0
BRDA:21,2,1,27
BRDA:21,3,0,27
BRDA:21,3,1,27
BRDA:23,4,0,0
BRDA:23,4,1,27
BRDA:28,5,0,0
BRDA:28,5,1,27
BRDA:40,6,0,0
BRDA:40,6,1,28
BRDA:42,7,0,0
BRDA:42,7,1,28
BRF:15
BRH:9
end_of_record
TN:
SF:src\utils\sitemapGenerator.ts
FN:14,generateSitemap
FN:162,escapeXml
FN:163,(anonymous_3)
FN:182,triggerSitemapUpdate
FN:187,(anonymous_5)
FNF:5
FNH:1
FNDA:0,generateSitemap
FNDA:0,escapeXml
FNDA:0,(anonymous_3)
FNDA:1,triggerSitemapUpdate
FNDA:0,(anonymous_5)
DA:1,14
DA:2,14
DA:3,14
DA:4,14
DA:6,14
DA:14,14
DA:15,0
DA:16,0
DA:19,0
DA:39,0
DA:40,0
DA:41,0
DA:44,0
DA:45,0
DA:46,0
DA:47,0
DA:48,0
DA:49,0
DA:50,0
DA:54,0
DA:55,0
DA:56,0
DA:59,0
DA:60,0
DA:61,0
DA:64,0
DA:65,0
DA:69,0
DA:70,0
DA:71,0
DA:72,0
DA:73,0
DA:74,0
DA:75,0
DA:76,0
DA:77,0
DA:78,0
DA:79,0
DA:80,0
DA:82,0
DA:87,0
DA:88,0
DA:92,0
DA:93,0
DA:94,0
DA:95,0
DA:96,0
DA:97,0
DA:98,0
DA:99,0
DA:100,0
DA:101,0
DA:102,0
DA:103,0
DA:105,0
DA:110,0
DA:111,0
DA:115,0
DA:116,0
DA:117,0
DA:118,0
DA:119,0
DA:120,0
DA:121,0
DA:122,0
DA:123,0
DA:124,0
DA:125,0
DA:126,0
DA:128,0
DA:132,0
DA:136,0
DA:137,0
DA:138,0
DA:139,0
DA:141,0
DA:142,0
DA:143,0
DA:144,0
DA:146,0
DA:149,0
DA:152,0
DA:154,0
DA:155,0
DA:163,0
DA:164,0
DA:165,0
DA:166,0
DA:167,0
DA:168,0
DA:169,0
DA:170,0
DA:176,14
DA:182,14
DA:183,1
DA:184,0
DA:187,1
DA:188,0
DA:189,0
DA:191,0
LF:100
LH:10
BRDA:6,0,0,14
BRDA:6,0,1,0
BRDA:64,1,0,0
BRDA:64,1,1,0
BRDA:70,2,0,0
BRDA:70,2,1,0
BRDA:76,3,0,0
BRDA:76,3,1,0
BRDA:79,4,0,0
BRDA:79,4,1,0
BRDA:87,5,0,0
BRDA:87,5,1,0
BRDA:93,6,0,0
BRDA:93,6,1,0
BRDA:99,7,0,0
BRDA:99,7,1,0
BRDA:102,8,0,0
BRDA:102,8,1,0
BRDA:110,9,0,0
BRDA:110,9,1,0
BRDA:116,10,0,0
BRDA:116,10,1,0
BRDA:122,11,0,0
BRDA:122,11,1,0
BRDA:125,12,0,0
BRDA:125,12,1,0
BRDA:137,13,0,0
BRDA:137,13,1,0
BRDA:141,14,0,0
BRDA:141,14,1,0
BRDA:164,15,0,0
BRDA:164,15,1,0
BRDA:164,15,2,0
BRDA:164,15,3,0
BRDA:164,15,4,0
BRDA:164,15,5,0
BRDA:183,16,0,0
BRDA:183,16,1,1
BRF:38
BRH:2
end_of_record
TN:
SF:src\utils\socketConnectionRateLimit.ts
FN:11,(anonymous_1)
FN:25,(anonymous_2)
FN:35,(anonymous_3)
FNF:3
FNH:0
FNDA:0,(anonymous_1)
FNDA:0,(anonymous_2)
FNDA:0,(anonymous_3)
DA:1,10
DA:2,10
DA:4,10
DA:5,10
DA:8,10
DA:11,10
DA:12,0
DA:13,0
DA:14,0
DA:15,0
DA:21,10
DA:22,10
DA:25,10
DA:28,0
DA:29,0
DA:30,0
DA:32,0
DA:35,10
DA:38,0
DA:39,0
DA:41,0
DA:42,0
DA:43,0
DA:44,0
DA:45,0
DA:47,0
DA:49,0
DA:53,0
DA:54,0
DA:55,0
DA:56,0
DA:57,0
DA:60,0
DA:61,0
LF:34
LH:10
BRDA:14,0,0,0
BRDA:14,0,1,0
BRDA:21,1,0,10
BRDA:21,1,1,0
BRDA:21,2,0,10
BRDA:21,2,1,10
BRDA:29,3,0,0
BRDA:29,3,1,0
BRDA:29,4,0,0
BRDA:29,4,1,0
BRDA:32,5,0,0
BRDA:32,5,1,0
BRDA:41,6,0,0
BRDA:41,6,1,0
BRDA:41,7,0,0
BRDA:41,7,1,0
BRDA:44,8,0,0
BRDA:44,8,1,0
BRDA:55,9,0,0
BRDA:55,9,1,0
BRDA:55,10,0,0
BRDA:55,10,1,0
BRF:22
BRH:3
end_of_record
TN:
SF:src\utils\totp.ts
FN:5,(anonymous_1)
FN:20,(anonymous_2)
FN:33,(anonymous_3)
FN:52,(anonymous_4)
FN:58,(anonymous_5)
FNF:5
FNH:0
FNDA:0,(anonymous_1)
FNDA:0,(anonymous_2)
FNDA:0,(anonymous_3)
FNDA:0,(anonymous_4)
FNDA:0,(anonymous_5)
DA:1,1
DA:3,1
DA:5,1
DA:6,0
DA:7,0
DA:8,0
DA:9,0
DA:10,0
DA:11,0
DA:13,0
DA:14,0
DA:15,0
DA:17,0
DA:20,1
DA:21,0
DA:22,0
DA:23,0
DA:24,0
DA:26,0
DA:30,0
DA:33,1
DA:34,0
DA:35,0
DA:36,0
DA:37,0
DA:38,0
DA:39,0
DA:40,0
DA:41,0
DA:42,0
DA:44,0
DA:45,0
DA:46,0
DA:49,0
DA:52,1
DA:53,0
DA:54,0
DA:55,0
DA:58,1
DA:59,0
DA:60,0
DA:62,0
DA:63,0
DA:64,0
DA:66,0
DA:67,0
DA:69,0
LF:47
LH:7
BRDA:10,0,0,0
BRDA:10,0,1,0
BRDA:58,1,0,0
BRDA:60,2,0,0
BRDA:60,2,1,0
BRDA:67,3,0,0
BRDA:67,3,1,0
BRF:7
BRH:0
end_of_record
TN:
SF:src\utils\twoFactorPending.ts
FN:3,(anonymous_1)
FN:6,(anonymous_2)
FN:11,(anonymous_3)
FN:19,(anonymous_4)
FNF:4
FNH:0
FNDA:0,(anonymous_1)
FNDA:0,(anonymous_2)
FNDA:0,(anonymous_3)
FNDA:0,(anonymous_4)
DA:1,3
DA:3,3
DA:4,3
DA:6,3
DA:7,0
DA:8,0
DA:11,3
DA:12,0
DA:13,0
DA:15,0
DA:16,0
DA:19,3
DA:20,0
DA:21,0
DA:23,0
DA:24,0
LF:16
LH:6
BRDA:7,0,0,0
BRDA:7,0,1,0
BRDA:7,1,0,0
BRDA:7,1,1,0
BRDA:12,2,0,0
BRDA:12,2,1,0
BRDA:12,3,0,0
BRDA:12,3,1,0
BRDA:20,4,0,0
BRDA:20,4,1,0
BRDA:20,5,0,0
BRDA:20,5,1,0
BRF:12
BRH:0
end_of_record
TN:
SF:src\utils\userSessionCache.ts
FN:9,(anonymous_1)
FN:10,(anonymous_2)
FN:11,(anonymous_3)
FN:17,(anonymous_4)
FN:22,(anonymous_5)
FN:30,(anonymous_6)
FN:42,(anonymous_7)
FN:55,(anonymous_8)
FN:69,(anonymous_9)
FN:72,(anonymous_10)
FN:75,(anonymous_11)
FNF:11
FNH:6
FNDA:7,(anonymous_1)
FNDA:0,(anonymous_2)
FNDA:0,(anonymous_3)
FNDA:7,(anonymous_4)
FNDA:7,(anonymous_5)
FNDA:7,(anonymous_6)
FNDA:7,(anonymous_7)
FNDA:1,(anonymous_8)
FNDA:0,(anonymous_9)
FNDA:0,(anonymous_10)
FNDA:0,(anonymous_11)
DA:1,7
DA:2,7
DA:4,7
DA:5,7
DA:6,7
DA:8,7
DA:9,7
DA:10,0
DA:11,0
DA:15,7
DA:17,7
DA:18,7
DA:19,0
DA:22,7
DA:23,7
DA:26,7
DA:27,7
DA:30,7
DA:31,7
DA:32,0
DA:33,0
DA:34,0
DA:35,0
DA:37,0
DA:38,0
DA:42,7
DA:47,7
DA:48,0
DA:49,0
DA:51,0
DA:55,7
DA:56,1
DA:57,0
DA:62,0
DA:63,0
DA:65,0
DA:69,7
DA:70,0
DA:72,7
DA:73,0
DA:75,7
DA:76,0
LF:42
LH:23
BRDA:18,0,0,0
BRDA:18,0,1,7
BRDA:31,1,0,7
BRDA:31,1,1,0
BRDA:31,2,0,7
BRDA:31,2,1,0
BRDA:34,3,0,0
BRDA:34,3,1,0
BRDA:47,4,0,7
BRDA:47,4,1,0
BRDA:47,5,0,7
BRDA:47,5,1,0
BRDA:56,6,0,1
BRDA:56,6,1,0
BRDA:56,7,0,1
BRDA:56,7,1,0
BRF:16
BRH:7
end_of_record
TN:
SF:src\utils\walletMutations.ts
FN:6,(anonymous_1)
FN:20,(anonymous_2)
FN:34,(anonymous_3)
FN:48,(anonymous_4)
FNF:4
FNH:0
FNDA:0,(anonymous_1)
FNDA:0,(anonymous_2)
FNDA:0,(anonymous_3)
FNDA:0,(anonymous_4)
DA:2,1
DA:3,1
DA:6,1
DA:11,0
DA:12,0
DA:20,1
DA:25,0
DA:26,0
DA:34,1
DA:39,0
DA:40,0
DA:48,1
DA:53,0
DA:54,0
DA:59,0
DA:60,0
DA:62,0
LF:17
LH:6
BRDA:11,0,0,0
BRDA:11,0,1,0
BRDA:11,1,0,0
BRDA:11,1,1,0
BRDA:25,2,0,0
BRDA:25,2,1,0
BRDA:25,3,0,0
BRDA:25,3,1,0
BRDA:39,4,0,0
BRDA:39,4,1,0
BRDA:39,5,0,0
BRDA:39,5,1,0
BRDA:53,6,0,0
BRDA:53,6,1,0
BRDA:53,7,0,0
BRDA:53,7,1,0
BRDA:59,8,0,0
BRDA:59,8,1,0
BRF:18
BRH:0
end_of_record
TN:
SF:src\validators\recommendationValidator.ts
FNF:0
FNH:0
DA:1,1
DA:3,1
DA:11,1
LF:3
LH:3
BRF:0
BRH:0
end_of_record
