TN:
SF:src\app.ts
FN:83,(anonymous_10)
FN:94,(anonymous_11)
FN:107,(anonymous_12)
FN:119,(anonymous_13)
FN:151,(anonymous_14)
FN:180,(anonymous_15)
FN:190,(anonymous_16)
FN:197,(anonymous_17)
FN:215,(anonymous_18)
FN:218,(anonymous_19)
FN:238,(anonymous_20)
FN:248,(anonymous_21)
FN:299,(anonymous_22)
FNF:13
FNH:6
FNDA:2,(anonymous_10)
FNDA:1,(anonymous_11)
FNDA:0,(anonymous_12)
FNDA:28,(anonymous_13)
FNDA:26,(anonymous_14)
FNDA:0,(anonymous_15)
FNDA:0,(anonymous_16)
FNDA:0,(anonymous_17)
FNDA:0,(anonymous_18)
FNDA:0,(anonymous_19)
FNDA:4,(anonymous_20)
FNDA:0,(anonymous_21)
FNDA:2,(anonymous_22)
DA:1,8
DA:2,8
DA:3,8
DA:4,8
DA:5,8
DA:6,8
DA:7,8
DA:8,8
DA:10,8
DA:12,8
DA:13,8
DA:14,8
DA:15,8
DA:16,8
DA:18,8
DA:19,8
DA:20,8
DA:21,8
DA:22,8
DA:23,8
DA:24,8
DA:25,8
DA:26,8
DA:27,8
DA:28,8
DA:29,8
DA:30,8
DA:31,8
DA:32,8
DA:33,8
DA:34,8
DA:35,8
DA:36,8
DA:39,8
DA:41,8
DA:44,8
DA:48,8
DA:49,8
DA:52,8
DA:55,8
DA:58,8
DA:59,8
DA:60,8
DA:63,8
DA:64,0
DA:71,8
DA:72,8
DA:75,8
DA:76,8
DA:81,8
DA:84,2
DA:85,2
DA:86,1
DA:91,1
DA:95,1
DA:96,1
DA:97,1
DA:99,0
DA:100,0
DA:101,0
DA:103,0
DA:105,0
DA:108,0
DA:109,0
DA:110,0
DA:112,0
DA:119,8
DA:120,28
DA:121,2
DA:123,26
DA:124,26
DA:126,0
DA:127,0
DA:129,26
DA:133,8
DA:134,8
DA:135,8
DA:138,8
DA:139,8
DA:140,8
DA:141,8
DA:144,8
DA:147,8
DA:148,8
DA:151,8
DA:152,26
DA:153,8
DA:154,8
DA:156,26
DA:157,26
DA:158,26
DA:159,26
DA:160,13
DA:162,26
DA:163,13
DA:166,26
DA:167,26
DA:168,26
DA:169,26
DA:170,0
DA:172,26
DA:173,0
DA:176,26
DA:180,8
DA:181,0
DA:190,8
DA:191,0
DA:194,8
DA:197,8
DA:198,0
DA:199,0
DA:200,0
DA:201,0
DA:203,0
DA:208,8
DA:215,8
DA:218,8
DA:219,0
DA:220,0
DA:221,0
DA:222,0
DA:223,0
DA:225,0
DA:226,0
DA:231,8
DA:234,8
DA:235,8
DA:238,8
DA:239,4
DA:243,8
DA:249,0
DA:250,0
DA:251,0
DA:253,0
DA:254,0
DA:255,0
DA:256,0
DA:257,0
DA:263,0
DA:264,0
DA:266,0
DA:268,0
DA:299,8
DA:300,2
DA:301,2
DA:303,0
DA:305,2
DA:309,8
DA:312,8
DA:313,0
DA:317,8
DA:319,8
LF:152
LH:110
BRDA:63,0,0,0
BRDA:63,0,1,8
BRDA:66,1,0,0
BRDA:66,1,1,0
BRDA:84,2,0,2
BRDA:84,2,1,0
BRDA:85,3,0,1
BRDA:85,3,1,1
BRDA:96,4,0,1
BRDA:96,4,1,0
BRDA:120,5,0,2
BRDA:120,5,1,26
BRDA:120,6,0,28
BRDA:120,6,1,26
BRDA:123,7,0,26
BRDA:123,7,1,17
BRDA:124,8,0,0
BRDA:124,8,1,26
BRDA:152,9,0,8
BRDA:152,9,1,18
BRDA:156,10,0,26
BRDA:156,10,1,0
BRDA:166,11,0,26
BRDA:166,11,1,0
BRDA:239,12,0,4
BRDA:239,12,1,0
BRDA:250,13,0,0
BRDA:250,13,1,0
BRDA:256,14,0,0
BRDA:256,14,1,0
BRDA:300,15,0,2
BRDA:300,15,1,0
BRDA:301,16,0,0
BRDA:301,16,1,2
BRDA:312,17,0,0
BRDA:312,17,1,8
BRF:36
BRH:20
end_of_record
TN:
SF:src\socket.ts
FN:17,(anonymous_1)
FN:29,(anonymous_2)
FN:37,(anonymous_3)
FN:64,(anonymous_4)
FN:74,(anonymous_5)
FN:117,(anonymous_6)
FN:137,(anonymous_7)
FN:141,(anonymous_8)
FN:150,(anonymous_9)
FN:167,(anonymous_10)
FN:176,(anonymous_11)
FN:184,(anonymous_12)
FN:203,(anonymous_13)
FN:217,(anonymous_14)
FN:231,(anonymous_15)
FN:238,(anonymous_16)
FN:247,(anonymous_17)
FN:256,(anonymous_18)
FNF:18
FNH:12
FNDA:3,(anonymous_1)
FNDA:1,(anonymous_2)
FNDA:1,(anonymous_3)
FNDA:4,(anonymous_4)
FNDA:2,(anonymous_5)
FNDA:0,(anonymous_6)
FNDA:2,(anonymous_7)
FNDA:0,(anonymous_8)
FNDA:1,(anonymous_9)
FNDA:1,(anonymous_10)
FNDA:1,(anonymous_11)
FNDA:4,(anonymous_12)
FNDA:0,(anonymous_13)
FNDA:0,(anonymous_14)
FNDA:1,(anonymous_15)
FNDA:0,(anonymous_16)
FNDA:1,(anonymous_17)
FNDA:0,(anonymous_18)
DA:2,11
DA:3,11
DA:4,11
DA:5,11
DA:6,11
DA:7,11
DA:8,11
DA:9,11
DA:10,11
DA:11,11
DA:17,11
DA:21,3
DA:29,11
DA:30,1
DA:31,1
DA:32,0
DA:34,1
DA:37,11
DA:38,1
DA:39,1
DA:40,1
DA:42,1
DA:44,1
DA:45,0
DA:49,0
DA:52,1
DA:54,1
DA:55,0
DA:60,1
DA:64,11
DA:65,4
DA:67,4
DA:70,4
DA:71,2
DA:74,2
DA:75,2
DA:76,0
DA:82,2
DA:83,2
DA:84,2
DA:85,1
DA:87,1
DA:91,2
DA:92,1
DA:95,1
DA:96,1
DA:97,0
DA:100,1
DA:105,0
DA:108,1
DA:109,1
DA:111,0
DA:112,0
DA:117,11
DA:122,0
DA:123,0
DA:124,0
DA:125,0
DA:126,0
DA:127,0
DA:132,0
DA:137,11
DA:138,2
DA:140,2
DA:141,1
DA:142,0
DA:143,0
DA:144,0
DA:146,0
DA:150,2
DA:151,1
DA:153,1
DA:155,1
DA:156,0
DA:157,0
DA:158,0
DA:159,0
DA:161,1
DA:162,1
DA:163,1
DA:164,1
DA:167,1
DA:168,1
DA:176,11
DA:177,1
DA:178,1
DA:179,1
DA:181,1
DA:185,4
DA:186,4
DA:188,0
DA:203,1
DA:204,0
DA:205,0
DA:206,0
DA:210,0
DA:212,0
DA:217,1
DA:218,0
DA:219,0
DA:222,1
DA:223,1
DA:225,1
DA:228,1
DA:231,11
DA:232,1
DA:233,0
DA:235,1
DA:238,11
DA:239,0
DA:240,0
DA:247,11
DA:248,1
DA:249,1
DA:250,1
DA:252,0
DA:256,11
DA:257,0
DA:258,0
DA:259,0
DA:261,0
LF:121
LH:81
BRDA:30,0,0,1
BRDA:30,0,1,1
BRDA:31,1,0,0
BRDA:31,1,1,1
BRDA:42,2,0,0
BRDA:42,2,1,1
BRDA:44,3,0,0
BRDA:44,3,1,1
BRDA:44,4,0,1
BRDA:44,4,1,1
BRDA:44,4,2,0
BRDA:54,5,0,0
BRDA:54,5,1,1
BRDA:56,6,0,0
BRDA:56,6,1,0
BRDA:60,7,0,0
BRDA:60,7,1,1
BRDA:67,8,0,4
BRDA:67,8,1,2
BRDA:70,9,0,2
BRDA:70,9,1,2
BRDA:74,10,0,2
BRDA:74,10,1,0
BRDA:75,11,0,0
BRDA:75,11,1,2
BRDA:75,12,0,2
BRDA:75,12,1,2
BRDA:91,13,0,1
BRDA:91,13,1,1
BRDA:92,14,0,1
BRDA:92,14,1,0
BRDA:96,15,0,0
BRDA:96,15,1,1
BRDA:96,16,0,1
BRDA:96,16,1,1
BRDA:100,17,0,0
BRDA:100,17,1,1
BRDA:101,18,0,1
BRDA:101,18,1,0
BRDA:101,18,2,0
BRDA:124,19,0,0
BRDA:124,19,1,0
BRDA:126,20,0,0
BRDA:126,20,1,0
BRDA:140,21,0,1
BRDA:140,21,1,1
BRDA:143,22,0,0
BRDA:143,22,1,0
BRDA:153,23,0,0
BRDA:153,23,1,1
BRDA:155,24,0,0
BRDA:155,24,1,1
BRDA:177,25,0,1
BRDA:177,25,1,0
BRDA:179,26,0,0
BRDA:179,26,1,1
BRDA:185,27,0,4
BRDA:185,27,1,0
BRDA:185,28,0,4
BRDA:185,28,1,0
BRDA:198,29,0,0
BRDA:198,29,1,1
BRDA:200,30,0,0
BRDA:200,30,1,1
BRDA:205,31,0,0
BRDA:205,31,1,0
BRDA:226,32,0,0
BRDA:226,32,1,1
BRDA:232,33,0,0
BRDA:232,33,1,1
BRDA:239,34,0,0
BRDA:239,34,1,0
BRDA:248,35,0,1
BRDA:248,35,1,0
BRDA:257,36,0,0
BRDA:257,36,1,0
BRF:76
BRH:38
end_of_record
TN:
SF:src\config\adminConfig.ts
FN:9,(anonymous_0)
FN:18,(anonymous_1)
FN:27,(anonymous_2)
FN:84,(anonymous_3)
FN:99,(anonymous_4)
FNF:5
FNH:2
FNDA:0,(anonymous_0)
FNDA:0,(anonymous_1)
FNDA:0,(anonymous_2)
FNDA:2,(anonymous_3)
FNDA:2,(anonymous_4)
DA:9,11
DA:10,0
DA:11,0
DA:18,11
DA:19,0
DA:23,0
DA:27,11
DA:28,0
DA:29,0
DA:30,0
DA:36,11
DA:44,11
DA:62,11
DA:84,11
DA:85,2
DA:86,2
DA:88,2
DA:89,2
DA:91,2
DA:99,11
DA:100,2
DA:101,2
DA:103,2
DA:104,2
DA:106,2
LF:25
LH:18
BRDA:10,0,0,0
BRDA:10,0,1,0
BRDA:11,1,0,0
BRDA:11,1,1,0
BRDA:20,2,0,0
BRDA:20,2,1,0
BRDA:21,3,0,0
BRDA:21,3,1,0
BRDA:29,4,0,0
BRDA:29,4,1,0
BRDA:85,5,0,2
BRDA:85,5,1,0
BRDA:86,6,0,2
BRDA:86,6,1,0
BRDA:88,7,0,0
BRDA:88,7,1,2
BRDA:89,8,0,0
BRDA:89,8,1,2
BRDA:100,9,0,2
BRDA:100,9,1,0
BRDA:101,10,0,2
BRDA:101,10,1,0
BRDA:103,11,0,0
BRDA:103,11,1,2
BRDA:104,12,0,0
BRDA:104,12,1,2
BRF:26
BRH:8
end_of_record
TN:
SF:src\config\cloudinary.ts
FN:6,(anonymous_1)
FNF:1
FNH:0
FNDA:0,(anonymous_1)
DA:1,10
DA:3,10
DA:4,10
DA:6,10
DA:7,0
DA:8,0
DA:11,0
DA:12,0
DA:13,0
DA:14,0
DA:16,0
DA:17,0
DA:18,0
DA:19,0
DA:21,0
DA:22,0
DA:23,0
DA:28,0
DA:31,0
DA:32,0
DA:35,10
LF:21
LH:5
BRDA:7,0,0,0
BRDA:7,0,1,0
BRDA:7,1,0,0
BRDA:7,1,1,0
BRDA:16,2,0,0
BRDA:16,2,1,0
BRDA:16,3,0,0
BRDA:16,3,1,0
BRDA:16,3,2,0
BRDA:18,4,0,0
BRDA:18,4,1,0
BRDA:21,5,0,0
BRDA:21,5,1,0
BRF:13
BRH:0
end_of_record
TN:
SF:src\config\cookieConfig.ts
FN:14,(anonymous_0)
FN:23,(anonymous_1)
FN:34,(anonymous_2)
FN:47,(anonymous_3)
FN:53,(anonymous_4)
FN:66,(anonymous_5)
FN:71,(anonymous_6)
FNF:7
FNH:5
FNDA:10,(anonymous_0)
FNDA:1,(anonymous_1)
FNDA:0,(anonymous_2)
FNDA:2,(anonymous_3)
FNDA:1,(anonymous_4)
FNDA:8,(anonymous_5)
FNDA:0,(anonymous_6)
DA:3,9
DA:4,9
DA:14,9
DA:15,10
DA:23,9
DA:24,1
DA:34,9
DA:35,0
DA:47,9
DA:53,9
DA:54,1
DA:66,9
DA:71,9
DA:72,0
LF:14
LH:12
BRDA:4,0,0,9
BRDA:4,0,1,9
BRDA:15,1,0,0
BRDA:15,1,1,10
BRDA:26,2,0,0
BRDA:26,2,1,1
BRDA:34,3,0,0
BRF:7
BRH:4
end_of_record
TN:
SF:src\config\corsConfig.ts
FN:10,(anonymous_1)
FN:22,(anonymous_2)
FN:44,(anonymous_3)
FN:85,(anonymous_4)
FNF:4
FNH:4
FNDA:12,(anonymous_1)
FNDA:60,(anonymous_2)
FNDA:13,(anonymous_3)
FNDA:30,(anonymous_4)
DA:2,12
DA:4,12
DA:10,12
DA:11,12
DA:14,12
DA:15,12
DA:16,12
DA:20,12
DA:22,60
DA:25,12
DA:26,60
DA:28,60
DA:29,60
DA:31,0
DA:36,12
DA:37,12
DA:39,12
DA:42,12
DA:44,12
DA:45,13
DA:47,13
DA:48,13
DA:49,13
DA:50,13
DA:53,13
DA:54,13
DA:60,9
DA:64,4
DA:65,2
DA:69,2
DA:70,0
DA:73,2
DA:75,0
DA:85,12
DA:86,30
DA:88,30
DA:104,30
DA:106,21
DA:109,9
DA:110,9
DA:113,0
DA:114,0
LF:42
LH:37
BRDA:14,0,0,12
BRDA:14,0,1,0
BRDA:20,1,0,12
BRDA:20,1,1,0
BRDA:28,2,0,60
BRDA:28,2,1,0
BRDA:45,3,0,0
BRDA:45,3,1,13
BRDA:45,4,0,13
BRDA:45,4,1,13
BRDA:53,5,0,13
BRDA:53,5,1,0
BRDA:54,6,0,9
BRDA:54,6,1,4
BRDA:55,7,0,13
BRDA:55,7,1,4
BRDA:55,7,2,4
BRDA:55,7,3,4
BRDA:64,8,0,2
BRDA:64,8,1,2
BRDA:69,9,0,0
BRDA:69,9,1,2
BRDA:104,10,0,21
BRDA:104,10,1,9
BRDA:109,11,0,9
BRDA:109,11,1,0
BRF:26
BRH:19
end_of_record
TN:
SF:src\config\db.ts
FN:6,(anonymous_1)
FN:10,(anonymous_2)
FN:13,(anonymous_3)
FN:16,(anonymous_4)
FN:19,(anonymous_5)
FN:22,(anonymous_6)
FN:58,(anonymous_7)
FN:60,(anonymous_8)
FN:71,(anonymous_9)
FN:106,(anonymous_10)
FN:116,(anonymous_11)
FN:130,(anonymous_12)
FN:181,(anonymous_13)
FN:187,(anonymous_14)
FN:191,(anonymous_15)
FN:196,(anonymous_16)
FN:201,(anonymous_17)
FN:209,(anonymous_18)
FN:228,(anonymous_19)
FN:240,(anonymous_20)
FN:248,(anonymous_21)
FN:253,(anonymous_22)
FN:263,(anonymous_23)
FN:270,(anonymous_24)
FN:287,(anonymous_25)
FN:287,(anonymous_26)
FN:318,(anonymous_27)
FN:331,(anonymous_28)
FN:334,(anonymous_29)
FN:341,(anonymous_30)
FN:352,(anonymous_31)
FN:356,(anonymous_32)
FN:360,(anonymous_33)
FN:364,(anonymous_34)
FNF:34
FNH:3
FNDA:18,(anonymous_1)
FNDA:0,(anonymous_2)
FNDA:0,(anonymous_3)
FNDA:0,(anonymous_4)
FNDA:0,(anonymous_5)
FNDA:0,(anonymous_6)
FNDA:8,(anonymous_7)
FNDA:8,(anonymous_8)
FNDA:0,(anonymous_9)
FNDA:0,(anonymous_10)
FNDA:0,(anonymous_11)
FNDA:0,(anonymous_12)
FNDA:0,(anonymous_13)
FNDA:0,(anonymous_14)
FNDA:0,(anonymous_15)
FNDA:0,(anonymous_16)
FNDA:0,(anonymous_17)
FNDA:0,(anonymous_18)
FNDA:0,(anonymous_19)
FNDA:0,(anonymous_20)
FNDA:0,(anonymous_21)
FNDA:0,(anonymous_22)
FNDA:0,(anonymous_23)
FNDA:0,(anonymous_24)
FNDA:0,(anonymous_25)
FNDA:0,(anonymous_26)
FNDA:0,(anonymous_27)
FNDA:0,(anonymous_28)
FNDA:0,(anonymous_29)
FNDA:0,(anonymous_30)
FNDA:0,(anonymous_31)
FNDA:0,(anonymous_32)
FNDA:0,(anonymous_33)
FNDA:0,(anonymous_34)
DA:1,8
DA:2,8
DA:3,8
DA:6,8
DA:7,18
DA:8,18
DA:10,18
DA:11,0
DA:13,18
DA:14,0
DA:16,18
DA:17,0
DA:19,18
DA:20,0
DA:22,18
DA:24,0
DA:25,0
DA:42,8
DA:43,8
DA:44,8
DA:45,8
DA:48,8
DA:49,8
DA:50,8
DA:51,8
DA:52,8
DA:55,8
DA:56,8
DA:61,8
DA:62,8
DA:64,8
DA:72,0
DA:73,0
DA:75,0
DA:76,0
DA:77,0
DA:78,0
DA:82,0
DA:83,0
DA:84,0
DA:85,0
DA:87,0
DA:88,0
DA:89,0
DA:92,0
DA:93,0
DA:97,0
DA:98,0
DA:99,0
DA:101,0
DA:103,0
DA:107,0
DA:108,0
DA:109,0
DA:110,0
DA:111,0
DA:112,0
DA:117,0
DA:131,0
DA:133,0
DA:134,0
DA:135,0
DA:139,0
DA:140,0
DA:141,0
DA:142,0
DA:147,0
DA:148,0
DA:149,0
DA:153,0
DA:154,0
DA:155,0
DA:158,0
DA:159,0
DA:160,0
DA:162,0
DA:180,0
DA:181,0
DA:182,0
DA:183,0
DA:184,0
DA:187,0
DA:188,0
DA:191,0
DA:192,0
DA:193,0
DA:196,0
DA:197,0
DA:198,0
DA:201,0
DA:202,0
DA:203,0
DA:207,0
DA:209,0
DA:210,0
DA:211,0
DA:212,0
DA:213,0
DA:214,0
DA:216,0
DA:218,0
DA:219,0
DA:220,0
DA:226,0
DA:227,0
DA:228,0
DA:229,0
DA:233,0
DA:234,0
DA:249,0
DA:252,0
DA:253,0
DA:254,0
DA:258,0
DA:259,0
DA:264,0
DA:265,0
DA:266,0
DA:271,0
DA:272,0
DA:273,0
DA:274,0
DA:275,0
DA:276,0
DA:277,0
DA:279,0
DA:280,0
DA:281,0
DA:284,0
DA:285,0
DA:287,0
DA:289,0
DA:291,0
DA:292,0
DA:293,0
DA:295,0
DA:296,0
DA:297,0
DA:298,0
DA:299,0
DA:302,0
DA:304,0
DA:305,0
DA:306,0
DA:307,0
DA:309,0
DA:310,0
DA:311,0
DA:319,0
DA:320,0
DA:321,0
DA:324,0
DA:325,0
DA:326,0
DA:327,0
DA:329,0
DA:330,0
DA:332,0
DA:335,0
DA:336,0
DA:342,0
DA:343,0
DA:344,0
DA:345,0
DA:350,8
DA:352,8
DA:353,0
DA:356,8
DA:357,0
DA:360,8
DA:361,0
DA:364,8
DA:365,0
DA:368,8
LF:174
LH:31
BRDA:11,0,0,0
BRDA:11,0,1,0
BRDA:14,1,0,0
BRDA:14,1,1,0
BRDA:17,2,0,0
BRDA:17,2,1,0
BRDA:20,3,0,0
BRDA:20,3,1,0
BRDA:25,4,0,0
BRDA:25,4,1,0
BRDA:61,5,0,8
BRDA:61,5,1,0
BRDA:72,6,0,0
BRDA:72,6,1,0
BRDA:73,7,0,0
BRDA:73,7,1,0
BRDA:75,8,0,0
BRDA:75,8,1,0
BRDA:77,9,0,0
BRDA:77,9,1,0
BRDA:83,10,0,0
BRDA:83,10,1,0
BRDA:84,11,0,0
BRDA:84,11,1,0
BRDA:85,12,0,0
BRDA:85,12,1,0
BRDA:88,13,0,0
BRDA:88,13,1,0
BRDA:88,14,0,0
BRDA:88,14,1,0
BRDA:92,15,0,0
BRDA:92,15,1,0
BRDA:93,16,0,0
BRDA:93,16,1,0
BRDA:107,17,0,0
BRDA:107,17,1,0
BRDA:107,17,2,0
BRDA:107,17,3,0
BRDA:107,17,4,0
BRDA:123,18,0,0
BRDA:123,18,1,0
BRDA:133,19,0,0
BRDA:133,19,1,0
BRDA:139,20,0,0
BRDA:139,20,1,0
BRDA:140,21,0,0
BRDA:140,21,1,0
BRDA:140,22,0,0
BRDA:140,22,1,0
BRDA:147,23,0,0
BRDA:147,23,1,0
BRDA:153,24,0,0
BRDA:153,24,1,0
BRDA:153,25,0,0
BRDA:153,25,1,0
BRDA:180,26,0,0
BRDA:180,26,1,0
BRDA:209,27,0,0
BRDA:218,28,0,0
BRDA:218,28,1,0
BRDA:258,29,0,0
BRDA:258,29,1,0
BRDA:264,30,0,0
BRDA:264,30,1,0
BRDA:273,31,0,0
BRDA:273,31,1,0
BRDA:273,32,0,0
BRDA:273,32,1,0
BRDA:289,33,0,0
BRDA:289,33,1,0
BRDA:295,34,0,0
BRDA:295,34,1,0
BRDA:319,35,0,0
BRDA:319,35,1,0
BRDA:324,36,0,0
BRDA:324,36,1,0
BRDA:344,37,0,0
BRDA:344,37,1,0
BRF:78
BRH:1
end_of_record
TN:
SF:src\config\envSchema.ts
FN:73,(anonymous_0)
FN:102,(anonymous_1)
FNF:2
FNH:2
FNDA:4,(anonymous_0)
FNDA:4,(anonymous_1)
DA:1,10
DA:7,10
DA:74,4
DA:76,0
DA:77,0
DA:80,0
DA:83,0
DA:86,0
DA:89,0
DA:90,0
DA:91,0
DA:93,4
DA:102,10
DA:103,4
DA:105,4
DA:106,0
DA:107,0
DA:110,4
DA:115,10
LF:19
LH:9
BRDA:74,0,0,0
BRDA:74,0,1,4
BRDA:76,1,0,0
BRDA:76,1,1,0
BRDA:77,2,0,0
BRDA:77,2,1,0
BRDA:80,3,0,0
BRDA:80,3,1,0
BRDA:80,4,0,0
BRDA:80,4,1,0
BRDA:83,5,0,0
BRDA:83,5,1,0
BRDA:83,6,0,0
BRDA:83,6,1,0
BRDA:86,7,0,0
BRDA:86,7,1,0
BRDA:86,8,0,0
BRDA:86,8,1,0
BRDA:86,8,2,0
BRDA:89,9,0,0
BRDA:89,9,1,0
BRDA:90,10,0,0
BRDA:90,10,1,0
BRDA:91,11,0,0
BRDA:91,11,1,0
BRDA:105,12,0,0
BRDA:105,12,1,4
BRF:27
BRH:2
end_of_record
TN:
SF:src\config\loadEnv.ts
FNF:0
FNH:0
DA:1,4
DA:2,4
DA:5,4
DA:8,4
LF:4
LH:4
BRF:0
BRH:0
end_of_record
TN:
SF:src\config\logger.ts
FN:5,(anonymous_1)
FN:43,(anonymous_2)
FN:51,(anonymous_3)
FN:72,(anonymous_4)
FN:95,(anonymous_5)
FN:114,(anonymous_6)
FNF:6
FNH:5
FNDA:142,(anonymous_1)
FNDA:0,(anonymous_2)
FNDA:90,(anonymous_3)
FNDA:303,(anonymous_4)
FNDA:2093,(anonymous_5)
FNDA:142,(anonymous_6)
DA:1,31
DA:2,31
DA:5,31
DA:6,142
DA:7,142
DA:8,142
DA:9,35
DA:10,35
DA:11,35
DA:16,142
DA:19,31
DA:35,31
DA:43,31
DA:44,0
DA:45,0
DA:46,0
DA:48,0
DA:51,31
DA:52,90
DA:53,90
DA:54,90
DA:55,90
DA:56,450
DA:58,90
DA:61,31
DA:72,31
DA:73,303
DA:75,278
DA:76,90
DA:79,188
DA:80,0
DA:83,188
DA:84,155
DA:85,0
DA:88,155
DA:89,155
DA:90,659
DA:91,498
DA:92,498
DA:95,2093
DA:96,161
DA:97,0
DA:99,161
DA:103,155
DA:104,155
DA:105,179
DA:108,155
DA:111,33
DA:114,31
DA:115,142
DA:118,31
DA:127,31
DA:129,31
DA:158,31
DA:172,31
LF:55
LH:48
BRDA:8,0,0,35
BRDA:8,0,1,107
BRDA:10,1,0,0
BRDA:10,1,1,35
BRDA:11,2,0,35
BRDA:11,2,1,0
BRDA:44,3,0,0
BRDA:44,3,1,0
BRDA:45,4,0,0
BRDA:45,4,1,0
BRDA:52,5,0,0
BRDA:52,5,1,90
BRDA:52,6,0,90
BRDA:52,6,1,90
BRDA:53,7,0,0
BRDA:53,7,1,90
BRDA:73,8,0,25
BRDA:73,8,1,278
BRDA:73,9,0,303
BRDA:73,9,1,303
BRDA:75,10,0,90
BRDA:75,10,1,188
BRDA:79,11,0,0
BRDA:79,11,1,188
BRDA:83,12,0,155
BRDA:83,12,1,33
BRDA:84,13,0,0
BRDA:84,13,1,155
BRDA:90,14,0,498
BRDA:90,14,1,161
BRDA:96,15,0,0
BRDA:96,15,1,161
BRDA:127,16,0,31
BRDA:127,16,1,31
BRDA:130,17,0,0
BRDA:130,17,1,31
BRDA:161,18,0,0
BRDA:161,18,1,31
BRF:38
BRH:25
end_of_record
TN:
SF:src\config\secretAudit.ts
FN:8,(anonymous_1)
FN:16,(anonymous_2)
FN:35,(anonymous_3)
FN:42,(anonymous_4)
FNF:4
FNH:1
FNDA:0,(anonymous_1)
FNDA:0,(anonymous_2)
FNDA:30,(anonymous_3)
FNDA:0,(anonymous_4)
DA:2,8
DA:3,8
DA:8,8
DA:9,0
DA:11,0
DA:13,0
DA:14,0
DA:15,0
DA:16,0
DA:17,0
DA:23,0
DA:24,0
DA:25,0
DA:26,0
DA:35,8
DA:36,30
DA:37,30
DA:40,0
DA:42,0
DA:44,0
DA:45,0
DA:46,0
DA:49,0
DA:57,0
DA:59,0
DA:61,0
DA:62,0
DA:65,0
DA:66,0
DA:69,0
DA:80,0
DA:83,0
LF:32
LH:6
BRDA:9,0,0,0
BRDA:9,0,1,0
BRDA:14,1,0,0
BRDA:14,1,1,0
BRDA:16,2,0,0
BRDA:16,2,1,0
BRDA:23,3,0,0
BRDA:23,3,1,0
BRDA:25,4,0,0
BRDA:25,4,1,0
BRDA:25,5,0,0
BRDA:25,5,1,0
BRDA:36,6,0,30
BRDA:36,6,1,0
BRDA:44,7,0,0
BRDA:44,7,1,0
BRDA:46,8,0,0
BRDA:46,8,1,0
BRDA:57,9,0,0
BRDA:57,9,1,0
BRDA:61,10,0,0
BRDA:61,10,1,0
BRDA:61,11,0,0
BRDA:61,11,1,0
BRDA:65,12,0,0
BRDA:65,12,1,0
BRF:26
BRH:1
end_of_record
TN:
SF:src\config\socketState.ts
FN:5,(anonymous_0)
FN:9,(anonymous_1)
FNF:2
FNH:1
FNDA:1,(anonymous_0)
FNDA:0,(anonymous_1)
DA:3,11
DA:5,11
DA:6,1
DA:9,11
LF:4
LH:4
BRF:0
BRH:0
end_of_record
TN:
SF:src\controllers\adminAuthController.ts
FN:18,(anonymous_1)
FN:40,(anonymous_2)
FN:57,(anonymous_3)
FN:91,(anonymous_4)
FN:105,(anonymous_5)
FN:122,(anonymous_6)
FN:140,(anonymous_7)
FN:153,(anonymous_8)
FN:174,(anonymous_9)
FN:184,(anonymous_10)
FNF:10
FNH:0
FNDA:0,(anonymous_1)
FNDA:0,(anonymous_2)
FNDA:0,(anonymous_3)
FNDA:0,(anonymous_4)
FNDA:0,(anonymous_5)
FNDA:0,(anonymous_6)
FNDA:0,(anonymous_7)
FNDA:0,(anonymous_8)
FNDA:0,(anonymous_9)
FNDA:0,(anonymous_10)
DA:2,1
DA:3,1
DA:4,1
DA:5,1
DA:6,1
DA:7,1
DA:8,1
DA:9,1
DA:10,1
DA:11,1
DA:16,1
DA:18,1
DA:19,0
DA:20,0
DA:21,0
DA:24,0
DA:25,0
DA:26,0
DA:29,0
DA:31,0
DA:40,1
DA:41,0
DA:42,0
DA:43,0
DA:44,0
DA:46,0
DA:47,0
DA:48,0
DA:50,0
DA:51,0
DA:52,0
DA:54,0
DA:57,1
DA:58,0
DA:59,0
DA:60,0
DA:63,0
DA:64,0
DA:65,0
DA:67,0
DA:68,0
DA:77,0
DA:78,0
DA:87,0
DA:91,1
DA:92,0
DA:93,0
DA:95,0
DA:96,0
DA:97,0
DA:100,0
DA:101,0
DA:105,1
DA:106,0
DA:107,0
DA:109,0
DA:110,0
DA:112,0
DA:113,0
DA:114,0
DA:117,0
DA:118,0
DA:122,1
DA:123,0
DA:124,0
DA:126,0
DA:128,0
DA:129,0
DA:131,0
DA:132,0
DA:133,0
DA:136,0
DA:137,0
DA:140,1
DA:141,0
DA:143,0
DA:144,0
DA:145,0
DA:147,0
DA:148,0
DA:150,0
DA:153,1
DA:154,0
DA:155,0
DA:156,0
DA:159,0
DA:161,0
DA:163,0
DA:164,0
DA:165,0
DA:167,0
DA:168,0
DA:174,0
DA:176,0
DA:181,0
DA:184,1
DA:185,0
DA:187,0
DA:188,0
DA:191,0
DA:193,0
LF:101
LH:20
BRDA:20,0,0,0
BRDA:20,0,1,0
BRDA:20,1,0,0
BRDA:20,1,1,0
BRDA:24,2,0,0
BRDA:24,2,1,0
BRDA:41,3,0,0
BRDA:41,3,1,0
BRDA:43,4,0,0
BRDA:43,4,1,0
BRDA:47,5,0,0
BRDA:47,5,1,0
BRDA:47,6,0,0
BRDA:47,6,1,0
BRDA:51,7,0,0
BRDA:51,7,1,0
BRDA:59,8,0,0
BRDA:59,8,1,0
BRDA:59,9,0,0
BRDA:59,9,1,0
BRDA:64,10,0,0
BRDA:64,10,1,0
BRDA:65,11,0,0
BRDA:65,11,1,0
BRDA:67,12,0,0
BRDA:67,12,1,0
BRDA:67,13,0,0
BRDA:67,13,1,0
BRDA:77,14,0,0
BRDA:77,14,1,0
BRDA:77,15,0,0
BRDA:77,15,1,0
BRDA:96,16,0,0
BRDA:96,16,1,0
BRDA:107,17,0,0
BRDA:107,17,1,0
BRDA:113,18,0,0
BRDA:113,18,1,0
BRDA:124,19,0,0
BRDA:124,19,1,0
BRDA:129,20,0,0
BRDA:129,20,1,0
BRDA:132,21,0,0
BRDA:132,21,1,0
BRDA:141,22,0,0
BRDA:141,22,1,0
BRDA:144,23,0,0
BRDA:144,23,1,0
BRDA:155,24,0,0
BRDA:155,24,1,0
BRDA:159,25,0,0
BRDA:159,25,1,0
BRDA:161,26,0,0
BRDA:161,26,1,0
BRDA:164,27,0,0
BRDA:164,27,1,0
BRDA:187,28,0,0
BRDA:187,28,1,0
BRDA:187,29,0,0
BRDA:187,29,1,0
BRDA:187,29,2,0
BRF:61
BRH:0
end_of_record
TN:
SF:src\controllers\adminInviteController.ts
FN:18,(anonymous_1)
FN:75,(anonymous_2)
FN:98,(anonymous_3)
FN:121,(anonymous_4)
FN:152,(anonymous_5)
FN:171,(anonymous_6)
FNF:6
FNH:2
FNDA:4,(anonymous_1)
FNDA:0,(anonymous_2)
FNDA:0,(anonymous_3)
FNDA:0,(anonymous_4)
FNDA:0,(anonymous_5)
FNDA:2,(anonymous_6)
DA:2,1
DA:3,1
DA:4,1
DA:5,1
DA:6,1
DA:7,1
DA:8,1
DA:9,1
DA:10,1
DA:11,1
DA:12,1
DA:18,1
DA:19,4
DA:20,4
DA:21,4
DA:23,4
DA:24,0
DA:27,4
DA:30,4
DA:31,4
DA:32,1
DA:36,3
DA:37,1
DA:41,2
DA:42,0
DA:46,2
DA:47,1
DA:51,1
DA:52,1
DA:53,0
DA:57,1
DA:66,1
DA:68,1
DA:75,1
DA:76,0
DA:78,0
DA:88,0
DA:89,0
DA:98,1
DA:99,0
DA:101,0
DA:111,0
DA:112,0
DA:121,1
DA:122,0
DA:123,0
DA:125,0
DA:126,0
DA:127,0
DA:130,0
DA:131,0
DA:135,0
DA:136,0
DA:139,0
DA:140,0
DA:141,0
DA:143,0
DA:145,0
DA:152,1
DA:153,0
DA:155,0
DA:160,0
DA:161,0
DA:164,0
DA:171,1
DA:172,2
DA:173,2
DA:175,2
DA:176,0
DA:179,2
DA:185,2
DA:186,0
DA:189,2
DA:190,1
DA:191,1
DA:192,0
DA:196,1
DA:197,1
DA:198,1
DA:199,1
DA:202,1
DA:203,1
DA:204,1
DA:207,1
DA:209,1
DA:211,1
DA:214,1
DA:215,1
DA:216,1
DA:218,1
DA:220,1
LF:91
LH:58
BRDA:23,0,0,0
BRDA:23,0,1,4
BRDA:23,1,0,4
BRDA:23,1,1,4
BRDA:31,2,0,1
BRDA:31,2,1,3
BRDA:36,3,0,1
BRDA:36,3,1,2
BRDA:41,4,0,0
BRDA:41,4,1,2
BRDA:46,5,0,1
BRDA:46,5,1,1
BRDA:52,6,0,0
BRDA:52,6,1,1
BRDA:60,7,0,1
BRDA:60,7,1,1
BRDA:126,8,0,0
BRDA:126,8,1,0
BRDA:130,9,0,0
BRDA:130,9,1,0
BRDA:135,10,0,0
BRDA:135,10,1,0
BRDA:160,11,0,0
BRDA:160,11,1,0
BRDA:175,12,0,0
BRDA:175,12,1,2
BRDA:175,13,0,2
BRDA:175,13,1,2
BRDA:185,14,0,0
BRDA:185,14,1,2
BRDA:189,15,0,1
BRDA:189,15,1,1
BRDA:191,16,0,0
BRDA:191,16,1,1
BRF:34
BRH:20
end_of_record
TN:
SF:src\controllers\adminManagementController.ts
FN:17,(anonymous_1)
FN:36,(anonymous_2)
FN:85,(anonymous_3)
FN:146,(anonymous_4)
FN:198,(anonymous_5)
FN:218,(anonymous_6)
FNF:6
FNH:0
FNDA:0,(anonymous_1)
FNDA:0,(anonymous_2)
FNDA:0,(anonymous_3)
FNDA:0,(anonymous_4)
FNDA:0,(anonymous_5)
FNDA:0,(anonymous_6)
DA:2,1
DA:3,1
DA:4,1
DA:5,1
DA:6,1
DA:7,1
DA:8,1
DA:9,1
DA:10,1
DA:11,1
DA:17,1
DA:18,0
DA:19,0
DA:21,0
DA:26,0
DA:27,0
DA:36,1
DA:37,0
DA:38,0
DA:40,0
DA:41,0
DA:45,0
DA:46,0
DA:49,0
DA:51,0
DA:52,0
DA:53,0
DA:55,0
DA:56,0
DA:57,0
DA:58,0
DA:59,0
DA:61,0
DA:63,0
DA:66,0
DA:67,0
DA:69,0
DA:78,0
DA:85,1
DA:86,0
DA:87,0
DA:88,0
DA:89,0
DA:91,0
DA:92,0
DA:95,0
DA:96,0
DA:97,0
DA:101,0
DA:102,0
DA:105,0
DA:106,0
DA:110,0
DA:111,0
DA:115,0
DA:116,0
DA:119,0
DA:120,0
DA:121,0
DA:123,0
DA:124,0
DA:139,0
DA:146,1
DA:147,0
DA:148,0
DA:149,0
DA:151,0
DA:152,0
DA:153,0
DA:157,0
DA:158,0
DA:161,0
DA:162,0
DA:166,0
DA:167,0
DA:170,0
DA:171,0
DA:172,0
DA:173,0
DA:175,0
DA:176,0
DA:191,0
DA:198,1
DA:199,0
DA:202,0
DA:203,0
DA:205,0
DA:210,0
DA:211,0
DA:218,1
DA:219,0
DA:221,0
DA:222,0
DA:223,0
DA:224,0
DA:228,0
DA:229,0
DA:230,0
DA:231,0
DA:232,0
DA:235,0
DA:236,0
DA:237,0
DA:240,0
DA:241,0
DA:242,0
DA:247,0
DA:248,0
DA:263,0
LF:109
LH:16
BRDA:40,0,0,0
BRDA:40,0,1,0
BRDA:40,1,0,0
BRDA:40,1,1,0
BRDA:40,1,2,0
BRDA:40,1,3,0
BRDA:45,2,0,0
BRDA:45,2,1,0
BRDA:52,3,0,0
BRDA:52,3,1,0
BRDA:53,4,0,0
BRDA:53,4,1,0
BRDA:91,5,0,0
BRDA:91,5,1,0
BRDA:96,6,0,0
BRDA:96,6,1,0
BRDA:101,7,0,0
BRDA:101,7,1,0
BRDA:105,8,0,0
BRDA:105,8,1,0
BRDA:110,9,0,0
BRDA:110,9,1,0
BRDA:115,10,0,0
BRDA:115,10,1,0
BRDA:152,11,0,0
BRDA:152,11,1,0
BRDA:157,12,0,0
BRDA:157,12,1,0
BRDA:161,13,0,0
BRDA:161,13,1,0
BRDA:166,14,0,0
BRDA:166,14,1,0
BRDA:202,15,0,0
BRDA:202,15,1,0
BRDA:222,16,0,0
BRDA:222,16,1,0
BRDA:223,17,0,0
BRDA:223,17,1,0
BRDA:223,18,0,0
BRDA:223,18,1,0
BRDA:236,19,0,0
BRDA:236,19,1,0
BRDA:241,20,0,0
BRDA:241,20,1,0
BRDA:241,21,0,0
BRDA:241,21,1,0
BRF:46
BRH:0
end_of_record
TN:
SF:src\controllers\healthController.ts
FN:15,(anonymous_1)
FN:28,(anonymous_2)
FN:39,(anonymous_3)
FN:39,(anonymous_4)
FN:76,(anonymous_5)
FN:168,(anonymous_6)
FN:262,(anonymous_7)
FNF:7
FNH:1
FNDA:0,(anonymous_1)
FNDA:1,(anonymous_2)
FNDA:0,(anonymous_3)
FNDA:0,(anonymous_4)
FNDA:0,(anonymous_5)
FNDA:0,(anonymous_6)
FNDA:0,(anonymous_7)
DA:2,8
DA:3,8
DA:4,8
DA:10,8
DA:16,0
DA:29,1
DA:32,1
DA:33,1
DA:34,1
DA:35,1
DA:37,0
DA:39,0
DA:41,0
DA:43,1
DA:46,0
DA:50,1
DA:51,1
DA:52,1
DA:53,0
DA:54,0
DA:56,1
DA:59,0
DA:62,1
DA:63,1
DA:65,1
DA:77,0
DA:80,0
DA:81,0
DA:82,0
DA:83,0
DA:84,0
DA:85,0
DA:86,0
DA:94,0
DA:97,0
DA:101,0
DA:102,0
DA:103,0
DA:104,0
DA:105,0
DA:110,0
DA:113,0
DA:117,0
DA:123,0
DA:124,0
DA:125,0
DA:127,0
DA:128,0
DA:129,0
DA:130,0
DA:136,0
DA:141,0
DA:142,0
DA:143,0
DA:144,0
DA:145,0
DA:146,0
DA:147,0
DA:153,0
DA:157,0
DA:158,0
DA:159,0
DA:161,0
DA:165,0
DA:166,0
DA:167,0
DA:168,0
DA:175,0
DA:183,0
DA:186,0
DA:190,0
DA:191,0
DA:192,0
DA:193,0
DA:194,0
DA:200,0
DA:204,0
DA:205,0
DA:206,0
DA:207,0
DA:212,0
DA:216,0
DA:217,0
DA:218,0
DA:219,0
DA:223,0
DA:228,0
DA:232,0
DA:233,0
DA:245,0
DA:251,0
DA:263,0
DA:264,0
DA:265,0
DA:267,0
DA:268,0
DA:269,0
DA:271,0
DA:272,0
DA:273,0
DA:274,0
DA:276,0
DA:277,0
DA:278,0
DA:280,0
DA:281,0
DA:282,0
DA:284,0
DA:285,0
DA:286,0
DA:288,0
DA:289,0
DA:290,0
DA:292,0
DA:293,0
DA:294,0
DA:296,0
DA:297,0
DA:298,0
DA:301,0
DA:302,0
DA:304,0
DA:305,0
LF:123
LH:17
BRDA:35,0,0,0
BRDA:35,0,1,1
BRDA:52,1,0,0
BRDA:52,1,1,1
BRDA:52,2,0,1
BRDA:52,2,1,0
BRDA:63,3,0,0
BRDA:63,3,1,1
BRDA:66,4,0,0
BRDA:66,4,1,1
BRDA:83,5,0,0
BRDA:83,5,1,0
BRDA:102,6,0,0
BRDA:102,6,1,0
BRDA:102,7,0,0
BRDA:102,7,1,0
BRDA:118,8,0,0
BRDA:118,8,1,0
BRDA:131,9,0,0
BRDA:131,9,1,0
BRDA:132,10,0,0
BRDA:132,10,1,0
BRDA:137,11,0,0
BRDA:137,11,1,0
BRDA:143,12,0,0
BRDA:143,12,1,0
BRDA:148,13,0,0
BRDA:148,13,1,0
BRDA:167,14,0,0
BRDA:167,14,1,0
BRDA:197,15,0,0
BRDA:197,15,1,0
BRDA:208,16,0,0
BRDA:208,16,1,0
BRDA:224,17,0,0
BRDA:224,17,1,0
BRDA:242,18,0,0
BRDA:242,18,1,0
BRDA:245,19,0,0
BRDA:245,19,1,0
BRDA:245,19,2,0
BRDA:245,19,3,0
BRDA:245,19,4,0
BRDA:251,20,0,0
BRDA:251,20,1,0
BRDA:252,21,0,0
BRDA:252,21,1,0
BRDA:271,22,0,0
BRDA:271,22,1,0
BRDA:274,23,0,0
BRDA:274,23,1,0
BRDA:278,24,0,0
BRDA:278,24,1,0
BRDA:282,25,0,0
BRDA:282,25,1,0
BRDA:286,26,0,0
BRDA:286,26,1,0
BRDA:290,27,0,0
BRDA:290,27,1,0
BRDA:294,28,0,0
BRDA:294,28,1,0
BRDA:298,29,0,0
BRDA:298,29,1,0
BRF:63
BRH:5
end_of_record
TN:
SF:src\controllers\mediaController.ts
FN:26,(anonymous_1)
FN:158,(anonymous_2)
FNF:2
FNH:1
FNDA:5,(anonymous_1)
FNDA:0,(anonymous_2)
DA:2,1
DA:3,1
DA:4,1
DA:5,1
DA:6,1
DA:7,1
DA:10,1
DA:11,1
DA:14,1
DA:15,1
DA:16,0
DA:19,0
DA:26,1
DA:31,5
DA:32,5
DA:33,5
DA:34,1
DA:39,4
DA:41,4
DA:42,0
DA:43,0
DA:44,0
DA:45,0
DA:46,0
DA:48,0
DA:51,4
DA:52,1
DA:55,3
DA:56,3
DA:60,3
DA:62,3
DA:63,0
DA:66,3
DA:67,1
DA:69,2
DA:73,2
DA:74,2
DA:75,2
DA:78,2
DA:79,2
DA:80,1
DA:81,1
DA:82,1
DA:83,0
DA:84,0
DA:87,0
DA:92,2
DA:93,0
DA:95,2
DA:96,0
DA:98,2
DA:99,0
DA:101,2
DA:102,0
DA:106,2
DA:109,2
DA:113,2
DA:116,2
DA:122,2
DA:123,2
DA:126,2
DA:127,2
DA:128,2
DA:132,0
DA:134,0
DA:135,0
DA:144,0
DA:145,0
DA:146,0
DA:147,0
DA:148,0
DA:149,0
DA:150,0
DA:151,0
DA:155,0
DA:158,0
DA:159,0
DA:160,0
DA:165,0
DA:167,3
LF:80
LH:48
BRDA:15,0,0,0
BRDA:15,0,1,1
BRDA:33,1,0,1
BRDA:33,1,1,4
BRDA:39,2,0,4
BRDA:39,2,1,4
BRDA:41,3,0,0
BRDA:41,3,1,4
BRDA:44,4,0,0
BRDA:44,4,1,0
BRDA:51,5,0,1
BRDA:51,5,1,3
BRDA:51,6,0,4
BRDA:51,6,1,3
BRDA:51,6,2,3
BRDA:56,7,0,3
BRDA:56,7,1,0
BRDA:56,8,0,3
BRDA:56,8,1,3
BRDA:62,9,0,0
BRDA:62,9,1,3
BRDA:66,10,0,1
BRDA:66,10,1,2
BRDA:66,11,0,3
BRDA:66,11,1,2
BRDA:73,12,0,2
BRDA:73,12,1,0
BRDA:74,13,0,1
BRDA:74,13,1,1
BRDA:75,14,0,0
BRDA:75,14,1,2
BRDA:79,15,0,1
BRDA:79,15,1,1
BRDA:80,16,0,1
BRDA:80,16,1,0
BRDA:81,17,0,1
BRDA:81,17,1,0
BRDA:83,18,0,0
BRDA:83,18,1,0
BRDA:92,19,0,0
BRDA:92,19,1,2
BRDA:92,20,0,2
BRDA:92,20,1,2
BRDA:92,20,2,2
BRDA:92,20,3,2
BRDA:95,21,0,0
BRDA:95,21,1,2
BRDA:95,22,0,2
BRDA:95,22,1,1
BRDA:95,22,2,1
BRDA:95,22,3,1
BRDA:98,23,0,0
BRDA:98,23,1,2
BRDA:98,24,0,2
BRDA:98,24,1,2
BRDA:98,24,2,2
BRDA:101,25,0,0
BRDA:101,25,1,2
BRDA:106,26,0,0
BRDA:106,26,1,2
BRDA:111,27,0,2
BRDA:111,27,1,0
BRDA:111,28,0,2
BRDA:111,28,1,1
BRDA:122,29,0,2
BRDA:122,29,1,0
BRDA:126,30,0,2
BRDA:126,30,1,0
BRDA:134,31,0,0
BRDA:134,31,1,0
BRDA:134,32,0,0
BRDA:134,32,1,0
BRDA:138,33,0,0
BRDA:138,33,1,0
BRDA:138,34,0,0
BRDA:138,34,1,0
BRDA:144,35,0,0
BRDA:144,35,1,0
BRDA:146,36,0,0
BRDA:146,36,1,0
BRDA:148,37,0,0
BRDA:148,37,1,0
BRDA:150,38,0,0
BRDA:150,38,1,0
BRDA:159,39,0,0
BRDA:159,39,1,0
BRF:86
BRH:48
end_of_record
TN:
SF:src\controllers\personalizedSectionsController.ts
FN:9,(anonymous_1)
FN:29,(anonymous_2)
FN:38,(anonymous_3)
FN:42,(anonymous_4)
FN:47,(anonymous_5)
FN:53,(anonymous_6)
FN:57,(anonymous_7)
FN:73,(anonymous_8)
FNF:8
FNH:0
FNDA:0,(anonymous_1)
FNDA:0,(anonymous_2)
FNDA:0,(anonymous_3)
FNDA:0,(anonymous_4)
FNDA:0,(anonymous_5)
FNDA:0,(anonymous_6)
FNDA:0,(anonymous_7)
FNDA:0,(anonymous_8)
DA:2,1
DA:3,1
DA:4,1
DA:5,1
DA:6,1
DA:7,1
DA:9,1
DA:10,0
DA:11,0
DA:13,0
DA:16,0
DA:17,0
DA:18,0
DA:20,0
DA:21,0
DA:22,0
DA:23,0
DA:24,0
DA:25,0
DA:28,0
DA:29,0
DA:30,0
DA:37,0
DA:38,0
DA:39,0
DA:40,0
DA:42,0
DA:45,0
DA:46,0
DA:47,0
DA:52,0
DA:53,0
DA:54,0
DA:55,0
DA:56,0
DA:57,0
DA:62,0
DA:63,0
DA:65,0
DA:66,0
DA:67,0
DA:68,0
DA:69,0
DA:72,0
DA:73,0
DA:74,0
DA:80,0
DA:82,0
DA:83,0
DA:92,0
DA:93,0
DA:101,0
DA:102,0
DA:111,0
LF:54
LH:7
BRDA:10,0,0,0
BRDA:10,0,1,0
BRDA:11,1,0,0
BRDA:11,1,1,0
BRDA:11,1,2,0
BRDA:20,2,0,0
BRDA:20,2,1,0
BRDA:22,3,0,0
BRDA:22,3,1,0
BRDA:23,4,0,0
BRDA:23,4,1,0
BRDA:24,5,0,0
BRDA:24,5,1,0
BRDA:28,6,0,0
BRDA:28,6,1,0
BRDA:37,7,0,0
BRDA:37,7,1,0
BRDA:39,8,0,0
BRDA:39,8,1,0
BRDA:39,9,0,0
BRDA:39,9,1,0
BRDA:47,10,0,0
BRDA:47,10,1,0
BRDA:54,11,0,0
BRDA:54,11,1,0
BRDA:54,12,0,0
BRDA:54,12,1,0
BRDA:65,13,0,0
BRDA:65,13,1,0
BRDA:67,14,0,0
BRDA:67,14,1,0
BRDA:68,15,0,0
BRDA:68,15,1,0
BRDA:72,16,0,0
BRDA:72,16,1,0
BRDA:82,17,0,0
BRDA:82,17,1,0
BRDA:92,18,0,0
BRDA:92,18,1,0
BRDA:101,19,0,0
BRDA:101,19,1,0
BRF:41
BRH:0
end_of_record
TN:
SF:src\controllers\recommendationController.ts
FN:24,(anonymous_1)
FN:42,(anonymous_2)
FN:47,(anonymous_3)
FN:51,(anonymous_4)
FN:55,(anonymous_5)
FN:61,(anonymous_6)
FN:95,(anonymous_7)
FN:118,(anonymous_8)
FN:148,(anonymous_9)
FN:171,(anonymous_10)
FN:187,(anonymous_11)
FN:218,(anonymous_12)
FN:247,(anonymous_13)
FN:251,(anonymous_14)
FN:280,(anonymous_15)
FN:299,(anonymous_16)
FN:304,(anonymous_17)
FN:305,(anonymous_18)
FN:313,(anonymous_19)
FN:344,(anonymous_20)
FN:368,(anonymous_21)
FN:373,(anonymous_22)
FN:381,(anonymous_23)
FN:407,(anonymous_24)
FN:439,(anonymous_25)
FN:465,(anonymous_26)
FN:480,(anonymous_27)
FN:500,(anonymous_28)
FN:527,(anonymous_29)
FN:550,(anonymous_30)
FN:566,(anonymous_31)
FN:586,enrichTrendingItems
FN:589,(anonymous_33)
FN:589,(anonymous_34)
FN:590,(anonymous_35)
FN:590,(anonymous_36)
FN:606,(anonymous_37)
FN:607,(anonymous_38)
FN:610,(anonymous_39)
FNF:39
FNH:8
FNDA:1,(anonymous_1)
FNDA:0,(anonymous_2)
FNDA:0,(anonymous_3)
FNDA:0,(anonymous_4)
FNDA:0,(anonymous_5)
FNDA:0,(anonymous_6)
FNDA:1,(anonymous_7)
FNDA:0,(anonymous_8)
FNDA:1,(anonymous_9)
FNDA:0,(anonymous_10)
FNDA:0,(anonymous_11)
FNDA:0,(anonymous_12)
FNDA:0,(anonymous_13)
FNDA:0,(anonymous_14)
FNDA:0,(anonymous_15)
FNDA:0,(anonymous_16)
FNDA:0,(anonymous_17)
FNDA:0,(anonymous_18)
FNDA:0,(anonymous_19)
FNDA:0,(anonymous_20)
FNDA:0,(anonymous_21)
FNDA:0,(anonymous_22)
FNDA:0,(anonymous_23)
FNDA:1,(anonymous_24)
FNDA:1,(anonymous_25)
FNDA:0,(anonymous_26)
FNDA:0,(anonymous_27)
FNDA:1,(anonymous_28)
FNDA:1,(anonymous_29)
FNDA:0,(anonymous_30)
FNDA:0,(anonymous_31)
FNDA:1,enrichTrendingItems
FNDA:0,(anonymous_33)
FNDA:0,(anonymous_34)
FNDA:0,(anonymous_35)
FNDA:0,(anonymous_36)
FNDA:0,(anonymous_37)
FNDA:0,(anonymous_38)
FNDA:0,(anonymous_39)
DA:3,1
DA:4,1
DA:8,1
DA:9,1
DA:10,1
DA:11,1
DA:12,1
DA:13,1
DA:14,1
DA:15,1
DA:16,1
DA:19,1
DA:24,1
DA:25,1
DA:26,1
DA:27,1
DA:28,1
DA:29,1
DA:30,1
DA:31,1
DA:34,1
DA:35,0
DA:36,0
DA:37,0
DA:42,1
DA:43,1
DA:44,1
DA:45,1
DA:47,0
DA:50,1
DA:51,1
DA:54,1
DA:55,1
DA:58,1
DA:59,0
DA:62,0
DA:67,1
DA:68,1
DA:70,1
DA:71,1
DA:87,0
DA:88,0
DA:95,1
DA:96,1
DA:97,1
DA:98,1
DA:100,1
DA:101,0
DA:105,1
DA:106,0
DA:108,1
DA:109,0
DA:113,1
DA:114,1
DA:116,1
DA:117,0
DA:118,0
DA:124,0
DA:136,1
DA:137,1
DA:138,1
DA:139,1
DA:140,1
DA:148,1
DA:160,0
DA:161,0
DA:162,0
DA:163,0
DA:171,0
DA:184,1
DA:185,0
DA:188,0
DA:192,1
DA:198,1
DA:199,1
DA:210,0
DA:211,0
DA:218,1
DA:219,0
DA:220,0
DA:221,0
DA:222,0
DA:224,0
DA:228,0
DA:230,0
DA:231,0
DA:233,0
DA:234,0
DA:236,0
DA:237,0
DA:239,0
DA:240,0
DA:242,0
DA:246,0
DA:247,0
DA:250,0
DA:251,0
DA:255,0
DA:257,0
DA:263,0
DA:272,0
DA:273,0
DA:280,1
DA:281,0
DA:282,0
DA:283,0
DA:285,0
DA:287,0
DA:288,0
DA:299,0
DA:301,0
DA:304,0
DA:305,0
DA:313,0
DA:327,0
DA:336,0
DA:337,0
DA:344,1
DA:345,0
DA:346,0
DA:347,0
DA:348,0
DA:351,0
DA:352,0
DA:355,0
DA:356,0
DA:357,0
DA:368,0
DA:369,0
DA:370,0
DA:371,0
DA:373,0
DA:375,0
DA:378,0
DA:379,0
DA:382,0
DA:388,0
DA:399,0
DA:400,0
DA:407,1
DA:408,1
DA:409,1
DA:410,1
DA:411,1
DA:414,1
DA:415,1
DA:416,1
DA:417,0
DA:423,1
DA:424,1
DA:425,1
DA:426,1
DA:427,0
DA:430,1
DA:439,1
DA:451,0
DA:452,0
DA:453,0
DA:456,0
DA:465,0
DA:477,1
DA:478,0
DA:481,0
DA:487,1
DA:492,0
DA:493,0
DA:500,1
DA:501,1
DA:502,1
DA:503,1
DA:504,1
DA:507,1
DA:508,1
DA:509,0
DA:515,1
DA:516,1
DA:517,1
DA:518,1
DA:519,1
DA:527,1
DA:540,0
DA:541,0
DA:542,0
DA:550,0
DA:563,1
DA:564,0
DA:567,0
DA:573,1
DA:578,0
DA:579,0
DA:587,1
DA:589,0
DA:590,0
DA:592,0
DA:605,0
DA:606,0
DA:607,0
DA:609,0
DA:611,0
DA:612,0
DA:613,0
LF:201
LH:89
BRDA:26,0,0,1
BRDA:26,0,1,1
BRDA:26,0,2,1
BRDA:27,1,0,1
BRDA:27,1,1,1
BRDA:28,2,0,1
BRDA:28,2,1,1
BRDA:29,3,0,1
BRDA:29,3,1,0
BRDA:30,4,0,1
BRDA:30,4,1,1
BRDA:31,5,0,1
BRDA:31,5,1,1
BRDA:34,6,0,0
BRDA:34,6,1,1
BRDA:36,7,0,0
BRDA:36,7,1,0
BRDA:36,8,0,0
BRDA:36,8,1,0
BRDA:44,9,0,1
BRDA:44,9,1,0
BRDA:46,10,0,1
BRDA:46,10,1,0
BRDA:50,11,0,1
BRDA:50,11,1,0
BRDA:58,12,0,0
BRDA:58,12,1,1
BRDA:98,13,0,1
BRDA:98,13,1,0
BRDA:100,14,0,0
BRDA:100,14,1,1
BRDA:100,15,0,1
BRDA:100,15,1,1
BRDA:105,16,0,0
BRDA:105,16,1,1
BRDA:108,17,0,0
BRDA:108,17,1,1
BRDA:113,18,0,0
BRDA:113,18,1,1
BRDA:116,19,0,0
BRDA:116,19,1,1
BRDA:137,20,0,1
BRDA:137,20,1,0
BRDA:139,21,0,1
BRDA:139,21,1,0
BRDA:160,22,0,0
BRDA:160,22,1,0
BRDA:162,23,0,0
BRDA:162,23,1,0
BRDA:184,24,0,0
BRDA:184,24,1,1
BRDA:220,25,0,0
BRDA:220,25,1,0
BRDA:221,26,0,0
BRDA:221,26,1,0
BRDA:222,27,0,0
BRDA:222,27,1,0
BRDA:228,28,0,0
BRDA:228,28,1,0
BRDA:228,28,2,0
BRDA:228,28,3,0
BRDA:228,28,4,0
BRDA:246,29,0,0
BRDA:246,29,1,0
BRDA:250,30,0,0
BRDA:250,30,1,0
BRDA:282,31,0,0
BRDA:282,31,1,0
BRDA:285,32,0,0
BRDA:285,32,1,0
BRDA:346,33,0,0
BRDA:346,33,1,0
BRDA:347,34,0,0
BRDA:347,34,1,0
BRDA:351,35,0,0
BRDA:351,35,1,0
BRDA:352,36,0,0
BRDA:352,36,1,0
BRDA:356,37,0,0
BRDA:356,37,1,0
BRDA:356,38,0,0
BRDA:356,38,1,0
BRDA:360,39,0,0
BRDA:360,39,1,0
BRDA:361,40,0,0
BRDA:361,40,1,0
BRDA:370,41,0,0
BRDA:370,41,1,0
BRDA:378,42,0,0
BRDA:378,42,1,0
BRDA:410,43,0,1
BRDA:410,43,1,1
BRDA:411,44,0,1
BRDA:411,44,1,0
BRDA:414,45,0,0
BRDA:414,45,1,1
BRDA:416,46,0,0
BRDA:416,46,1,1
BRDA:424,47,0,1
BRDA:424,47,1,0
BRDA:426,48,0,0
BRDA:426,48,1,1
BRDA:452,49,0,0
BRDA:452,49,1,0
BRDA:477,50,0,0
BRDA:477,50,1,1
BRDA:503,51,0,1
BRDA:503,51,1,1
BRDA:504,52,0,1
BRDA:504,52,1,0
BRDA:508,53,0,0
BRDA:508,53,1,1
BRDA:516,54,0,1
BRDA:516,54,1,0
BRDA:518,55,0,1
BRDA:518,55,1,0
BRDA:541,56,0,0
BRDA:541,56,1,0
BRDA:563,57,0,0
BRDA:563,57,1,1
BRDA:587,58,0,1
BRDA:587,58,1,0
BRDA:593,59,0,0
BRDA:593,59,1,0
BRDA:598,60,0,0
BRDA:598,60,1,0
BRDA:612,61,0,0
BRDA:612,61,1,0
BRDA:616,62,0,0
BRDA:616,62,1,0
BRF:130
BRH:44
end_of_record
TN:
SF:src\jobs\queues.ts
FN:8,(anonymous_1)
FN:28,(anonymous_2)
FN:38,(anonymous_3)
FN:86,(anonymous_4)
FN:131,(anonymous_5)
FN:135,(anonymous_6)
FNF:6
FNH:1
FNDA:0,(anonymous_1)
FNDA:0,(anonymous_2)
FNDA:0,(anonymous_3)
FNDA:0,(anonymous_4)
FNDA:8,(anonymous_5)
FNDA:0,(anonymous_6)
DA:1,4
DA:2,4
DA:3,4
DA:4,4
DA:5,4
DA:7,4
DA:8,4
DA:9,0
DA:10,0
DA:11,0
DA:13,0
DA:16,4
DA:19,4
DA:29,0
DA:30,0
DA:31,0
DA:32,0
DA:34,0
DA:38,4
DA:39,0
DA:40,0
DA:41,0
DA:44,0
DA:47,0
DA:48,0
DA:49,0
DA:50,0
DA:57,0
DA:61,4
DA:83,4
DA:84,4
DA:86,4
DA:87,0
DA:89,0
DA:90,0
DA:91,0
DA:94,0
DA:96,0
DA:97,0
DA:98,0
DA:99,0
DA:100,0
DA:101,0
DA:102,0
DA:103,0
DA:105,0
DA:106,0
DA:108,0
DA:109,0
DA:110,0
DA:112,0
DA:114,0
DA:116,0
DA:117,0
DA:118,0
DA:119,0
DA:120,0
DA:121,0
DA:122,0
DA:123,0
DA:125,0
DA:126,0
DA:131,4
DA:132,8
DA:135,4
DA:136,0
DA:137,0
DA:138,0
DA:139,0
DA:140,0
DA:141,0
DA:142,0
DA:143,0
DA:144,0
DA:146,0
LF:75
LH:17
BRDA:10,0,0,0
BRDA:10,0,1,0
BRDA:10,1,0,0
BRDA:10,1,1,0
BRDA:10,1,2,0
BRDA:16,2,0,4
BRDA:16,2,1,4
BRDA:25,3,0,0
BRDA:25,3,1,4
BRDA:25,4,0,4
BRDA:25,4,1,4
BRDA:31,5,0,0
BRDA:31,5,1,0
BRDA:31,6,0,0
BRDA:31,6,1,0
BRDA:31,6,2,0
BRDA:39,7,0,0
BRDA:39,7,1,0
BRDA:39,8,0,0
BRDA:39,8,1,0
BRDA:40,9,0,0
BRDA:40,9,1,0
BRDA:48,10,0,0
BRDA:48,10,1,0
BRDA:48,11,0,0
BRDA:48,11,1,0
BRDA:50,12,0,0
BRDA:50,12,1,0
BRDA:51,13,0,0
BRDA:51,13,1,0
BRDA:51,13,2,0
BRDA:87,14,0,0
BRDA:87,14,1,0
BRDA:109,15,0,0
BRDA:109,15,1,0
BRDA:132,16,0,8
BRDA:132,16,1,0
BRDA:132,16,2,0
BRDA:136,17,0,0
BRDA:136,17,1,0
BRDA:137,18,0,0
BRDA:137,18,1,0
BRDA:138,19,0,0
BRDA:138,19,1,0
BRDA:139,20,0,0
BRDA:139,20,1,0
BRDA:140,21,0,0
BRDA:140,21,1,0
BRDA:141,22,0,0
BRDA:141,22,1,0
BRDA:142,23,0,0
BRDA:142,23,1,0
BRDA:143,24,0,0
BRDA:143,24,1,0
BRDA:144,25,0,0
BRDA:144,25,1,0
BRF:56
BRH:6
end_of_record
TN:
SF:src\middleware\apiVersion.ts
FN:18,(anonymous_0)
FN:19,(anonymous_1)
FNF:2
FNH:2
FNDA:8,(anonymous_0)
FNDA:18,(anonymous_1)
DA:18,8
DA:19,8
DA:20,18
DA:21,18
LF:4
LH:4
BRF:0
BRH:0
end_of_record
TN:
SF:src\middleware\authMiddleware.ts
FN:44,(anonymous_1)
FN:47,(anonymous_2)
FN:74,(anonymous_3)
FN:77,(anonymous_4)
FN:91,(anonymous_5)
FN:99,(anonymous_6)
FN:126,(anonymous_7)
FN:155,(anonymous_8)
FN:161,(anonymous_9)
FN:162,(anonymous_10)
FN:231,(anonymous_11)
FN:251,(anonymous_12)
FN:256,(anonymous_13)
FN:257,(anonymous_14)
FN:296,(anonymous_15)
FN:346,(anonymous_16)
FN:366,(anonymous_17)
FN:385,(anonymous_18)
FN:406,(anonymous_19)
FN:407,(anonymous_20)
FNF:20
FNH:11
FNDA:7,(anonymous_1)
FNDA:7,(anonymous_2)
FNDA:4,(anonymous_3)
FNDA:4,(anonymous_4)
FNDA:4,(anonymous_5)
FNDA:4,(anonymous_6)
FNDA:7,(anonymous_7)
FNDA:7,(anonymous_8)
FNDA:7,(anonymous_9)
FNDA:0,(anonymous_10)
FNDA:0,(anonymous_11)
FNDA:0,(anonymous_12)
FNDA:0,(anonymous_13)
FNDA:0,(anonymous_14)
FNDA:0,(anonymous_15)
FNDA:0,(anonymous_16)
FNDA:0,(anonymous_17)
FNDA:0,(anonymous_18)
FNDA:4,(anonymous_19)
FNDA:5,(anonymous_20)
DA:2,7
DA:3,7
DA:4,7
DA:5,7
DA:6,7
DA:7,7
DA:8,7
DA:9,7
DA:10,7
DA:11,7
DA:12,7
DA:18,7
DA:37,7
DA:38,7
DA:39,0
DA:40,0
DA:41,0
DA:44,7
DA:45,7
DA:47,7
DA:49,7
DA:50,0
DA:53,7
DA:54,7
DA:56,7
DA:58,7
DA:59,7
DA:60,7
DA:62,7
DA:63,7
DA:65,0
DA:68,0
DA:74,7
DA:75,4
DA:76,4
DA:77,4
DA:78,4
DA:89,4
DA:91,4
DA:92,4
DA:99,7
DA:100,4
DA:102,4
DA:103,4
DA:104,0
DA:105,0
DA:108,4
DA:109,4
DA:110,0
DA:111,0
DA:114,4
DA:116,4
DA:118,4
DA:119,0
DA:126,7
DA:129,7
DA:130,7
DA:133,7
DA:135,0
DA:138,7
DA:139,0
DA:142,7
DA:143,0
DA:146,7
DA:147,7
DA:150,7
DA:151,7
DA:153,7
DA:155,7
DA:157,7
DA:161,7
DA:162,7
DA:165,7
DA:166,7
DA:168,0
DA:169,0
DA:171,0
DA:175,7
DA:177,7
DA:181,7
DA:182,0
DA:183,0
DA:186,7
DA:187,0
DA:188,0
DA:191,7
DA:196,0
DA:199,0
DA:202,7
DA:203,7
DA:204,7
DA:207,7
DA:209,7
DA:211,0
DA:212,0
DA:214,0
DA:223,0
DA:226,0
DA:230,7
DA:233,0
DA:234,0
DA:236,0
DA:238,0
DA:240,0
DA:242,0
DA:243,0
DA:246,0
DA:247,0
DA:249,0
DA:251,0
DA:252,0
DA:256,0
DA:257,0
DA:260,0
DA:261,0
DA:264,0
DA:268,0
DA:270,0
DA:274,0
DA:275,0
DA:282,0
DA:283,0
DA:284,0
DA:285,0
DA:291,0
DA:295,7
DA:297,0
DA:298,0
DA:299,0
DA:301,0
DA:302,0
DA:303,0
DA:305,0
DA:306,0
DA:309,0
DA:310,0
DA:313,0
DA:314,0
DA:315,0
DA:316,0
DA:317,0
DA:323,0
DA:324,0
DA:325,0
DA:326,0
DA:327,0
DA:328,0
DA:335,0
DA:336,0
DA:340,0
DA:341,0
DA:345,7
DA:347,0
DA:348,0
DA:349,0
DA:352,0
DA:353,0
DA:354,0
DA:355,0
DA:357,0
DA:360,0
DA:365,7
DA:367,0
DA:368,0
DA:371,0
DA:372,0
DA:374,0
DA:376,0
DA:377,0
DA:379,0
DA:384,7
DA:386,0
DA:387,0
DA:390,0
DA:391,0
DA:393,0
DA:394,0
DA:395,0
DA:396,0
DA:398,0
DA:406,7
DA:407,4
DA:408,5
DA:409,0
DA:412,5
DA:413,0
DA:417,5
DA:418,5
DA:420,4
DA:422,4
DA:423,4
DA:425,1
LF:192
LH:85
BRDA:38,0,0,0
BRDA:38,0,1,7
BRDA:40,1,0,0
BRDA:40,1,1,0
BRDA:44,2,0,7
BRDA:44,2,1,0
BRDA:49,3,0,0
BRDA:49,3,1,7
BRDA:49,4,0,7
BRDA:49,4,1,7
BRDA:68,5,0,0
BRDA:68,5,1,0
BRDA:76,6,0,4
BRDA:76,6,1,0
BRDA:100,7,0,0
BRDA:100,7,1,4
BRDA:103,8,0,0
BRDA:103,8,1,4
BRDA:109,9,0,0
BRDA:109,9,1,4
BRDA:118,10,0,0
BRDA:118,10,1,4
BRDA:129,11,0,7
BRDA:129,11,1,0
BRDA:129,12,0,7
BRDA:129,12,1,7
BRDA:133,13,0,0
BRDA:133,13,1,7
BRDA:138,14,0,0
BRDA:138,14,1,7
BRDA:142,15,0,0
BRDA:142,15,1,7
BRDA:153,16,0,7
BRDA:153,16,1,0
BRDA:168,17,0,0
BRDA:168,17,1,0
BRDA:175,18,0,7
BRDA:175,18,1,0
BRDA:181,19,0,0
BRDA:181,19,1,7
BRDA:181,20,0,7
BRDA:181,20,1,7
BRDA:186,21,0,0
BRDA:186,21,1,7
BRDA:191,22,0,0
BRDA:191,22,1,7
BRDA:192,23,0,7
BRDA:192,23,1,0
BRDA:192,23,2,0
BRDA:212,24,0,0
BRDA:212,24,1,0
BRDA:214,25,0,0
BRDA:214,25,1,0
BRDA:215,26,0,0
BRDA:215,26,1,0
BRDA:215,26,2,0
BRDA:215,26,3,0
BRDA:215,26,4,0
BRDA:215,26,5,0
BRDA:215,26,6,0
BRDA:233,27,0,0
BRDA:233,27,1,0
BRDA:233,28,0,0
BRDA:233,28,1,0
BRDA:236,29,0,0
BRDA:236,29,1,0
BRDA:238,30,0,0
BRDA:238,30,1,0
BRDA:240,31,0,0
BRDA:240,31,1,0
BRDA:249,32,0,0
BRDA:249,32,1,0
BRDA:268,33,0,0
BRDA:268,33,1,0
BRDA:274,34,0,0
BRDA:274,34,1,0
BRDA:274,35,0,0
BRDA:274,35,1,0
BRDA:274,35,2,0
BRDA:275,36,0,0
BRDA:275,36,1,0
BRDA:277,37,0,0
BRDA:277,37,1,0
BRDA:277,37,2,0
BRDA:298,38,0,0
BRDA:298,38,1,0
BRDA:298,38,2,0
BRDA:301,39,0,0
BRDA:301,39,1,0
BRDA:303,40,0,0
BRDA:303,40,1,0
BRDA:309,41,0,0
BRDA:309,41,1,0
BRDA:309,42,0,0
BRDA:309,42,1,0
BRDA:313,43,0,0
BRDA:313,43,1,0
BRDA:314,44,0,0
BRDA:314,44,1,0
BRDA:318,45,0,0
BRDA:318,45,1,0
BRDA:318,45,2,0
BRDA:323,46,0,0
BRDA:323,46,1,0
BRDA:326,47,0,0
BRDA:326,47,1,0
BRDA:326,48,0,0
BRDA:326,48,1,0
BRDA:326,48,2,0
BRDA:335,49,0,0
BRDA:335,49,1,0
BRDA:347,50,0,0
BRDA:347,50,1,0
BRDA:352,51,0,0
BRDA:352,51,1,0
BRDA:367,52,0,0
BRDA:367,52,1,0
BRDA:371,53,0,0
BRDA:371,53,1,0
BRDA:372,54,0,0
BRDA:372,54,1,0
BRDA:386,55,0,0
BRDA:386,55,1,0
BRDA:393,56,0,0
BRDA:393,56,1,0
BRDA:393,57,0,0
BRDA:393,57,1,0
BRDA:408,58,0,0
BRDA:408,58,1,5
BRDA:412,59,0,0
BRDA:412,59,1,5
BRDA:417,60,0,5
BRDA:417,60,1,1
BRDA:418,61,0,4
BRDA:418,61,1,1
BRDA:418,62,0,5
BRDA:418,62,1,1
BRF:137
BRH:32
end_of_record
TN:
SF:src\middleware\cacheHeaders.ts
FN:8,(anonymous_0)
FN:27,(anonymous_1)
FNF:2
FNH:2
FNDA:30,(anonymous_0)
FNDA:15,(anonymous_1)
DA:8,8
DA:10,30
DA:11,0
DA:15,30
DA:16,13
DA:17,13
DA:18,13
DA:19,13
DA:20,13
DA:24,17
DA:26,17
DA:27,17
DA:28,15
DA:31,10
DA:33,15
DA:37,17
LF:16
LH:15
BRDA:10,0,0,0
BRDA:10,0,1,30
BRDA:15,1,0,13
BRDA:15,1,1,17
BRDA:24,2,0,17
BRDA:24,2,1,0
BRDA:28,3,0,10
BRDA:28,3,1,5
BRF:8
BRH:6
end_of_record
TN:
SF:src\middleware\corsMiddleware.ts
FN:10,(anonymous_1)
FN:22,(anonymous_2)
FNF:2
FNH:1
FNDA:0,(anonymous_1)
FNDA:30,(anonymous_2)
DA:1,8
DA:3,8
DA:4,8
DA:7,8
DA:10,8
DA:11,0
DA:13,0
DA:18,0
DA:22,8
DA:24,30
DA:25,2
DA:28,28
DA:30,28
DA:31,28
DA:34,0
DA:37,0
DA:38,0
DA:39,0
DA:45,0
DA:48,8
LF:20
LH:12
BRDA:11,0,0,0
BRDA:11,0,1,0
BRDA:11,1,0,0
BRDA:11,1,1,0
BRDA:24,2,0,2
BRDA:24,2,1,28
BRDA:30,3,0,28
BRDA:30,3,1,0
BRDA:30,4,0,28
BRDA:30,4,1,11
BRDA:30,4,2,11
BRDA:37,5,0,0
BRDA:37,5,1,0
BRF:13
BRH:6
end_of_record
TN:
SF:src\middleware\csrfMiddleware.ts
FN:29,(anonymous_1)
FN:31,(anonymous_2)
FN:35,(anonymous_3)
FN:43,(anonymous_4)
FN:50,(anonymous_5)
FN:58,(anonymous_6)
FN:68,(anonymous_7)
FNF:7
FNH:5
FNDA:1,(anonymous_1)
FNDA:1,(anonymous_2)
FNDA:0,(anonymous_3)
FNDA:0,(anonymous_4)
FNDA:1,(anonymous_5)
FNDA:25,(anonymous_6)
FNDA:64,(anonymous_7)
DA:2,8
DA:3,8
DA:4,8
DA:5,8
DA:7,8
DA:8,8
DA:10,8
DA:13,8
DA:18,8
DA:29,8
DA:31,8
DA:32,1
DA:35,8
DA:36,0
DA:43,8
DA:44,0
DA:45,0
DA:46,0
DA:50,8
DA:51,1
DA:52,1
DA:53,1
DA:54,1
DA:58,8
DA:59,25
DA:60,17
DA:63,8
DA:64,0
DA:67,8
DA:68,64
DA:69,0
DA:72,8
DA:73,8
DA:75,8
DA:76,8
DA:77,3
DA:83,8
DA:84,6
DA:85,6
DA:87,6
DA:90,2
DA:91,0
DA:92,0
DA:93,0
DA:95,2
DA:99,4
DA:100,4
DA:104,4
DA:107,2
LF:49
LH:40
BRDA:52,0,0,0
BRDA:52,0,1,1
BRDA:52,1,0,1
BRDA:52,1,1,0
BRDA:59,2,0,17
BRDA:59,2,1,8
BRDA:63,3,0,0
BRDA:63,3,1,8
BRDA:67,4,0,8
BRDA:67,4,1,4
BRDA:68,5,0,0
BRDA:68,5,1,8
BRDA:72,6,0,8
BRDA:72,6,1,4
BRDA:73,7,0,8
BRDA:73,7,1,4
BRDA:76,8,0,3
BRDA:76,8,1,5
BRDA:76,9,0,8
BRDA:76,9,1,4
BRDA:76,9,2,4
BRDA:83,10,0,6
BRDA:83,10,1,2
BRDA:87,11,0,2
BRDA:87,11,1,4
BRDA:90,12,0,0
BRDA:90,12,1,2
BRDA:90,13,0,2
BRDA:90,13,1,0
BRF:29
BRH:23
end_of_record
TN:
SF:src\middleware\dbReadinessGuard.ts
FN:15,(anonymous_1)
FNF:1
FNH:1
FNDA:26,(anonymous_1)
DA:2,8
DA:3,8
DA:5,8
DA:15,8
DA:16,26
DA:18,26
DA:19,26
DA:22,0
DA:23,0
DA:27,0
DA:28,0
DA:30,0
DA:37,0
LF:13
LH:7
BRDA:16,0,0,26
BRDA:16,0,1,0
BRDA:16,0,2,0
BRDA:18,1,0,26
BRDA:18,1,1,0
BRDA:18,2,0,26
BRDA:18,2,1,0
BRDA:22,3,0,0
BRDA:22,3,1,0
BRDA:22,4,0,0
BRDA:22,4,1,0
BRDA:22,4,2,0
BRDA:27,5,0,0
BRDA:27,5,1,0
BRF:14
BRH:3
end_of_record
TN:
SF:src\middleware\enforceHttps.ts
FN:13,(anonymous_1)
FNF:1
FNH:1
FNDA:30,(anonymous_1)
DA:2,8
DA:13,8
DA:14,30
DA:15,30
DA:20,0
DA:21,0
DA:25,0
DA:29,0
DA:30,0
DA:31,0
DA:32,0
DA:35,0
LF:12
LH:4
BRDA:14,0,0,30
BRDA:14,0,1,0
BRDA:20,1,0,0
BRDA:20,1,1,0
BRDA:29,2,0,0
BRDA:29,2,1,0
BRDA:29,3,0,0
BRDA:29,3,1,0
BRF:8
BRH:1
end_of_record
TN:
SF:src\middleware\errorMiddleware.ts
FN:6,(anonymous_1)
FN:72,(anonymous_2)
FN:74,(anonymous_3)
FNF:3
FNH:1
FNDA:9,(anonymous_1)
FNDA:0,(anonymous_2)
FNDA:0,(anonymous_3)
DA:2,8
DA:3,8
DA:4,8
DA:6,8
DA:7,9
DA:8,9
DA:9,9
DA:12,9
DA:13,0
DA:14,0
DA:18,9
DA:19,0
DA:20,0
DA:21,0
DA:25,9
DA:34,0
DA:35,0
DA:39,9
DA:40,0
DA:41,0
DA:45,9
DA:50,0
DA:51,0
DA:55,9
DA:56,1
DA:57,1
DA:61,8
DA:62,0
DA:64,0
DA:65,0
DA:66,0
DA:70,8
DA:71,0
DA:72,0
DA:73,0
DA:74,0
DA:75,0
DA:76,0
DA:81,8
DA:82,0
DA:83,0
DA:87,8
DA:88,0
DA:89,0
DA:93,9
DA:94,8
DA:95,8
DA:99,9
DA:100,9
DA:101,0
DA:105,9
DA:106,9
DA:108,0
DA:119,9
DA:120,0
DA:121,0
DA:122,0
DA:128,9
DA:129,9
DA:131,9
DA:139,9
DA:140,9
DA:143,9
DA:146,8
LF:64
LH:34
BRDA:7,0,0,9
BRDA:7,0,1,1
BRDA:8,1,0,9
BRDA:8,1,1,0
BRDA:9,2,0,9
BRDA:9,2,1,9
BRDA:12,3,0,0
BRDA:12,3,1,9
BRDA:12,4,0,9
BRDA:12,4,1,9
BRDA:18,5,0,0
BRDA:18,5,1,9
BRDA:20,6,0,0
BRDA:20,6,1,0
BRDA:20,7,0,0
BRDA:20,7,1,0
BRDA:25,8,0,0
BRDA:25,8,1,9
BRDA:26,9,0,9
BRDA:26,9,1,9
BRDA:26,9,2,9
BRDA:26,9,3,9
BRDA:26,9,4,9
BRDA:26,9,5,9
BRDA:26,9,6,9
BRDA:39,10,0,0
BRDA:39,10,1,9
BRDA:39,11,0,9
BRDA:39,11,1,0
BRDA:39,11,2,0
BRDA:45,12,0,0
BRDA:45,12,1,9
BRDA:46,13,0,9
BRDA:46,13,1,9
BRDA:46,13,2,9
BRDA:55,14,0,1
BRDA:55,14,1,8
BRDA:61,15,0,0
BRDA:61,15,1,8
BRDA:64,16,0,0
BRDA:64,16,1,0
BRDA:65,17,0,0
BRDA:65,17,1,0
BRDA:70,18,0,0
BRDA:70,18,1,8
BRDA:72,19,0,0
BRDA:72,19,1,0
BRDA:74,20,0,0
BRDA:74,20,1,0
BRDA:81,21,0,0
BRDA:81,21,1,8
BRDA:87,22,0,0
BRDA:87,22,1,8
BRDA:93,23,0,8
BRDA:93,23,1,1
BRDA:100,24,0,0
BRDA:100,24,1,9
BRDA:100,25,0,9
BRDA:100,25,1,0
BRDA:100,25,2,0
BRDA:105,26,0,9
BRDA:105,26,1,0
BRDA:110,27,0,0
BRDA:110,27,1,0
BRDA:111,28,0,0
BRDA:111,28,1,0
BRDA:119,29,0,0
BRDA:119,29,1,9
BRDA:119,30,0,9
BRDA:119,30,1,0
BRDA:139,31,0,9
BRDA:139,31,1,0
BRF:72
BRH:37
end_of_record
TN:
SF:src\middleware\helmetMiddleware.ts
FN:14,(anonymous_1)
FN:54,(anonymous_2)
FNF:2
FNH:2
FNDA:30,(anonymous_1)
FNDA:30,(anonymous_2)
DA:1,8
DA:2,8
DA:14,8
DA:15,30
DA:16,30
DA:20,8
DA:54,8
DA:58,30
DA:59,30
DA:62,30
DA:63,30
DA:65,30
DA:69,8
LF:13
LH:13
BRDA:42,0,0,0
BRDA:42,0,1,8
BRF:2
BRH:1
end_of_record
TN:
SF:src\middleware\noCacheMiddleware.ts
FN:6,(anonymous_0)
FN:17,(anonymous_1)
FNF:2
FNH:2
FNDA:19,(anonymous_0)
FNDA:19,(anonymous_1)
DA:6,8
DA:7,19
DA:8,19
DA:9,19
DA:10,19
DA:17,8
DA:18,19
DA:19,19
LF:8
LH:8
BRF:0
BRH:0
end_of_record
TN:
SF:src\middleware\queryGuard.ts
FN:7,(anonymous_1)
FN:23,(anonymous_2)
FN:28,(anonymous_3)
FN:50,(anonymous_4)
FNF:4
FNH:3
FNDA:62,(anonymous_1)
FNDA:39,(anonymous_2)
FNDA:0,(anonymous_3)
FNDA:26,(anonymous_4)
DA:2,8
DA:7,8
DA:8,62
DA:9,28
DA:11,34
DA:12,34
DA:13,28
DA:14,28
DA:17,34
DA:23,8
DA:24,39
DA:25,13
DA:27,26
DA:28,0
DA:30,26
DA:31,13
DA:32,13
DA:33,0
DA:35,13
DA:36,0
DA:40,26
DA:50,8
DA:51,26
DA:54,26
DA:55,0
DA:56,0
DA:57,0
DA:60,26
DA:61,0
DA:62,0
DA:63,0
DA:68,26
DA:69,0
DA:70,0
DA:71,0
DA:74,26
LF:36
LH:24
BRDA:8,0,0,28
BRDA:8,0,1,34
BRDA:8,1,0,62
BRDA:8,1,1,62
BRDA:13,2,0,28
BRDA:13,2,1,0
BRDA:24,3,0,13
BRDA:24,3,1,26
BRDA:24,4,0,39
BRDA:24,4,1,39
BRDA:27,5,0,0
BRDA:27,5,1,26
BRDA:31,6,0,13
BRDA:31,6,1,0
BRDA:32,7,0,0
BRDA:32,7,1,13
BRDA:35,8,0,0
BRDA:35,8,1,13
BRDA:54,9,0,0
BRDA:54,9,1,26
BRDA:54,10,0,26
BRDA:54,10,1,8
BRDA:60,11,0,0
BRDA:60,11,1,26
BRDA:60,12,0,26
BRDA:60,12,1,26
BRDA:68,13,0,0
BRDA:68,13,1,26
BRDA:68,14,0,26
BRDA:68,14,1,26
BRF:30
BRH:22
end_of_record
TN:
SF:src\middleware\queryTimeout.ts
FN:22,(anonymous_1)
FN:23,(anonymous_2)
FN:26,(anonymous_3)
FN:30,(anonymous_4)
FN:50,(anonymous_5)
FN:51,(anonymous_6)
FNF:6
FNH:5
FNDA:8,(anonymous_1)
FNDA:25,(anonymous_2)
FNDA:125,(anonymous_3)
FNDA:0,(anonymous_4)
FNDA:25,(anonymous_5)
FNDA:25,(anonymous_6)
DA:2,8
DA:14,8
DA:22,8
DA:23,8
DA:25,25
DA:26,125
DA:27,0
DA:30,25
DA:31,0
DA:32,0
DA:39,0
DA:47,25
DA:50,25
DA:51,25
DA:53,25
LF:15
LH:11
BRDA:22,0,0,0
BRDA:25,1,0,25
BRDA:25,1,1,0
BRDA:25,1,2,0
BRDA:26,2,0,0
BRDA:26,2,1,25
BRDA:31,3,0,0
BRDA:31,3,1,0
BRDA:47,4,0,25
BRDA:47,4,1,0
BRF:10
BRH:3
end_of_record
TN:
SF:src\middleware\rateLimiter.ts
FN:8,(anonymous_10)
FN:29,(anonymous_11)
FN:44,(anonymous_12)
FN:45,(anonymous_13)
FN:82,(anonymous_14)
FN:95,(anonymous_15)
FNF:6
FNH:5
FNDA:54,(anonymous_10)
FNDA:6,(anonymous_11)
FNDA:80,(anonymous_12)
FNDA:2,(anonymous_13)
FNDA:54,(anonymous_14)
FNDA:0,(anonymous_15)
DA:2,8
DA:3,8
DA:4,8
DA:5,8
DA:8,8
DA:9,54
DA:11,46
DA:12,0
DA:13,0
DA:14,0
DA:18,46
DA:19,46
DA:29,8
DA:30,6
DA:31,6
DA:32,0
DA:35,6
DA:36,6
DA:37,0
DA:40,6
DA:44,8
DA:45,80
DA:47,2
DA:56,2
DA:57,2
DA:59,2
DA:65,80
DA:74,80
DA:75,10
DA:78,80
DA:79,80
DA:80,80
DA:82,80
DA:84,54
DA:85,0
DA:86,0
DA:87,0
DA:90,0
DA:91,0
DA:95,0
DA:99,0
DA:102,54
DA:103,0
DA:104,0
DA:105,0
DA:108,0
DA:111,0
DA:112,0
DA:115,0
DA:121,54
DA:130,8
DA:137,8
DA:144,8
DA:151,8
DA:159,8
DA:166,8
DA:173,8
DA:180,8
DA:188,8
DA:196,8
LF:60
LH:41
BRDA:9,0,0,8
BRDA:9,0,1,46
BRDA:11,1,0,0
BRDA:11,1,1,46
BRDA:12,2,0,0
BRDA:12,2,1,0
BRDA:12,2,2,0
BRDA:13,3,0,0
BRDA:13,3,1,0
BRDA:13,4,0,0
BRDA:13,4,1,0
BRDA:13,4,2,0
BRDA:18,5,0,46
BRDA:18,5,1,0
BRDA:18,5,2,0
BRDA:20,6,0,46
BRDA:20,6,1,46
BRDA:20,6,2,46
BRDA:20,6,3,44
BRDA:20,6,4,44
BRDA:31,7,0,0
BRDA:31,7,1,6
BRDA:35,8,0,6
BRDA:35,8,1,0
BRDA:36,9,0,0
BRDA:36,9,1,6
BRDA:52,10,0,2
BRDA:52,10,1,0
BRDA:56,11,0,2
BRDA:56,11,1,0
BRDA:59,12,0,2
BRDA:59,12,1,0
BRDA:61,13,0,2
BRDA:61,13,1,0
BRDA:74,14,0,10
BRDA:74,14,1,70
BRDA:84,15,0,0
BRDA:84,15,1,54
BRDA:84,16,0,54
BRDA:84,16,1,0
BRDA:85,17,0,0
BRDA:85,17,1,0
BRDA:90,18,0,0
BRDA:90,18,1,0
BRDA:102,19,0,0
BRDA:102,19,1,54
BRDA:103,20,0,0
BRDA:103,20,1,0
BRDA:104,21,0,0
BRDA:104,21,1,0
BRDA:111,22,0,0
BRDA:111,22,1,0
BRF:52
BRH:21
end_of_record
TN:
SF:src\middleware\requestLogger.ts
FN:12,(anonymous_1)
FN:14,(anonymous_2)
FN:24,(anonymous_3)
FN:37,(anonymous_4)
FNF:4
FNH:4
FNDA:26,(anonymous_1)
FNDA:96,(anonymous_2)
FNDA:26,(anonymous_3)
FNDA:26,(anonymous_4)
DA:2,8
DA:3,8
DA:5,8
DA:12,8
DA:13,26
DA:14,96
DA:18,8
DA:24,8
DA:25,26
DA:26,26
DA:27,26
DA:29,26
DA:30,19
DA:37,26
DA:38,26
DA:39,26
DA:40,26
DA:41,26
DA:48,26
DA:50,26
DA:51,1
DA:52,25
DA:53,12
DA:54,13
DA:55,9
DA:56,4
DA:57,0
DA:61,26
LF:28
LH:27
BRDA:14,0,0,26
BRDA:14,0,1,26
BRDA:14,1,0,96
BRDA:14,1,1,89
BRDA:18,2,0,8
BRDA:18,2,1,8
BRDA:26,3,0,26
BRDA:26,3,1,0
BRDA:29,4,0,19
BRDA:29,4,1,7
BRDA:29,5,0,26
BRDA:29,5,1,19
BRDA:32,6,0,19
BRDA:32,6,1,0
BRDA:33,7,0,8
BRDA:33,7,1,11
BRDA:46,8,0,26
BRDA:46,8,1,6
BRDA:50,9,0,1
BRDA:50,9,1,25
BRDA:52,10,0,12
BRDA:52,10,1,13
BRDA:54,11,0,9
BRDA:54,11,1,4
BRDA:54,12,0,13
BRDA:54,12,1,9
BRDA:56,13,0,0
BRDA:56,13,1,4
BRDA:56,14,0,4
BRDA:56,14,1,0
BRDA:56,15,0,0
BRDA:56,15,1,0
BRF:32
BRH:26
end_of_record
TN:
SF:src\middleware\requestTracker.ts
FN:23,(anonymous_1)
FN:45,(anonymous_2)
FN:53,(anonymous_3)
FNF:3
FNH:3
FNDA:30,(anonymous_1)
FNDA:30,(anonymous_2)
FNDA:7,(anonymous_3)
DA:1,32
DA:3,32
DA:4,32
DA:6,32
DA:17,32
DA:23,32
DA:24,30
DA:25,30
DA:27,30
DA:34,30
DA:35,8
DA:36,8
DA:37,8
DA:45,30
DA:46,30
DA:53,32
DA:54,7
DA:55,7
DA:56,7
LF:19
LH:19
BRDA:24,0,0,30
BRDA:24,0,1,30
BRDA:29,1,0,30
BRDA:29,1,1,0
BRDA:31,2,0,30
BRDA:31,2,1,0
BRDA:34,3,0,8
BRDA:34,3,1,22
BRDA:38,4,0,8
BRDA:38,4,1,0
BRDA:41,5,0,8
BRDA:41,5,1,8
BRDA:55,6,0,7
BRDA:55,6,1,0
BRF:14
BRH:10
end_of_record
TN:
SF:src\middleware\upload.ts
FN:64,(anonymous_1)
FN:68,(anonymous_2)
FN:149,(anonymous_3)
FN:150,(anonymous_4)
FN:174,(anonymous_5)
FN:177,(anonymous_6)
FN:211,(anonymous_7)
FN:225,(anonymous_8)
FN:230,(anonymous_9)
FN:236,(anonymous_10)
FN:252,(anonymous_11)
FN:270,(anonymous_12)
FN:287,(anonymous_13)
FN:294,(anonymous_14)
FN:341,(anonymous_15)
FN:356,(anonymous_16)
FN:357,(anonymous_17)
FN:386,(anonymous_18)
FN:487,(anonymous_19)
FN:494,(anonymous_20)
FN:501,(anonymous_21)
FN:508,(anonymous_22)
FNF:22
FNH:13
FNDA:0,(anonymous_1)
FNDA:8,(anonymous_2)
FNDA:4,(anonymous_3)
FNDA:5,(anonymous_4)
FNDA:5,(anonymous_5)
FNDA:5,(anonymous_6)
FNDA:1,(anonymous_7)
FNDA:0,(anonymous_8)
FNDA:0,(anonymous_9)
FNDA:0,(anonymous_10)
FNDA:0,(anonymous_11)
FNDA:0,(anonymous_12)
FNDA:0,(anonymous_13)
FNDA:0,(anonymous_14)
FNDA:1,(anonymous_15)
FNDA:5,(anonymous_16)
FNDA:1,(anonymous_17)
FNDA:1,(anonymous_18)
FNDA:2,(anonymous_19)
FNDA:2,(anonymous_20)
FNDA:1,(anonymous_21)
FNDA:0,(anonymous_22)
DA:1,2
DA:3,2
DA:5,2
DA:7,2
DA:8,2
DA:9,2
DA:10,2
DA:19,2
DA:38,2
DA:57,2
DA:58,2
DA:64,2
DA:65,0
DA:68,2
DA:69,8
DA:70,6
DA:73,6
DA:74,1
DA:77,5
DA:78,1
DA:81,4
DA:82,0
DA:85,4
DA:86,0
DA:89,4
DA:90,0
DA:93,4
DA:94,0
DA:97,4
DA:98,0
DA:101,4
DA:102,1
DA:105,3
DA:106,1
DA:107,1
DA:108,1
DA:112,2
DA:113,2
DA:114,0
DA:115,0
DA:116,0
DA:118,0
DA:127,0
DA:128,0
DA:130,0
DA:139,0
DA:140,0
DA:143,2
DA:149,2
DA:150,4
DA:151,5
DA:152,5
DA:153,5
DA:155,5
DA:158,5
DA:159,5
DA:161,0
DA:170,2
DA:171,2
DA:173,2
DA:175,5
DA:178,5
DA:179,5
DA:183,2
DA:190,2
DA:196,2
DA:202,2
DA:211,2
DA:212,1
DA:213,1
DA:214,1
DA:215,1
DA:216,1
DA:218,1
DA:225,2
DA:230,0
DA:232,0
DA:233,0
DA:234,0
DA:236,0
DA:237,0
DA:240,0
DA:246,0
DA:247,0
DA:248,0
DA:251,0
DA:252,0
DA:253,0
DA:254,0
DA:255,0
DA:256,0
DA:258,0
DA:264,2
DA:265,2
DA:270,2
DA:278,0
DA:279,0
DA:280,0
DA:282,0
DA:283,0
DA:286,0
DA:287,0
DA:291,0
DA:294,2
DA:295,0
DA:296,0
DA:297,0
DA:298,0
DA:305,0
DA:306,0
DA:307,0
DA:308,0
DA:310,0
DA:311,0
DA:312,0
DA:320,0
DA:321,0
DA:324,0
DA:325,0
DA:327,0
DA:328,0
DA:329,0
DA:331,0
DA:332,0
DA:334,0
DA:341,2
DA:342,1
DA:343,1
DA:344,1
DA:345,1
DA:356,2
DA:357,5
DA:358,1
DA:361,1
DA:362,1
DA:363,1
DA:364,0
DA:366,1
DA:368,1
DA:369,1
DA:370,1
DA:371,1
DA:372,0
DA:374,1
DA:377,1
DA:378,1
DA:379,0
DA:386,1
DA:387,1
DA:388,1
DA:389,0
DA:392,1
DA:393,1
DA:394,1
DA:395,0
DA:398,1
DA:399,1
DA:401,1
DA:402,1
DA:406,0
DA:407,0
DA:411,0
DA:412,0
DA:414,0
DA:416,0
DA:426,0
DA:428,0
DA:429,0
DA:430,0
DA:432,0
DA:434,0
DA:435,0
DA:438,0
DA:439,0
DA:441,0
DA:442,0
DA:446,0
DA:447,0
DA:451,0
DA:452,0
DA:454,0
DA:456,0
DA:466,0
DA:468,0
DA:469,0
DA:470,0
DA:472,0
DA:474,1
DA:476,1
DA:477,1
DA:478,0
DA:480,1
DA:486,2
DA:487,2
DA:493,2
DA:494,2
DA:500,2
DA:501,1
DA:507,2
DA:508,0
DA:515,2
LF:201
LH:104
BRDA:69,0,0,2
BRDA:69,0,1,6
BRDA:73,1,0,1
BRDA:73,1,1,5
BRDA:77,2,0,1
BRDA:77,2,1,4
BRDA:81,3,0,0
BRDA:81,3,1,4
BRDA:85,4,0,0
BRDA:85,4,1,4
BRDA:89,5,0,0
BRDA:89,5,1,4
BRDA:89,6,0,4
BRDA:89,6,1,4
BRDA:93,7,0,0
BRDA:93,7,1,4
BRDA:97,8,0,0
BRDA:97,8,1,4
BRDA:101,9,0,1
BRDA:101,9,1,3
BRDA:105,10,0,1
BRDA:105,10,1,2
BRDA:107,11,0,1
BRDA:107,11,1,0
BRDA:113,12,0,0
BRDA:113,12,1,2
BRDA:115,13,0,0
BRDA:115,13,1,0
BRDA:115,14,0,0
BRDA:115,14,1,0
BRDA:127,15,0,0
BRDA:127,15,1,0
BRDA:139,16,0,0
BRDA:139,16,1,0
BRDA:139,17,0,0
BRDA:139,17,1,0
BRDA:152,18,0,5
BRDA:152,18,1,5
BRDA:153,19,0,5
BRDA:153,19,1,5
BRDA:153,19,2,5
BRDA:155,20,0,5
BRDA:155,20,1,5
BRDA:155,20,2,5
BRDA:155,20,3,0
BRDA:158,21,0,5
BRDA:158,21,1,0
BRDA:158,22,0,5
BRDA:158,22,1,5
BRDA:243,23,0,0
BRDA:243,23,1,0
BRDA:246,24,0,0
BRDA:246,24,1,0
BRDA:253,25,0,0
BRDA:253,25,1,0
BRDA:255,26,0,0
BRDA:255,26,1,0
BRDA:274,27,0,0
BRDA:275,28,0,0
BRDA:286,29,0,0
BRDA:286,29,1,0
BRDA:291,30,0,0
BRDA:291,30,1,0
BRDA:295,31,0,0
BRDA:295,31,1,0
BRDA:298,32,0,0
BRDA:298,32,1,0
BRDA:299,33,0,0
BRDA:299,33,1,0
BRDA:299,33,2,0
BRDA:299,33,3,0
BRDA:299,33,4,0
BRDA:311,34,0,0
BRDA:311,34,1,0
BRDA:311,35,0,0
BRDA:311,35,1,0
BRDA:311,35,2,0
BRDA:311,35,3,0
BRDA:330,36,0,0
BRDA:330,36,1,0
BRDA:343,37,0,1
BRDA:343,37,1,0
BRDA:356,38,0,0
BRDA:361,39,0,1
BRDA:361,39,1,1
BRDA:361,39,2,0
BRDA:362,40,0,1
BRDA:362,40,1,1
BRDA:363,41,0,0
BRDA:363,41,1,1
BRDA:369,42,0,1
BRDA:369,42,1,0
BRDA:371,43,0,0
BRDA:371,43,1,1
BRDA:371,44,0,1
BRDA:371,44,1,1
BRDA:378,45,0,0
BRDA:378,45,1,1
BRDA:388,46,0,0
BRDA:388,46,1,1
BRDA:394,47,0,0
BRDA:394,47,1,1
BRDA:401,48,0,1
BRDA:401,48,1,0
BRDA:406,49,0,0
BRDA:406,49,1,0
BRDA:406,50,0,0
BRDA:406,50,1,0
BRDA:417,51,0,0
BRDA:417,51,1,0
BRDA:418,52,0,0
BRDA:418,52,1,0
BRDA:419,53,0,0
BRDA:419,53,1,0
BRDA:429,54,0,0
BRDA:429,54,1,0
BRDA:434,55,0,0
BRDA:434,55,1,0
BRDA:441,56,0,0
BRDA:441,56,1,0
BRDA:446,57,0,0
BRDA:446,57,1,0
BRDA:446,58,0,0
BRDA:446,58,1,0
BRDA:457,59,0,0
BRDA:457,59,1,0
BRDA:458,60,0,0
BRDA:458,60,1,0
BRDA:459,61,0,0
BRDA:459,61,1,0
BRDA:468,62,0,0
BRDA:468,62,1,0
BRDA:469,63,0,0
BRDA:469,63,1,0
BRDA:476,64,0,1
BRDA:476,64,1,0
BRDA:477,65,0,1
BRDA:477,65,1,0
BRF:138
BRH:46
end_of_record
TN:
SF:src\middleware\zodValidationMiddleware.ts
FN:9,(anonymous_1)
FN:10,(anonymous_2)
FN:23,(anonymous_3)
FNF:3
FNH:2
FNDA:7,(anonymous_1)
FNDA:4,(anonymous_2)
FNDA:0,(anonymous_3)
DA:2,1
DA:3,1
DA:9,1
DA:10,7
DA:11,4
DA:13,4
DA:18,4
DA:20,0
DA:22,0
DA:23,0
DA:24,0
DA:25,0
DA:28,0
DA:30,0
DA:35,0
DA:43,0
LF:16
LH:7
BRDA:20,0,0,0
BRDA:20,0,1,0
BRDA:22,1,0,0
BRDA:22,1,1,0
BRDA:22,1,2,0
BRDA:37,2,0,0
BRDA:37,2,1,0
BRF:7
BRH:0
end_of_record
TN:
SF:src\models\AdminAuditLog.ts
FNF:0
FNH:0
DA:1,8
DA:22,8
DA:43,8
DA:44,8
DA:45,8
DA:48,8
DA:50,8
DA:51,8
LF:8
LH:8
BRF:0
BRH:0
end_of_record
TN:
SF:src\models\AdminNotification.ts
FNF:0
FNH:0
DA:1,2
DA:14,2
DA:42,2
DA:43,2
DA:46,2
DA:48,2
LF:6
LH:6
BRF:0
BRH:0
end_of_record
TN:
SF:src\models\ConsentPreference.ts
FNF:0
FNH:0
DA:1,2
DA:16,2
DA:30,2
DA:31,2
DA:33,2
DA:35,2
LF:6
LH:6
BRF:0
BRH:0
end_of_record
TN:
SF:src\models\ContentSection.ts
FNF:0
FNH:0
DA:1,7
DA:16,7
DA:36,7
DA:38,7
DA:39,7
LF:5
LH:5
BRF:0
BRH:0
end_of_record
TN:
SF:src\models\Coupon.ts
FNF:0
FNH:0
DA:1,1
DA:29,1
DA:63,1
DA:64,1
DA:65,1
DA:66,1
DA:68,1
DA:70,1
LF:8
LH:8
BRF:0
BRH:0
end_of_record
TN:
SF:src\models\EmailCampaign.ts
FNF:0
FNH:0
DA:1,2
DA:25,2
DA:56,2
DA:57,2
DA:58,2
DA:60,2
DA:62,2
LF:7
LH:7
BRF:0
BRH:0
end_of_record
TN:
SF:src\models\EmailTemplate.ts
FNF:0
FNH:0
DA:1,2
DA:14,2
DA:30,2
DA:31,2
DA:33,2
DA:35,2
LF:6
LH:6
BRF:0
BRH:0
end_of_record
TN:
SF:src\models\Event.ts
FN:71,(anonymous_9)
FN:73,(anonymous_10)
FN:86,(anonymous_11)
FN:93,(anonymous_12)
FN:98,(anonymous_13)
FNF:5
FNH:0
FNDA:0,(anonymous_9)
FNDA:0,(anonymous_10)
FNDA:0,(anonymous_11)
FNDA:0,(anonymous_12)
FNDA:0,(anonymous_13)
DA:1,4
DA:28,4
DA:56,4
DA:57,4
DA:58,4
DA:61,4
DA:62,4
DA:63,4
DA:64,4
DA:65,4
DA:68,4
DA:69,4
DA:71,4
DA:73,4
DA:74,0
DA:75,0
DA:76,0
DA:77,0
DA:78,0
DA:79,0
DA:80,0
DA:83,0
DA:84,0
DA:85,0
DA:86,0
DA:87,0
DA:93,4
DA:94,0
DA:95,0
DA:98,4
DA:99,0
DA:100,0
DA:103,4
DA:104,4
LF:34
LH:18
BRDA:74,0,0,0
BRDA:74,0,1,0
BRDA:76,1,0,0
BRDA:76,1,1,0
BRDA:77,2,0,0
BRDA:77,2,1,0
BRDA:77,3,0,0
BRDA:77,3,1,0
BRDA:78,4,0,0
BRDA:78,4,1,0
BRDA:79,5,0,0
BRDA:79,5,1,0
BRDA:80,6,0,0
BRDA:80,6,1,0
BRDA:85,7,0,0
BRDA:85,7,1,0
BRF:16
BRH:0
end_of_record
TN:
SF:src\models\FailedEmailJob.ts
FNF:0
FNH:0
DA:1,1
DA:14,1
DA:26,1
DA:28,1
DA:29,1
LF:5
LH:5
BRF:0
BRH:0
end_of_record
TN:
SF:src\models\FailedLoginAttempt.ts
FNF:0
FNH:0
DA:1,4
DA:10,4
DA:21,4
DA:23,4
DA:24,4
LF:5
LH:5
BRF:0
BRH:0
end_of_record
TN:
SF:src\models\Gallery.ts
FN:65,(anonymous_9)
FN:67,(anonymous_10)
FN:76,(anonymous_11)
FN:83,(anonymous_12)
FN:88,(anonymous_13)
FNF:5
FNH:0
FNDA:0,(anonymous_9)
FNDA:0,(anonymous_10)
FNDA:0,(anonymous_11)
FNDA:0,(anonymous_12)
FNDA:0,(anonymous_13)
DA:1,2
DA:25,2
DA:50,2
DA:51,2
DA:52,2
DA:53,2
DA:56,2
DA:57,2
DA:58,2
DA:59,2
DA:62,2
DA:63,2
DA:65,2
DA:67,2
DA:68,0
DA:69,0
DA:70,0
DA:71,0
DA:73,0
DA:74,0
DA:75,0
DA:76,0
DA:77,0
DA:83,2
DA:84,0
DA:85,0
DA:88,2
DA:89,0
DA:90,0
DA:93,2
DA:94,2
LF:31
LH:18
BRDA:68,0,0,0
BRDA:68,0,1,0
BRDA:70,1,0,0
BRDA:70,1,1,0
BRDA:71,2,0,0
BRDA:71,2,1,0
BRDA:75,3,0,0
BRDA:75,3,1,0
BRF:8
BRH:0
end_of_record
TN:
SF:src\models\InventoryLog.ts
FNF:0
FNH:0
DA:1,6
DA:25,6
DA:45,6
DA:46,6
DA:47,6
DA:49,6
DA:50,6
LF:7
LH:7
BRF:0
BRH:0
end_of_record
TN:
SF:src\models\InventoryReservation.ts
FNF:0
FNH:0
DA:1,6
DA:13,6
DA:33,6
DA:37,6
DA:38,6
DA:39,6
DA:41,6
DA:42,6
LF:8
LH:8
BRF:0
BRH:0
end_of_record
TN:
SF:src\models\NotificationLog.ts
FNF:0
FNH:0
DA:1,2
DA:25,2
DA:62,2
DA:63,2
DA:64,2
DA:65,2
DA:68,2
DA:69,2
DA:72,2
DA:74,2
DA:76,2
LF:11
LH:11
BRF:0
BRH:0
end_of_record
TN:
SF:src\models\Order.ts
FN:123,(anonymous_9)
FNF:1
FNH:1
FNDA:3,(anonymous_9)
DA:1,4
DA:107,4
DA:123,3
DA:212,4
DA:213,4
DA:214,4
DA:215,4
DA:216,4
DA:217,4
DA:218,4
DA:219,4
DA:220,4
DA:223,4
DA:224,4
DA:226,4
DA:227,4
DA:228,4
DA:230,4
DA:231,4
LF:19
LH:19
BRF:0
BRH:0
end_of_record
TN:
SF:src\models\OtpRequestLog.ts
FNF:0
FNH:0
DA:1,2
DA:10,2
DA:20,2
DA:23,2
DA:24,2
DA:26,2
DA:28,2
LF:7
LH:7
BRF:0
BRH:0
end_of_record
TN:
SF:src\models\OtpVerification.ts
FNF:0
FNH:0
DA:1,3
DA:3,3
DA:17,3
DA:31,3
DA:34,3
DA:35,3
DA:37,3
DA:39,3
LF:8
LH:8
BRF:0
BRH:0
end_of_record
TN:
SF:src\models\OutboxEvent.ts
FNF:0
FNH:0
DA:1,6
DA:15,6
DA:32,6
DA:33,6
DA:35,6
DA:36,6
LF:6
LH:6
BRF:0
BRH:0
end_of_record
TN:
SF:src\models\PasswordResetToken.ts
FNF:0
FNH:0
DA:1,2
DA:10,2
DA:20,2
DA:22,2
DA:23,2
LF:5
LH:5
BRF:0
BRH:0
end_of_record
TN:
SF:src\models\PaymentAudit.ts
FNF:0
FNH:0
DA:1,3
DA:20,3
DA:39,3
DA:41,3
LF:4
LH:4
BRF:0
BRH:0
end_of_record
TN:
SF:src\models\PaymentWebhookEvent.ts
FNF:0
FNH:0
DA:1,4
DA:15,4
DA:34,4
DA:35,4
DA:36,4
DA:39,4
DA:44,4
LF:7
LH:7
BRF:0
BRH:0
end_of_record
TN:
SF:src\models\Product.ts
FN:132,(anonymous_9)
FN:136,(anonymous_10)
FN:145,(anonymous_11)
FN:152,(anonymous_12)
FN:157,(anonymous_13)
FNF:5
FNH:1
FNDA:1,(anonymous_9)
FNDA:0,(anonymous_10)
FNDA:0,(anonymous_11)
FNDA:0,(anonymous_12)
FNDA:0,(anonymous_13)
DA:1,7
DA:51,7
DA:105,7
DA:112,7
DA:113,7
DA:114,7
DA:117,7
DA:118,7
DA:119,7
DA:120,7
DA:121,7
DA:124,7
DA:125,7
DA:129,7
DA:130,7
DA:132,7
DA:133,1
DA:136,7
DA:137,0
DA:138,0
DA:139,0
DA:140,0
DA:142,0
DA:143,0
DA:144,0
DA:145,0
DA:146,0
DA:152,7
DA:153,0
DA:154,0
DA:157,7
DA:158,0
DA:159,0
DA:162,7
DA:163,7
LF:35
LH:22
BRDA:137,0,0,0
BRDA:137,0,1,0
BRDA:139,1,0,0
BRDA:139,1,1,0
BRDA:140,2,0,0
BRDA:140,2,1,0
BRDA:140,3,0,0
BRDA:140,3,1,0
BRDA:144,4,0,0
BRDA:144,4,1,0
BRF:10
BRH:0
end_of_record
TN:
SF:src\models\RefreshToken.ts
FNF:0
FNH:0
DA:1,5
DA:11,5
DA:22,5
DA:25,5
DA:27,5
DA:28,5
LF:6
LH:6
BRF:0
BRH:0
end_of_record
TN:
SF:src\models\RefundRecord.ts
FNF:0
FNH:0
DA:1,3
DA:19,3
DA:40,3
DA:41,3
DA:42,3
DA:43,3
DA:45,3
LF:7
LH:7
BRDA:45,0,0,3
BRDA:45,0,1,3
BRF:2
BRH:2
end_of_record
TN:
SF:src\models\RentalDayBlock.ts
FNF:0
FNH:0
DA:1,1
DA:19,1
DA:31,1
DA:32,1
DA:34,1
DA:35,1
LF:6
LH:6
BRF:0
BRH:0
end_of_record
TN:
SF:src\models\TrendingSnapshot.ts
FNF:0
FNH:0
DA:1,1
DA:22,1
DA:35,1
DA:57,1
DA:60,1
DA:62,1
DA:66,1
LF:7
LH:7
BRF:0
BRH:0
end_of_record
TN:
SF:src\models\UsedRefreshToken.ts
FNF:0
FNH:0
DA:1,5
DA:10,5
DA:21,5
DA:23,5
DA:24,5
LF:5
LH:5
BRF:0
BRH:0
end_of_record
TN:
SF:src\models\User.ts
FN:98,(anonymous_9)
FN:113,(anonymous_10)
FN:122,(anonymous_11)
FN:140,(anonymous_12)
FN:144,(anonymous_13)
FN:180,purgeUserSessions
FN:193,(anonymous_15)
FN:197,(anonymous_16)
FNF:8
FNH:3
FNDA:7,(anonymous_9)
FNDA:7,(anonymous_10)
FNDA:7,(anonymous_11)
FNDA:0,(anonymous_12)
FNDA:0,(anonymous_13)
FNDA:0,purgeUserSessions
FNDA:0,(anonymous_15)
FNDA:0,(anonymous_16)
DA:1,14
DA:2,14
DA:68,14
DA:98,7
DA:113,7
DA:122,7
DA:141,0
DA:142,0
DA:145,0
DA:146,0
DA:170,14
DA:171,14
DA:172,14
DA:173,14
DA:174,14
DA:177,14
DA:181,0
DA:182,0
DA:183,0
DA:184,0
DA:193,14
DA:194,0
DA:197,14
DA:198,0
DA:201,14
DA:203,14
LF:26
LH:16
BRDA:141,0,0,0
BRDA:141,0,1,0
BRDA:145,1,0,0
BRDA:145,1,1,0
BRDA:194,2,0,0
BRDA:194,2,1,0
BRDA:198,3,0,0
BRDA:198,3,1,0
BRF:8
BRH:0
end_of_record
TN:
SF:src\models\UserInteraction.ts
FNF:0
FNH:0
DA:1,1
DA:44,1
DA:85,1
DA:86,1
DA:87,1
DA:88,1
DA:89,1
DA:92,1
DA:94,1
DA:95,1
LF:10
LH:10
BRF:0
BRH:0
end_of_record
TN:
SF:src\models\WalletTransaction.ts
FNF:0
FNH:0
DA:1,1
DA:16,1
DA:48,1
DA:49,1
DA:50,1
DA:51,1
DA:54,1
DA:56,1
DA:58,1
LF:9
LH:9
BRF:0
BRH:0
end_of_record
TN:
SF:src\routes\adminInviteRoutes.ts
FNF:0
FNH:0
DA:1,1
DA:2,1
DA:10,1
DA:11,1
DA:13,1
DA:16,1
DA:17,1
DA:18,1
DA:19,1
DA:22,1
DA:23,1
DA:25,1
LF:12
LH:12
BRF:0
BRH:0
end_of_record
TN:
SF:src\routes\adminSystemRoutes.ts
FNF:0
FNH:0
DA:1,1
DA:2,1
DA:11,1
DA:12,1
DA:13,1
DA:15,1
DA:19,1
DA:20,1
DA:21,1
DA:22,1
DA:23,1
DA:24,1
DA:25,1
DA:28,1
DA:29,1
DA:30,1
DA:31,1
DA:34,1
DA:35,1
DA:37,1
LF:20
LH:20
BRF:0
BRH:0
end_of_record
TN:
SF:src\routes\healthRoutes.ts
FNF:0
FNH:0
DA:1,8
DA:2,8
DA:3,8
DA:5,8
DA:8,8
DA:9,8
DA:12,8
DA:15,8
DA:17,8
LF:9
LH:9
BRF:0
BRH:0
end_of_record
TN:
SF:src\routes\mediaRoutes.ts
FNF:0
FNH:0
DA:1,1
DA:2,1
DA:4,1
DA:10,1
DA:12,1
LF:5
LH:5
BRF:0
BRH:0
end_of_record
TN:
SF:src\routes\recommendationRoutes.ts
FNF:0
FNH:0
DA:1,1
DA:2,1
DA:11,1
DA:12,1
DA:13,1
DA:14,1
DA:15,1
DA:16,1
DA:18,1
DA:21,1
DA:24,1
DA:25,1
DA:26,1
DA:27,1
DA:28,1
DA:29,1
DA:32,1
DA:34,1
DA:36,1
LF:19
LH:19
BRF:0
BRH:0
end_of_record
TN:
SF:src\routes\registerApiRoutes.ts
FN:9,(anonymous_1)
FN:11,(anonymous_2)
FN:32,(anonymous_3)
FNF:3
FNH:3
FNDA:264,(anonymous_1)
FNDA:25,(anonymous_2)
FNDA:8,(anonymous_3)
DA:1,8
DA:2,8
DA:3,8
DA:9,8
DA:10,264
DA:11,264
DA:12,25
DA:13,25
DA:14,5
DA:15,5
DA:17,25
DA:18,25
DA:20,0
DA:23,0
DA:32,8
DA:37,8
DA:38,8
DA:40,8
DA:41,8
DA:42,8
DA:43,8
DA:44,8
DA:45,8
DA:46,8
DA:47,8
DA:48,8
DA:49,8
DA:50,8
DA:51,8
DA:52,8
DA:53,8
DA:54,8
DA:55,8
DA:56,8
DA:57,8
DA:58,8
DA:59,8
DA:60,8
DA:61,8
DA:62,8
DA:68,8
DA:71,8
DA:74,8
DA:75,8
DA:76,8
DA:77,8
DA:78,8
DA:81,8
DA:82,8
DA:83,8
DA:85,8
LF:51
LH:49
BRDA:13,0,0,5
BRDA:13,0,1,20
BRDA:15,1,0,5
BRDA:15,1,1,0
BRDA:17,2,0,25
BRDA:17,2,1,0
BRDA:35,3,0,0
BRF:7
BRH:4
end_of_record
TN:
SF:src\routes\uploadRoutes.ts
FN:13,(anonymous_1)
FN:43,(anonymous_2)
FN:96,(anonymous_3)
FN:98,(anonymous_4)
FN:110,(anonymous_5)
FN:112,(anonymous_6)
FN:124,(anonymous_7)
FN:126,(anonymous_8)
FN:138,(anonymous_9)
FN:151,(anonymous_10)
FN:153,(anonymous_11)
FNF:11
FNH:1
FNDA:2,(anonymous_1)
FNDA:0,(anonymous_2)
FNDA:0,(anonymous_3)
FNDA:0,(anonymous_4)
FNDA:0,(anonymous_5)
FNDA:0,(anonymous_6)
FNDA:0,(anonymous_7)
FNDA:0,(anonymous_8)
FNDA:0,(anonymous_9)
FNDA:0,(anonymous_10)
FNDA:0,(anonymous_11)
DA:1,1
DA:2,1
DA:3,1
DA:4,1
DA:5,1
DA:6,1
DA:7,1
DA:8,1
DA:10,1
DA:13,1
DA:14,2
DA:15,2
DA:16,0
DA:18,2
DA:19,2
DA:21,0
DA:23,2
DA:26,1
DA:39,1
DA:44,0
DA:45,0
DA:46,0
DA:49,0
DA:50,0
DA:51,0
DA:54,0
DA:55,0
DA:56,0
DA:57,0
DA:58,0
DA:62,0
DA:63,0
DA:64,0
DA:67,0
DA:68,0
DA:73,0
DA:75,0
DA:90,1
DA:97,0
DA:98,0
DA:99,0
DA:103,1
DA:111,0
DA:112,0
DA:113,0
DA:117,1
DA:125,0
DA:126,0
DA:127,0
DA:131,1
DA:139,0
DA:140,0
DA:144,1
DA:152,0
DA:153,0
DA:154,0
DA:158,1
LF:57
LH:23
BRDA:15,0,0,0
BRDA:15,0,1,2
BRDA:19,1,0,0
BRDA:19,1,1,2
BRDA:19,2,0,2
BRDA:19,2,1,2
BRDA:45,3,0,0
BRDA:45,3,1,0
BRDA:49,4,0,0
BRDA:49,4,1,0
BRDA:50,5,0,0
BRDA:50,5,1,0
BRDA:55,6,0,0
BRDA:55,6,1,0
BRDA:56,7,0,0
BRDA:56,7,1,0
BRDA:57,8,0,0
BRDA:57,8,1,0
BRDA:62,9,0,0
BRDA:62,9,1,0
BRDA:63,10,0,0
BRDA:63,10,1,0
BRF:22
BRH:4
end_of_record
TN:
SF:src\services\AdminAuthService.ts
FN:14,(anonymous_1)
FN:32,(anonymous_2)
FN:36,(anonymous_3)
FN:113,(anonymous_4)
FN:137,(anonymous_5)
FN:216,(anonymous_6)
FN:250,(anonymous_7)
FNF:7
FNH:1
FNDA:0,(anonymous_1)
FNDA:0,(anonymous_2)
FNDA:0,(anonymous_3)
FNDA:1,(anonymous_4)
FNDA:0,(anonymous_5)
FNDA:0,(anonymous_6)
FNDA:0,(anonymous_7)
DA:1,2
DA:2,2
DA:3,2
DA:4,2
DA:5,2
DA:6,2
DA:7,2
DA:8,2
DA:9,2
DA:10,2
DA:11,2
DA:15,0
DA:16,0
DA:18,0
DA:19,0
DA:21,0
DA:22,0
DA:24,0
DA:25,0
DA:27,0
DA:28,0
DA:33,0
DA:34,0
DA:36,0
DA:37,0
DA:38,0
DA:41,0
DA:42,0
DA:43,0
DA:46,0
DA:52,0
DA:53,0
DA:54,0
DA:57,0
DA:58,0
DA:60,0
DA:64,0
DA:65,0
DA:68,0
DA:69,0
DA:70,0
DA:72,0
DA:73,0
DA:74,0
DA:75,0
DA:79,0
DA:89,0
DA:90,0
DA:94,0
DA:99,0
DA:103,0
DA:110,0
DA:114,1
DA:116,1
DA:117,1
DA:118,0
DA:121,0
DA:127,1
DA:129,1
DA:130,1
DA:132,1
DA:133,1
DA:136,0
DA:137,0
DA:138,0
DA:140,0
DA:141,0
DA:144,0
DA:145,0
DA:148,0
DA:149,0
DA:150,0
DA:151,0
DA:152,0
DA:153,0
DA:154,0
DA:157,0
DA:166,0
DA:167,0
DA:171,0
DA:173,0
DA:178,0
DA:182,0
DA:184,0
DA:185,0
DA:187,0
DA:188,0
DA:195,0
DA:196,0
DA:197,0
DA:206,0
DA:207,0
DA:217,0
DA:219,0
DA:220,0
DA:222,0
DA:231,0
DA:232,0
DA:233,0
DA:236,0
DA:237,0
DA:238,0
DA:240,0
DA:241,0
DA:247,0
DA:251,0
DA:253,0
DA:255,0
DA:257,0
DA:263,0
DA:264,0
DA:267,0
DA:268,0
DA:269,0
DA:272,0
DA:273,0
DA:274,0
DA:275,0
DA:277,0
DA:278,0
DA:282,2
LF:121
LH:20
BRDA:15,0,0,0
BRDA:15,0,1,0
BRDA:18,1,0,0
BRDA:18,1,1,0
BRDA:21,2,0,0
BRDA:21,2,1,0
BRDA:24,3,0,0
BRDA:24,3,1,0
BRDA:27,4,0,0
BRDA:27,4,1,0
BRDA:37,5,0,0
BRDA:37,5,1,0
BRDA:42,6,0,0
BRDA:42,6,1,0
BRDA:42,7,0,0
BRDA:42,7,1,0
BRDA:42,7,2,0
BRDA:53,8,0,0
BRDA:53,8,1,0
BRDA:58,9,0,0
BRDA:58,9,1,0
BRDA:60,10,0,0
BRDA:60,10,1,0
BRDA:64,11,0,0
BRDA:64,11,1,0
BRDA:68,12,0,0
BRDA:68,12,1,0
BRDA:72,13,0,0
BRDA:72,13,1,0
BRDA:74,14,0,0
BRDA:74,14,1,0
BRDA:83,15,0,0
BRDA:83,15,1,0
BRDA:89,16,0,0
BRDA:89,16,1,0
BRDA:117,17,0,0
BRDA:117,17,1,1
BRDA:117,18,0,1
BRDA:117,18,1,0
BRDA:117,18,2,0
BRDA:130,19,0,1
BRDA:130,19,1,1
BRDA:132,20,0,1
BRDA:132,20,1,0
BRDA:140,21,0,0
BRDA:140,21,1,0
BRDA:140,22,0,0
BRDA:140,22,1,0
BRDA:144,23,0,0
BRDA:144,23,1,0
BRDA:148,24,0,0
BRDA:148,24,1,0
BRDA:151,25,0,0
BRDA:151,25,1,0
BRDA:153,26,0,0
BRDA:153,26,1,0
BRDA:161,27,0,0
BRDA:161,27,1,0
BRDA:166,28,0,0
BRDA:166,28,1,0
BRDA:195,29,0,0
BRDA:195,29,1,0
BRDA:231,30,0,0
BRDA:231,30,1,0
BRDA:231,31,0,0
BRDA:231,31,1,0
BRDA:263,32,0,0
BRDA:263,32,1,0
BRDA:268,33,0,0
BRDA:268,33,1,0
BRF:70
BRH:5
end_of_record
TN:
SF:src\services\AdminRefundApprovalService.ts
FN:17,(anonymous_1)
FN:55,(anonymous_2)
FN:96,(anonymous_3)
FNF:3
FNH:3
FNDA:2,(anonymous_1)
FNDA:3,(anonymous_2)
FNDA:1,(anonymous_3)
DA:1,1
DA:2,1
DA:3,1
DA:4,1
DA:5,1
DA:6,1
DA:7,1
DA:9,1
DA:11,1
DA:29,2
DA:30,1
DA:32,1
DA:37,1
DA:44,1
DA:48,1
DA:49,1
DA:56,3
DA:57,3
DA:58,2
DA:59,1
DA:62,1
DA:63,1
DA:64,1
DA:67,1
DA:68,1
DA:69,1
DA:71,0
DA:75,1
DA:90,1
DA:97,1
DA:98,1
DA:99,1
DA:100,0
DA:103,1
DA:104,1
DA:105,1
DA:107,1
DA:122,1
LF:38
LH:36
BRDA:29,0,0,1
BRDA:29,0,1,1
BRDA:57,1,0,1
BRDA:57,1,1,2
BRDA:58,2,0,1
BRDA:58,2,1,1
BRDA:63,3,0,0
BRDA:63,3,1,1
BRDA:63,4,0,0
BRDA:63,4,1,0
BRDA:68,5,0,1
BRDA:68,5,1,0
BRDA:98,6,0,0
BRDA:98,6,1,1
BRDA:99,7,0,0
BRDA:99,7,1,1
BRF:16
BRH:10
end_of_record
TN:
SF:src\services\InventoryReconciliationService.ts
FN:12,(anonymous_1)
FN:20,(anonymous_2)
FN:87,(anonymous_3)
FNF:3
FNH:1
FNDA:1,(anonymous_1)
FNDA:0,(anonymous_2)
FNDA:0,(anonymous_3)
DA:2,1
DA:3,1
DA:4,1
DA:6,1
DA:13,1
DA:15,1
DA:20,1
DA:21,1
DA:24,1
DA:32,1
DA:33,1
DA:35,1
DA:36,1
DA:38,1
DA:39,1
DA:41,1
DA:43,1
DA:44,1
DA:45,1
DA:46,1
DA:47,1
DA:49,1
DA:50,1
DA:51,1
DA:54,1
DA:55,0
DA:56,0
DA:57,0
DA:59,0
DA:60,0
DA:61,0
DA:67,0
DA:68,0
DA:71,1
DA:72,1
DA:73,1
DA:74,1
DA:76,0
DA:81,1
DA:82,1
DA:83,1
DA:87,0
DA:90,1
DA:92,1
LF:44
LH:34
BRDA:36,0,0,1
BRDA:36,0,1,1
BRDA:43,1,0,1
BRDA:43,1,1,0
BRDA:45,2,0,1
BRDA:45,2,1,0
BRDA:46,3,0,0
BRDA:46,3,1,1
BRDA:47,4,0,1
BRDA:47,4,1,0
BRDA:47,5,0,1
BRDA:47,5,1,1
BRDA:54,6,0,0
BRDA:54,6,1,1
BRDA:71,7,0,1
BRDA:71,7,1,0
BRDA:81,8,0,1
BRDA:81,8,1,0
BRF:18
BRH:11
end_of_record
TN:
SF:src\services\InventoryService.ts
FN:14,(anonymous_10)
FN:66,(anonymous_11)
FN:109,(anonymous_12)
FN:132,(anonymous_13)
FN:176,(anonymous_14)
FN:209,(anonymous_15)
FN:263,(anonymous_16)
FN:296,(anonymous_17)
FN:331,(anonymous_18)
FNF:9
FNH:3
FNDA:22,(anonymous_10)
FNDA:1,(anonymous_11)
FNDA:0,(anonymous_12)
FNDA:0,(anonymous_13)
FNDA:0,(anonymous_14)
FNDA:0,(anonymous_15)
FNDA:0,(anonymous_16)
FNDA:0,(anonymous_17)
FNDA:1,(anonymous_18)
DA:1,6
DA:2,6
DA:3,6
DA:4,6
DA:5,6
DA:6,6
DA:7,6
DA:9,6
DA:15,22
DA:19,22
DA:29,22
DA:31,20
DA:32,20
DA:33,20
DA:34,20
DA:35,20
DA:38,2
DA:40,2
DA:49,2
DA:59,2
DA:67,1
DA:68,1
DA:69,1
DA:72,1
DA:78,1
DA:80,1
DA:81,1
DA:84,1
DA:85,0
DA:90,0
DA:93,0
DA:101,1
DA:102,1
DA:103,0
DA:104,0
DA:109,0
DA:112,1
DA:113,1
DA:116,1
DA:125,1
DA:133,0
DA:134,0
DA:135,0
DA:138,0
DA:144,0
DA:146,0
DA:151,0
DA:154,0
DA:156,0
DA:157,0
DA:160,0
DA:169,0
DA:178,0
DA:184,0
DA:185,0
DA:186,0
DA:189,0
DA:192,0
DA:211,0
DA:217,0
DA:219,0
DA:224,0
DA:225,0
DA:226,0
DA:228,0
DA:230,0
DA:241,0
DA:244,0
DA:247,0
DA:264,0
DA:270,0
DA:272,0
DA:275,0
DA:276,0
DA:277,0
DA:280,0
DA:290,0
DA:297,0
DA:300,0
DA:306,0
DA:308,0
DA:311,0
DA:312,0
DA:313,0
DA:317,0
DA:327,0
DA:332,1
DA:334,1
DA:339,1
DA:341,1
DA:343,1
DA:344,1
DA:345,1
DA:347,1
DA:349,1
DA:355,1
DA:357,0
DA:364,1
DA:367,1
DA:377,1
DA:378,1
DA:380,1
DA:381,1
DA:383,0
DA:384,0
DA:386,1
DA:390,1
DA:391,0
DA:395,0
DA:398,1
LF:110
LH:53
BRDA:14,0,0,0
BRDA:26,1,0,22
BRDA:26,1,1,20
BRDA:29,2,0,20
BRDA:29,2,1,2
BRDA:31,3,0,20
BRDA:31,3,1,19
BRDA:32,4,0,0
BRDA:32,4,1,20
BRDA:33,5,0,0
BRDA:33,5,1,20
BRDA:67,6,0,1
BRDA:67,6,1,0
BRDA:68,7,0,0
BRDA:68,7,1,1
BRDA:69,8,0,0
BRDA:69,8,1,1
BRDA:75,9,0,1
BRDA:75,9,1,0
BRDA:78,10,0,0
BRDA:78,10,1,1
BRDA:84,11,0,0
BRDA:84,11,1,1
BRDA:96,12,0,0
BRDA:96,12,1,0
BRDA:101,13,0,1
BRDA:101,13,1,1
BRDA:102,14,0,0
BRDA:102,14,1,1
BRDA:102,15,0,1
BRDA:102,15,1,1
BRDA:106,16,0,0
BRDA:106,16,1,0
BRDA:133,17,0,0
BRDA:133,17,1,0
BRDA:134,18,0,0
BRDA:134,18,1,0
BRDA:135,19,0,0
BRDA:135,19,1,0
BRDA:141,20,0,0
BRDA:141,20,1,0
BRDA:144,21,0,0
BRDA:144,21,1,0
BRDA:149,22,0,0
BRDA:149,22,1,0
BRDA:154,23,0,0
BRDA:154,23,1,0
BRDA:162,24,0,0
BRDA:162,24,1,0
BRDA:163,25,0,0
BRDA:163,25,1,0
BRDA:166,26,0,0
BRDA:166,26,1,0
BRDA:181,27,0,0
BRDA:181,27,1,0
BRDA:184,28,0,0
BRDA:184,28,1,0
BRDA:198,29,0,0
BRDA:198,29,1,0
BRDA:199,30,0,0
BRDA:199,30,1,0
BRDA:199,31,0,0
BRDA:199,31,1,0
BRDA:200,32,0,0
BRDA:200,32,1,0
BRDA:214,33,0,0
BRDA:214,33,1,0
BRDA:217,34,0,0
BRDA:217,34,1,0
BRDA:222,35,0,0
BRDA:222,35,1,0
BRDA:224,36,0,0
BRDA:224,36,1,0
BRDA:236,37,0,0
BRDA:236,37,1,0
BRDA:237,38,0,0
BRDA:237,38,1,0
BRDA:237,39,0,0
BRDA:237,39,1,0
BRDA:238,40,0,0
BRDA:238,40,1,0
BRDA:253,41,0,0
BRDA:253,41,1,0
BRDA:254,42,0,0
BRDA:254,42,1,0
BRDA:254,43,0,0
BRDA:254,43,1,0
BRDA:255,44,0,0
BRDA:255,44,1,0
BRDA:267,45,0,0
BRDA:267,45,1,0
BRDA:270,46,0,0
BRDA:270,46,1,0
BRDA:275,47,0,0
BRDA:275,47,1,0
BRDA:276,48,0,0
BRDA:276,48,1,0
BRDA:287,49,0,0
BRDA:287,49,1,0
BRDA:297,50,0,0
BRDA:297,50,1,0
BRDA:303,51,0,0
BRDA:303,51,1,0
BRDA:306,52,0,0
BRDA:306,52,1,0
BRDA:311,53,0,0
BRDA:311,53,1,0
BRDA:312,54,0,0
BRDA:312,54,1,0
BRDA:339,55,0,0
BRDA:339,55,1,1
BRDA:355,56,0,0
BRDA:355,56,1,1
BRDA:364,57,0,1
BRDA:364,57,1,0
BRDA:369,58,0,1
BRDA:369,58,1,0
BRDA:370,59,0,1
BRDA:370,59,1,0
BRDA:374,60,0,1
BRDA:374,60,1,0
BRDA:390,61,0,0
BRDA:390,61,1,1
BRF:123
BRH:26
end_of_record
TN:
SF:src\services\OtpAuthService.ts
FN:16,(anonymous_10)
FN:22,(anonymous_11)
FN:27,(anonymous_12)
FN:142,(anonymous_13)
FN:322,(anonymous_14)
FN:326,(anonymous_15)
FN:331,(anonymous_16)
FN:335,(anonymous_17)
FN:382,(anonymous_18)
FN:403,(anonymous_19)
FN:447,(anonymous_20)
FN:485,(anonymous_21)
FNF:12
FNH:4
FNDA:10,(anonymous_10)
FNDA:4,(anonymous_11)
FNDA:6,(anonymous_12)
FNDA:10,(anonymous_13)
FNDA:0,(anonymous_14)
FNDA:0,(anonymous_15)
FNDA:0,(anonymous_16)
FNDA:0,(anonymous_17)
FNDA:0,(anonymous_18)
FNDA:0,(anonymous_19)
FNDA:0,(anonymous_20)
FNDA:0,(anonymous_21)
DA:1,2
DA:2,2
DA:3,2
DA:4,2
DA:5,2
DA:6,2
DA:7,2
DA:8,2
DA:9,2
DA:10,2
DA:11,2
DA:12,2
DA:13,2
DA:17,10
DA:23,4
DA:24,4
DA:28,6
DA:29,0
DA:32,6
DA:34,6
DA:35,6
DA:36,1
DA:39,1
DA:45,5
DA:47,5
DA:48,5
DA:49,5
DA:55,5
DA:56,1
DA:63,4
DA:64,4
DA:65,4
DA:71,4
DA:72,0
DA:79,4
DA:80,4
DA:85,4
DA:86,0
DA:91,4
DA:92,4
DA:93,4
DA:95,4
DA:96,4
DA:98,4
DA:108,4
DA:112,4
DA:118,4
DA:119,4
DA:120,4
DA:121,4
DA:129,0
DA:135,4
DA:136,0
DA:139,4
DA:148,10
DA:149,0
DA:152,10
DA:153,10
DA:155,10
DA:156,0
DA:159,10
DA:160,10
DA:161,1
DA:162,1
DA:165,9
DA:167,9
DA:168,9
DA:169,9
DA:175,9
DA:176,1
DA:183,8
DA:184,8
DA:185,8
DA:187,8
DA:194,8
DA:195,0
DA:196,0
DA:199,8
DA:200,8
DA:202,8
DA:203,0
DA:204,0
DA:208,8
DA:212,8
DA:213,0
DA:216,8
DA:217,8
DA:220,8
DA:221,8
DA:222,8
DA:225,8
DA:226,2
DA:227,2
DA:231,8
DA:232,6
DA:235,6
DA:236,6
DA:238,6
DA:239,6
DA:241,6
DA:242,5
DA:246,5
DA:249,6
DA:253,6
DA:254,1
DA:258,1
DA:262,1
DA:265,5
DA:268,2
DA:274,2
DA:275,0
DA:276,0
DA:277,0
DA:278,0
DA:280,0
DA:281,0
DA:284,2
DA:286,2
DA:290,2
DA:296,2
DA:297,2
DA:299,2
DA:300,0
DA:301,0
DA:302,0
DA:304,0
DA:306,0
DA:307,0
DA:309,0
DA:322,0
DA:323,0
DA:324,0
DA:325,0
DA:326,0
DA:327,0
DA:332,0
DA:333,0
DA:336,0
DA:337,0
DA:340,0
DA:341,0
DA:342,0
DA:343,0
DA:345,0
DA:351,0
DA:357,0
DA:361,2
DA:364,2
DA:365,2
DA:367,2
DA:368,0
DA:369,0
DA:370,0
DA:372,0
DA:375,0
DA:376,0
DA:377,0
DA:383,0
DA:386,0
DA:389,0
DA:390,0
DA:391,0
DA:392,0
DA:403,0
DA:405,0
DA:409,2
DA:410,2
DA:411,2
DA:425,0
DA:428,2
DA:429,2
DA:430,0
DA:431,0
DA:437,0
DA:438,0
DA:441,2
DA:442,2
DA:444,2
DA:448,0
DA:449,0
DA:452,0
DA:454,0
DA:455,0
DA:456,0
DA:458,0
DA:459,0
DA:467,0
DA:468,0
DA:469,0
DA:470,0
DA:478,0
DA:479,0
DA:482,0
DA:486,0
DA:487,0
DA:490,0
DA:491,0
DA:492,0
DA:494,0
DA:500,0
DA:501,0
DA:505,0
DA:509,0
DA:510,0
DA:511,0
DA:512,0
DA:513,0
DA:514,0
DA:515,0
DA:516,0
DA:517,0
DA:521,0
DA:522,0
DA:523,0
DA:524,0
DA:525,0
DA:527,0
DA:529,0
DA:532,0
DA:538,0
DA:539,0
DA:540,0
DA:543,0
DA:544,0
DA:548,2
LF:225
LH:117
BRDA:17,0,0,10
BRDA:17,0,1,0
BRDA:23,1,0,4
BRDA:23,1,1,0
BRDA:24,2,0,4
BRDA:24,2,1,0
BRDA:24,3,0,4
BRDA:24,3,1,4
BRDA:27,4,0,0
BRDA:28,5,0,0
BRDA:28,5,1,6
BRDA:28,6,0,6
BRDA:28,6,1,6
BRDA:35,7,0,1
BRDA:35,7,1,5
BRDA:35,8,0,6
BRDA:35,8,1,1
BRDA:35,8,2,1
BRDA:47,9,0,5
BRDA:47,9,1,0
BRDA:55,10,0,1
BRDA:55,10,1,4
BRDA:63,11,0,4
BRDA:63,11,1,0
BRDA:71,12,0,0
BRDA:71,12,1,4
BRDA:85,13,0,0
BRDA:85,13,1,4
BRDA:131,14,0,0
BRDA:131,14,1,0
BRDA:135,15,0,0
BRDA:135,15,1,4
BRDA:145,16,0,1
BRDA:146,17,0,9
BRDA:148,18,0,0
BRDA:148,18,1,10
BRDA:148,19,0,10
BRDA:148,19,1,10
BRDA:155,20,0,0
BRDA:155,20,1,10
BRDA:160,21,0,1
BRDA:160,21,1,9
BRDA:167,22,0,9
BRDA:167,22,1,0
BRDA:175,23,0,1
BRDA:175,23,1,8
BRDA:194,24,0,0
BRDA:194,24,1,8
BRDA:200,25,0,8
BRDA:200,25,1,2
BRDA:202,26,0,0
BRDA:202,26,1,8
BRDA:208,27,0,8
BRDA:208,27,1,0
BRDA:208,27,2,0
BRDA:212,28,0,0
BRDA:212,28,1,8
BRDA:221,29,0,8
BRDA:221,29,1,8
BRDA:225,30,0,2
BRDA:225,30,1,6
BRDA:231,31,0,6
BRDA:231,31,1,2
BRDA:241,32,0,5
BRDA:241,32,1,1
BRDA:253,33,0,1
BRDA:253,33,1,5
BRDA:274,34,0,0
BRDA:274,34,1,2
BRDA:276,35,0,0
BRDA:276,35,1,0
BRDA:299,36,0,0
BRDA:299,36,1,2
BRDA:324,37,0,0
BRDA:324,37,1,0
BRDA:333,38,0,0
BRDA:333,38,1,0
BRDA:340,39,0,0
BRDA:340,39,1,0
BRDA:340,40,0,0
BRDA:340,40,1,0
BRDA:340,40,2,0
BRDA:342,41,0,0
BRDA:342,41,1,0
BRDA:342,41,2,0
BRDA:343,42,0,0
BRDA:343,42,1,0
BRDA:367,43,0,0
BRDA:367,43,1,2
BRDA:379,44,0,0
BRDA:379,44,1,0
BRDA:391,45,0,0
BRDA:391,45,1,0
BRDA:429,46,0,0
BRDA:429,46,1,2
BRDA:447,47,0,0
BRDA:448,48,0,0
BRDA:448,48,1,0
BRDA:448,49,0,0
BRDA:448,49,1,0
BRDA:486,50,0,0
BRDA:486,50,1,0
BRDA:486,51,0,0
BRDA:486,51,1,0
BRDA:500,52,0,0
BRDA:500,52,1,0
BRDA:505,53,0,0
BRDA:505,53,1,0
BRDA:505,53,2,0
BRDA:513,54,0,0
BRDA:513,54,1,0
BRDA:514,55,0,0
BRDA:514,55,1,0
BRDA:514,56,0,0
BRDA:514,56,1,0
BRDA:521,57,0,0
BRDA:521,57,1,0
BRDA:523,58,0,0
BRDA:523,58,1,0
BRDA:538,59,0,0
BRDA:538,59,1,0
BRF:121
BRH:51
end_of_record
TN:
SF:src\services\PaymentRefundService.ts
FN:13,(anonymous_1)
FN:56,(anonymous_2)
FN:99,(anonymous_3)
FN:151,(anonymous_4)
FN:161,(anonymous_5)
FN:184,(anonymous_6)
FNF:6
FNH:3
FNDA:2,(anonymous_1)
FNDA:2,(anonymous_2)
FNDA:0,(anonymous_3)
FNDA:0,(anonymous_4)
FNDA:0,(anonymous_5)
FNDA:1,(anonymous_6)
DA:1,3
DA:2,3
DA:3,3
DA:4,3
DA:5,3
DA:6,3
DA:7,3
DA:9,3
DA:30,2
DA:39,2
DA:41,2
DA:43,2
DA:44,2
DA:45,2
DA:46,2
DA:48,0
DA:49,0
DA:57,2
DA:63,2
DA:64,1
DA:65,1
DA:67,1
DA:68,0
DA:69,0
DA:71,1
DA:72,1
DA:73,1
DA:76,0
DA:77,0
DA:78,0
DA:79,0
DA:82,0
DA:85,1
DA:86,0
DA:87,0
DA:88,0
DA:91,1
DA:92,0
DA:95,1
DA:97,1
DA:98,1
DA:99,0
DA:103,1
DA:104,0
DA:105,0
DA:107,1
DA:117,1
DA:121,1
DA:123,0
DA:125,0
DA:126,0
DA:127,0
DA:132,0
DA:139,0
DA:143,0
DA:152,0
DA:162,0
DA:163,0
DA:169,0
DA:170,0
DA:171,0
DA:172,0
DA:173,0
DA:174,0
DA:175,0
DA:178,0
DA:185,1
DA:186,1
DA:187,0
DA:188,0
DA:191,1
DA:192,1
DA:194,1
DA:195,1
DA:197,1
DA:199,1
DA:200,1
DA:202,0
DA:205,1
DA:208,0
DA:209,0
DA:210,0
DA:213,1
DA:214,1
DA:215,1
DA:216,1
DA:217,1
DA:218,0
DA:219,0
DA:220,0
DA:221,0
DA:223,0
DA:229,0
DA:233,1
DA:234,1
DA:239,1
DA:240,1
DA:242,0
DA:243,0
DA:245,1
LF:100
LH:52
BRDA:15,0,0,2
BRDA:19,1,0,2
BRDA:39,2,0,1
BRDA:39,2,1,1
BRDA:44,3,0,2
BRDA:44,3,1,0
BRDA:63,4,0,1
BRDA:63,4,1,1
BRDA:65,5,0,0
BRDA:65,5,1,1
BRDA:67,6,0,0
BRDA:67,6,1,1
BRDA:71,7,0,1
BRDA:71,7,1,0
BRDA:77,8,0,0
BRDA:77,8,1,0
BRDA:77,9,0,0
BRDA:77,9,1,0
BRDA:85,10,0,0
BRDA:85,10,1,1
BRDA:91,11,0,0
BRDA:91,11,1,1
BRDA:91,12,0,1
BRDA:91,12,1,1
BRDA:103,13,0,0
BRDA:103,13,1,1
BRDA:126,14,0,0
BRDA:126,14,1,0
BRDA:129,15,0,0
BRDA:129,15,1,0
BRDA:171,16,0,0
BRDA:171,16,1,0
BRDA:186,17,0,0
BRDA:186,17,1,1
BRDA:199,18,0,1
BRDA:199,18,1,0
BRDA:205,19,0,0
BRDA:205,19,1,1
BRDA:213,20,0,1
BRDA:213,20,1,0
BRDA:218,21,0,0
BRDA:218,21,1,0
BRF:42
BRH:19
end_of_record
TN:
SF:src\services\PaymentWebhookService.ts
FN:21,(anonymous_10)
FN:33,(anonymous_11)
FN:66,(anonymous_12)
FNF:3
FNH:3
FNDA:1,(anonymous_10)
FNDA:1,(anonymous_11)
FNDA:12,(anonymous_12)
DA:1,3
DA:2,3
DA:3,3
DA:4,3
DA:5,3
DA:6,3
DA:7,3
DA:8,3
DA:9,3
DA:10,3
DA:11,3
DA:12,3
DA:13,3
DA:14,3
DA:17,3
DA:26,1
DA:27,1
DA:28,1
DA:29,1
DA:30,1
DA:31,1
DA:34,1
DA:36,1
DA:37,1
DA:44,0
DA:45,0
DA:46,0
DA:48,0
DA:50,0
DA:51,0
DA:54,1
DA:55,1
DA:56,1
DA:58,0
DA:59,0
DA:67,12
DA:69,12
DA:70,12
DA:76,12
DA:77,11
DA:78,11
DA:79,1
DA:80,1
DA:82,10
DA:83,10
DA:84,10
DA:89,1
DA:90,1
DA:91,1
DA:92,1
DA:94,1
DA:95,1
DA:99,1
DA:100,0
DA:101,0
[...]
FN:295,sanitizeTrackingMetadata
FN:302,(anonymous_16)
FN:302,(anonymous_17)
FNF:17
FNH:3
FNDA:0,(anonymous_1)
FNDA:0,(anonymous_2)
FNDA:0,(anonymous_3)
FNDA:0,(anonymous_4)
FNDA:0,sanitizePromptInput
FNDA:0,(anonymous_6)
FNDA:18,htmlEscapeString
FNDA:34,sanitizeOutputStrings
FNDA:3,(anonymous_9)
FNDA:0,validateAIResponse
FNDA:0,(anonymous_11)
FNDA:0,(anonymous_12)
FNDA:0,(anonymous_13)
FNDA:0,stripHtmlTags
FNDA:0,sanitizeTrackingMetadata
FNDA:0,(anonymous_16)
FNDA:0,(anonymous_17)
DA:1,2
DA:11,2
DA:49,2
DA:57,2
DA:59,2
DA:60,0
DA:62,0
DA:63,0
DA:67,2
DA:68,0
DA:69,0
DA:70,0
DA:81,2
DA:87,0
DA:88,0
DA:91,0
DA:94,0
DA:95,0
DA:96,0
DA:97,0
DA:101,0
DA:102,0
DA:103,0
DA:104,0
DA:105,0
DA:107,0
DA:112,0
DA:113,0
DA:114,0
DA:115,0
DA:120,0
DA:121,0
DA:123,0
DA:124,0
DA:125,0
DA:130,0
DA:131,0
DA:132,0
DA:133,0
DA:134,0
DA:135,0
DA:139,0
DA:141,0
DA:142,0
DA:147,0
DA:148,0
DA:151,0
DA:163,2
DA:164,18
DA:165,18
DA:177,2
DA:178,34
DA:180,28
DA:181,18
DA:184,10
DA:185,4
DA:188,6
DA:189,3
DA:190,3
DA:191,27
DA:193,3
DA:196,3
DA:204,2
DA:215,0
DA:218,0
DA:222,0
DA:227,0
DA:232,0
DA:237,0
DA:240,0
DA:245,0
DA:246,0
DA:247,0
DA:248,0
DA:250,0
DA:253,0
DA:254,0
DA:255,0
DA:258,0
DA:261,0
DA:265,0
DA:286,2
DA:287,0
DA:288,0
DA:295,2
DA:296,0
DA:298,0
DA:302,0
LF:88
LH:25
BRDA:63,0,0,0
BRDA:63,0,1,0
BRDA:63,0,2,0
BRDA:63,0,3,0
BRDA:63,0,4,0
BRDA:70,1,0,0
BRDA:70,1,1,0
BRDA:70,1,2,0
BRDA:70,1,3,0
BRDA:94,2,0,0
BRDA:94,2,1,0
BRDA:103,3,0,0
BRDA:103,3,1,0
BRDA:103,4,0,0
BRDA:103,4,1,0
BRDA:113,5,0,0
BRDA:113,5,1,0
BRDA:121,6,0,0
BRDA:121,6,1,0
BRDA:121,7,0,0
BRDA:121,7,1,0
BRDA:123,8,0,0
BRDA:123,8,1,0
BRDA:131,9,0,0
BRDA:131,9,1,0
BRDA:133,10,0,0
BRDA:133,10,1,0
BRDA:141,11,0,0
BRDA:141,11,1,0
BRDA:147,12,0,0
BRDA:147,12,1,0
BRDA:164,13,0,0
BRDA:164,13,1,18
BRDA:178,14,0,6
BRDA:178,14,1,28
BRDA:178,15,0,34
BRDA:178,15,1,34
BRDA:180,16,0,18
BRDA:180,16,1,10
BRDA:184,17,0,4
BRDA:184,17,1,6
BRDA:188,18,0,3
BRDA:188,18,1,3
BRDA:215,19,0,0
BRDA:215,19,1,0
BRDA:215,20,0,0
BRDA:215,20,1,0
BRDA:218,21,0,0
BRDA:218,21,1,0
BRDA:222,22,0,0
BRDA:222,22,1,0
BRDA:232,23,0,0
BRDA:232,23,1,0
BRDA:232,24,0,0
BRDA:232,24,1,0
BRDA:240,25,0,0
BRDA:240,25,1,0
BRDA:240,26,0,0
BRDA:240,26,1,0
BRDA:245,27,0,0
BRDA:245,28,0,0
BRDA:246,29,0,0
BRDA:246,29,1,0
BRDA:248,30,0,0
BRDA:248,30,1,0
BRDA:258,31,0,0
BRDA:258,31,1,0
BRDA:258,32,0,0
BRDA:258,32,1,0
BRDA:258,32,2,0
BRDA:261,33,0,0
BRDA:261,33,1,0
BRDA:261,34,0,0
BRDA:261,34,1,0
BRDA:261,34,2,0
BRDA:287,35,0,0
BRDA:287,35,1,0
BRDA:287,36,0,0
BRDA:287,36,1,0
BRDA:296,37,0,0
BRDA:296,37,1,0
BRDA:296,38,0,0
BRDA:296,38,1,0
BRDA:301,39,0,0
BRDA:301,39,1,0
BRDA:304,40,0,0
BRDA:304,40,1,0
BRDA:308,41,0,0
BRDA:308,41,1,0
BRDA:308,42,0,0
BRDA:308,42,1,0
BRDA:308,42,2,0
BRDA:311,43,0,0
BRDA:311,43,1,0
BRDA:311,44,0,0
BRDA:311,44,1,0
BRDA:311,44,2,0
BRF:97
BRH:11
end_of_record
TN:
SF:src\utils\asyncHandler.ts
FN:9,(anonymous_0)
FN:9,(anonymous_1)
FNF:2
FNH:2
FNDA:67,(anonymous_0)
FNDA:18,(anonymous_1)
DA:9,67
DA:10,18
DA:13,8
LF:3
LH:3
BRF:0
BRH:0
end_of_record
TN:
SF:src\utils\authCookies.ts
FN:12,(anonymous_1)
FN:16,(anonymous_2)
FN:20,(anonymous_3)
FN:24,(anonymous_4)
FN:28,(anonymous_5)
FN:32,(anonymous_6)
FNF:6
FNH:0
FNDA:0,(anonymous_1)
FNDA:0,(anonymous_2)
FNDA:0,(anonymous_3)
FNDA:0,(anonymous_4)
FNDA:0,(anonymous_5)
FNDA:0,(anonymous_6)
DA:2,1
DA:3,1
DA:5,1
DA:6,1
DA:12,1
DA:13,0
DA:16,1
DA:17,0
DA:20,1
DA:21,0
DA:24,1
DA:25,0
DA:28,1
DA:29,0
DA:32,1
DA:33,0
LF:16
LH:10
BRF:0
BRH:0
end_of_record
TN:
SF:src\utils\cacheVersion.ts
FN:13,getPublicCacheVersion
FN:25,bumpPublicCacheVersion
FN:41,getAdminAnalyticsCacheVersion
FN:54,bumpAdminAnalyticsCacheVersion
FNF:4
FNH:1
FNDA:0,getPublicCacheVersion
FNDA:0,bumpPublicCacheVersion
FNDA:0,getAdminAnalyticsCacheVersion
FNDA:1,bumpAdminAnalyticsCacheVersion
DA:1,3
DA:2,3
DA:4,3
DA:5,3
DA:6,3
DA:7,3
DA:13,3
DA:14,0
DA:15,0
DA:16,0
DA:17,0
DA:19,0
DA:22,0
DA:25,3
DA:26,0
DA:27,0
DA:29,0
DA:30,0
DA:31,0
DA:33,0
DA:37,0
DA:38,0
DA:41,3
DA:42,0
DA:43,0
DA:44,0
DA:45,0
DA:47,0
DA:50,0
DA:54,3
DA:55,1
DA:56,1
DA:58,1
DA:59,0
DA:60,0
DA:62,0
DA:66,1
DA:67,1
LF:38
LH:15
BRDA:14,0,0,0
BRDA:14,0,1,0
BRDA:14,1,0,0
BRDA:14,1,1,0
BRDA:17,2,0,0
BRDA:17,2,1,0
BRDA:29,3,0,0
BRDA:29,3,1,0
BRDA:29,4,0,0
BRDA:29,4,1,0
BRDA:42,5,0,0
BRDA:42,5,1,0
BRDA:42,6,0,0
BRDA:42,6,1,0
BRDA:45,7,0,0
BRDA:45,7,1,0
BRDA:58,8,0,0
BRDA:58,8,1,1
BRDA:58,9,0,1
BRDA:58,9,1,0
BRDA:66,10,0,1
BRDA:66,10,1,0
BRF:22
BRH:3
end_of_record
TN:
SF:src\utils\cloudinary.ts
FN:4,(anonymous_1)
FN:27,(anonymous_2)
FN:44,(anonymous_3)
FN:53,(anonymous_4)
FN:62,(anonymous_5)
FN:87,(anonymous_6)
FN:89,(anonymous_7)
FNF:7
FNH:0
FNDA:0,(anonymous_1)
FNDA:0,(anonymous_2)
FNDA:0,(anonymous_3)
FNDA:0,(anonymous_4)
FNDA:0,(anonymous_5)
FNDA:0,(anonymous_6)
FNDA:0,(anonymous_7)
DA:1,8
DA:2,8
DA:4,8
DA:5,0
DA:6,0
DA:7,0
DA:8,0
DA:15,0
DA:16,0
DA:18,0
DA:19,0
DA:27,8
DA:28,0
DA:30,0
DA:31,0
DA:33,0
DA:34,0
DA:35,0
DA:36,0
DA:38,0
DA:44,8
DA:45,0
DA:47,0
DA:48,0
DA:50,0
DA:53,8
DA:54,0
DA:55,0
DA:56,0
DA:58,0
DA:62,8
DA:63,0
DA:64,0
DA:65,0
DA:66,0
DA:68,0
DA:70,0
DA:71,0
DA:72,0
DA:73,0
DA:77,0
DA:78,0
DA:79,0
DA:81,0
DA:83,0
DA:87,8
DA:88,0
DA:89,0
DA:90,0
DA:91,0
DA:92,0
DA:93,0
DA:95,0
DA:96,0
DA:97,0
DA:98,0
DA:101,0
DA:102,0
DA:105,8
LF:59
LH:9
BRDA:6,0,0,0
BRDA:6,0,1,0
BRDA:28,1,0,0
BRDA:28,1,1,0
BRDA:28,2,0,0
BRDA:28,2,1,0
BRDA:31,3,0,0
BRDA:31,3,1,0
BRDA:34,4,0,0
BRDA:34,4,1,0
BRDA:35,5,0,0
BRDA:35,5,1,0
BRDA:36,6,0,0
BRDA:36,6,1,0
BRDA:36,7,0,0
BRDA:36,7,1,0
BRDA:45,8,0,0
BRDA:45,8,1,0
BRDA:45,9,0,0
BRDA:45,9,1,0
BRDA:48,10,0,0
BRDA:48,10,1,0
BRDA:63,11,0,0
BRDA:63,11,1,0
BRDA:63,12,0,0
BRDA:63,12,1,0
BRDA:66,13,0,0
BRDA:66,13,1,0
BRDA:70,14,0,0
BRDA:70,14,1,0
BRDA:72,15,0,0
BRDA:72,15,1,0
BRDA:78,16,0,0
BRDA:78,16,1,0
BRDA:90,17,0,0
BRDA:90,17,1,0
BRDA:91,18,0,0
BRDA:91,18,1,0
BRDA:92,19,0,0
BRDA:92,19,1,0
BRDA:95,20,0,0
BRDA:95,20,1,0
BRDA:97,21,0,0
BRDA:97,21,1,0
BRF:44
BRH:0
end_of_record
TN:
SF:src\utils\emailHelper.ts
FN:5,(anonymous_0)
FN:34,(anonymous_1)
FNF:2
FNH:1
FNDA:21,(anonymous_0)
FNDA:0,(anonymous_1)
DA:5,3
DA:6,21
DA:8,21
DA:9,21
DA:10,0
DA:13,21
DA:14,21
DA:17,21
DA:19,0
DA:20,0
DA:21,0
DA:28,21
DA:34,3
DA:35,0
LF:14
LH:9
BRDA:6,0,0,0
BRDA:6,0,1,21
BRDA:6,1,0,21
BRDA:6,1,1,21
BRDA:9,2,0,0
BRDA:9,2,1,21
BRDA:17,3,0,0
BRDA:17,3,1,21
BRDA:17,4,0,21
BRDA:17,4,1,21
BRDA:20,5,0,0
BRDA:20,5,1,0
BRF:12
BRH:7
end_of_record
TN:
SF:src\utils\emailTemplates.ts
FN:10,(anonymous_0)
FN:226,(anonymous_1)
FN:245,(anonymous_2)
FN:264,(anonymous_3)
FN:285,(anonymous_4)
FN:309,(anonymous_5)
FN:335,(anonymous_6)
FN:355,(anonymous_7)
FN:382,(anonymous_8)
FNF:9
FNH:2
FNDA:4,(anonymous_0)
FNDA:4,(anonymous_1)
FNDA:0,(anonymous_2)
FNDA:0,(anonymous_3)
FNDA:0,(anonymous_4)
FNDA:0,(anonymous_5)
FNDA:0,(anonymous_6)
FNDA:0,(anonymous_7)
FNDA:0,(anonymous_8)
DA:10,2
DA:15,4
DA:226,2
DA:227,4
DA:239,4
DA:245,2
DA:246,0
DA:258,0
DA:264,2
DA:265,0
DA:279,0
DA:285,2
DA:286,0
DA:303,0
DA:309,2
DA:310,0
DA:329,0
DA:335,2
DA:336,0
DA:340,0
DA:349,0
DA:355,2
DA:356,0
DA:376,0
DA:382,2
DA:383,0
DA:402,0
LF:27
LH:12
BRDA:13,0,0,4
BRDA:226,1,0,0
BRDA:245,2,0,0
BRDA:320,3,0,0
BRDA:320,3,1,0
BRDA:336,4,0,0
BRDA:336,4,1,0
BRF:7
BRH:1
end_of_record
TN:
SF:src\utils\fieldEncryption.ts
FN:6,(anonymous_1)
FN:14,(anonymous_2)
FN:26,(anonymous_3)
FNF:3
FNH:3
FNDA:2,(anonymous_1)
FNDA:1,(anonymous_2)
FNDA:2,(anonymous_3)
DA:1,16
DA:3,16
DA:4,16
DA:6,16
DA:7,2
DA:8,2
DA:9,0
DA:11,2
DA:14,16
DA:15,1
DA:16,1
DA:18,1
DA:19,1
DA:20,1
DA:21,1
DA:22,1
DA:23,1
DA:26,16
DA:27,2
DA:28,2
DA:30,1
DA:31,1
DA:32,1
DA:34,1
DA:35,1
DA:40,1
DA:41,1
DA:45,1
LF:28
LH:27
BRDA:8,0,0,0
BRDA:8,0,1,2
BRDA:8,1,0,2
BRDA:8,1,1,2
BRDA:15,2,0,0
BRDA:15,2,1,1
BRDA:16,3,0,0
BRDA:16,3,1,1
BRDA:27,4,0,0
BRDA:27,4,1,2
BRDA:28,5,0,1
BRDA:28,5,1,1
BRDA:32,6,0,0
BRDA:32,6,1,1
BRDA:32,7,0,1
BRDA:32,7,1,1
BRDA:32,7,2,1
BRF:17
BRH:12
end_of_record
TN:
SF:src\utils\jwtBlacklist.ts
FN:11,(anonymous_1)
FN:23,(anonymous_2)
FN:43,(anonymous_3)
FNF:3
FNH:2
FNDA:7,(anonymous_1)
FNDA:0,(anonymous_2)
FNDA:7,(anonymous_3)
DA:1,7
DA:2,7
DA:3,7
DA:5,7
DA:11,7
DA:12,7
DA:13,7
DA:14,7
DA:15,7
DA:23,7
DA:24,0
DA:25,0
DA:26,0
DA:28,0
DA:29,0
DA:30,0
DA:31,0
DA:34,0
DA:43,7
DA:44,7
DA:45,7
DA:46,7
DA:48,7
DA:49,7
DA:50,0
DA:51,0
DA:53,7
DA:56,0
DA:57,0
LF:29
LH:17
BRDA:13,0,0,0
BRDA:13,0,1,7
BRDA:23,1,0,0
BRDA:24,2,0,0
BRDA:24,2,1,0
BRDA:26,3,0,0
BRDA:26,3,1,0
BRDA:29,4,0,0
BRDA:29,4,1,0
BRDA:29,5,0,0
BRDA:29,5,1,0
BRDA:44,6,0,0
BRDA:44,6,1,7
BRDA:46,7,0,0
BRDA:46,7,1,7
BRDA:49,8,0,0
BRDA:49,8,1,7
BRDA:49,9,0,7
BRDA:49,9,1,0
BRF:19
BRH:5
end_of_record
TN:
SF:src\utils\metricsTracker.ts
FN:19,(anonymous_0)
FN:22,(anonymous_1)
FN:68,(anonymous_2)
FN:69,(anonymous_3)
FNF:4
FNH:2
FNDA:30,(anonymous_0)
FNDA:30,(anonymous_1)
FNDA:0,(anonymous_2)
FNDA:0,(anonymous_3)
DA:9,8
DA:10,8
DA:11,8
DA:12,8
DA:13,8
DA:14,8
DA:17,8
DA:19,8
DA:20,30
DA:22,30
DA:23,30
DA:24,30
DA:25,30
DA:26,30
DA:29,30
DA:30,30
DA:31,1
DA:35,29
DA:36,0
DA:37,0
DA:38,0
DA:39,0
DA:40,0
DA:43,29
DA:44,29
DA:45,29
DA:46,29
DA:47,15
DA:51,29
DA:52,0
DA:53,0
DA:56,29
DA:57,29
DA:58,29
DA:59,29
DA:60,15
DA:62,29
DA:65,30
DA:68,8
DA:69,0
DA:78,0
DA:80,0
LF:42
LH:32
BRDA:23,0,0,30
BRDA:23,0,1,4
BRDA:23,0,2,1
BRDA:30,1,0,1
BRDA:30,1,1,29
BRDA:30,2,0,30
BRDA:30,2,1,30
BRDA:30,2,2,29
BRDA:30,2,3,29
BRDA:35,3,0,0
BRDA:35,3,1,29
BRDA:46,4,0,15
BRDA:46,4,1,14
BRDA:51,5,0,0
BRDA:51,5,1,29
BRDA:51,6,0,29
BRDA:51,6,1,0
BRDA:53,7,0,0
BRDA:53,7,1,0
BRDA:56,8,0,29
BRDA:56,8,1,15
BRDA:59,9,0,15
BRDA:59,9,1,14
BRDA:83,10,0,0
BRDA:83,10,1,0
BRDA:84,11,0,0
BRDA:84,11,1,0
BRF:27
BRH:18
end_of_record
TN:
SF:src\utils\otpRateLimit.ts
FN:8,(anonymous_1)
FN:9,(anonymous_2)
FN:14,(anonymous_3)
FN:28,(anonymous_4)
FN:42,(anonymous_5)
FNF:5
FNH:1
FNDA:0,(anonymous_1)
FNDA:0,(anonymous_2)
FNDA:0,(anonymous_3)
FNDA:5,(anonymous_4)
FNDA:0,(anonymous_5)
DA:1,2
DA:2,2
DA:4,2
DA:5,2
DA:6,2
DA:8,2
DA:9,2
DA:14,2
DA:15,0
DA:16,0
DA:17,0
DA:18,0
DA:19,0
DA:21,0
DA:23,0
DA:24,0
DA:28,2
DA:29,5
DA:30,0
DA:31,0
DA:32,0
DA:33,0
DA:35,0
DA:37,0
DA:38,0
DA:42,2
DA:43,0
DA:44,0
DA:45,0
DA:46,0
DA:48,0
LF:31
LH:11
BRDA:15,0,0,0
BRDA:15,0,1,0
BRDA:15,1,0,0
BRDA:15,1,1,0
BRDA:18,2,0,0
BRDA:18,2,1,0
BRDA:29,3,0,5
BRDA:29,3,1,0
BRDA:29,4,0,5
BRDA:29,4,1,5
BRDA:32,5,0,0
BRDA:32,5,1,0
BRDA:43,6,0,0
BRDA:43,6,1,0
BRDA:43,7,0,0
BRDA:43,7,1,0
BRDA:46,8,0,0
BRDA:46,8,1,0
BRF:18
BRH:3
end_of_record
TN:
SF:src\utils\otpVerifyCache.ts
FN:5,(anonymous_1)
FN:10,(anonymous_2)
FN:22,(anonymous_3)
FNF:3
FNH:0
FNDA:0,(anonymous_1)
FNDA:0,(anonymous_2)
FNDA:0,(anonymous_3)
DA:1,1
DA:2,1
DA:4,1
DA:5,1
DA:10,1
DA:11,0
DA:12,0
DA:13,0
DA:14,0
DA:15,0
DA:17,0
DA:18,0
DA:22,1
DA:23,0
DA:24,0
DA:25,0
DA:27,0
LF:17
LH:6
BRDA:11,0,0,0
BRDA:11,0,1,0
BRDA:14,1,0,0
BRDA:14,1,1,0
BRDA:23,2,0,0
BRDA:23,2,1,0
BRF:6
BRH:0
end_of_record
TN:
SF:src\utils\pagination.ts
FN:10,(anonymous_0)
FN:18,(anonymous_1)
FNF:2
FNH:0
FNDA:0,(anonymous_0)
FNDA:0,(anonymous_1)
DA:10,1
DA:11,0
DA:12,0
DA:13,0
DA:15,0
DA:18,1
DA:24,0
DA:26,0
LF:8
LH:2
BRDA:11,0,0,0
BRDA:11,0,1,0
BRDA:12,1,0,0
BRDA:12,1,1,0
BRF:4
BRH:0
end_of_record
TN:
SF:src\utils\paginationHeaders.ts
FN:4,(anonymous_0)
FNF:1
FNH:0
FNDA:0,(anonymous_0)
DA:4,1
DA:10,0
DA:11,0
DA:12,0
LF:4
LH:1
BRF:0
BRH:0
end_of_record
TN:
SF:src\utils\redis.ts
FN:6,(anonymous_10)
FN:7,(anonymous_11)
FN:16,(anonymous_12)
FN:21,(anonymous_13)
FN:28,(anonymous_14)
FN:56,(anonymous_15)
FN:73,(anonymous_16)
FN:74,(anonymous_17)
FN:81,(anonymous_18)
FN:91,(anonymous_19)
FN:92,(anonymous_20)
FN:93,(anonymous_21)
FN:128,(anonymous_22)
FN:138,(anonymous_23)
FN:141,(anonymous_24)
FNF:15
FNH:0
FNDA:0,(anonymous_10)
FNDA:0,(anonymous_11)
FNDA:0,(anonymous_12)
FNDA:0,(anonymous_13)
FNDA:0,(anonymous_14)
FNDA:0,(anonymous_15)
FNDA:0,(anonymous_16)
FNDA:0,(anonymous_17)
FNDA:0,(anonymous_18)
FNDA:0,(anonymous_19)
FNDA:0,(anonymous_20)
FNDA:0,(anonymous_21)
FNDA:0,(anonymous_22)
FNDA:0,(anonymous_23)
FNDA:0,(anonymous_24)
DA:1,17
DA:3,17
DA:4,17
DA:6,17
DA:7,17
DA:8,0
DA:9,0
DA:12,17
DA:13,17
DA:14,17
DA:16,17
DA:17,0
DA:18,0
DA:21,17
DA:22,0
DA:29,0
DA:30,0
DA:33,0
DA:34,0
DA:35,0
DA:36,0
DA:38,0
DA:39,0
DA:40,0
DA:42,0
DA:46,0
DA:47,0
DA:50,0
DA:56,17
DA:57,0
DA:58,0
DA:59,0
DA:62,0
DA:63,0
DA:65,0
DA:66,0
DA:67,0
DA:69,0
DA:70,0
DA:71,0
DA:73,0
DA:74,0
DA:75,0
DA:76,0
DA:77,0
DA:78,0
DA:81,0
DA:82,0
DA:83,0
DA:85,0
DA:86,0
DA:87,0
DA:91,0
DA:92,0
DA:93,0
DA:96,0
DA:97,0
DA:98,0
DA:100,0
DA:102,0
DA:108,0
DA:111,0
DA:112,0
DA:113,0
DA:114,0
DA:116,0
DA:117,0
DA:118,0
DA:120,0
DA:121,0
DA:122,0
DA:123,0
DA:128,17
DA:129,0
DA:130,0
DA:131,0
DA:132,0
DA:134,0
DA:138,17
DA:139,0
DA:140,0
DA:142,0
DA:143,0
DA:145,0
DA:149,0
DA:152,17
LF:86
LH:14
BRDA:9,0,0,0
BRDA:9,0,1,0
BRDA:9,0,2,0
BRDA:17,1,0,0
BRDA:17,1,1,0
BRDA:18,2,0,0
BRDA:18,2,1,0
BRDA:29,3,0,0
BRDA:29,3,1,0
BRDA:29,4,0,0
BRDA:29,4,1,0
BRDA:29,4,2,0
BRDA:38,5,0,0
BRDA:38,5,1,0
BRDA:38,6,0,0
BRDA:38,6,1,0
BRDA:38,6,2,0
BRDA:38,6,3,0
BRDA:46,7,0,0
BRDA:46,7,1,0
BRDA:57,8,0,0
BRDA:57,8,1,0
BRDA:75,9,0,0
BRDA:75,9,1,0
BRDA:75,10,0,0
BRDA:75,10,1,0
BRDA:76,11,0,0
BRDA:76,11,1,0
BRDA:82,12,0,0
BRDA:82,12,1,0
BRDA:82,13,0,0
BRDA:82,13,1,0
BRDA:86,14,0,0
BRDA:86,14,1,0
BRDA:108,15,0,0
BRDA:108,15,1,0
BRDA:116,16,0,0
BRDA:116,16,1,0
BRDA:116,17,0,0
BRDA:116,17,1,0
BRDA:116,17,2,0
BRDA:129,18,0,0
BRDA:129,18,1,0
BRDA:129,19,0,0
BRDA:129,19,1,0
BRDA:132,20,0,0
BRDA:132,20,1,0
BRF:47
BRH:0
end_of_record
TN:
SF:src\utils\safetyLockCache.ts
FN:10,(anonymous_1)
FN:25,(anonymous_2)
FN:44,(anonymous_3)
FNF:3
FNH:0
FNDA:0,(anonymous_1)
FNDA:0,(anonymous_2)
FNDA:0,(anonymous_3)
DA:1,6
DA:2,6
DA:3,6
DA:5,6
DA:6,6
DA:10,6
DA:11,0
DA:12,0
DA:13,0
DA:14,0
DA:15,0
DA:22,0
DA:23,0
DA:25,0
DA:30,0
DA:32,0
DA:33,0
DA:34,0
DA:40,0
DA:44,6
DA:45,0
DA:46,0
DA:47,0
DA:48,0
LF:24
LH:7
BRDA:11,0,0,0
BRDA:11,0,1,0
BRDA:11,1,0,0
BRDA:11,1,1,0
BRDA:14,2,0,0
BRDA:14,2,1,0
BRDA:22,3,0,0
BRDA:22,3,1,0
BRDA:22,4,0,0
BRDA:22,4,1,0
BRDA:32,5,0,0
BRDA:32,5,1,0
BRDA:46,6,0,0
BRDA:46,6,1,0
BRDA:46,7,0,0
BRDA:46,7,1,0
BRF:16
BRH:0
end_of_record
TN:
SF:src\utils\sanitize.ts
FN:19,(anonymous_0)
FN:29,(anonymous_1)
FN:38,(anonymous_2)
FNF:3
FNH:2
FNDA:27,(anonymous_0)
FNDA:0,(anonymous_1)
FNDA:308,(anonymous_2)
DA:1,8
DA:19,8
DA:20,27
DA:21,27
DA:23,27
DA:24,0
DA:28,27
DA:29,0
DA:33,27
DA:34,27
DA:35,28
DA:38,308
DA:40,28
DA:41,0
DA:42,28
DA:43,0
DA:45,28
DA:49,27
LF:18
LH:14
BRDA:19,0,0,27
BRDA:20,1,0,0
BRDA:20,1,1,27
BRDA:21,2,0,0
BRDA:21,2,1,27
BRDA:21,3,0,27
BRDA:21,3,1,27
BRDA:23,4,0,0
BRDA:23,4,1,27
BRDA:28,5,0,0
BRDA:28,5,1,27
BRDA:40,6,0,0
BRDA:40,6,1,28
BRDA:42,7,0,0
BRDA:42,7,1,28
BRF:15
BRH:9
end_of_record
TN:
SF:src\utils\sitemapGenerator.ts
FN:14,generateSitemap
FN:162,escapeXml
FN:163,(anonymous_3)
FN:182,triggerSitemapUpdate
FN:187,(anonymous_5)
FNF:5
FNH:1
FNDA:0,generateSitemap
FNDA:0,escapeXml
FNDA:0,(anonymous_3)
FNDA:1,triggerSitemapUpdate
FNDA:0,(anonymous_5)
DA:1,14
DA:2,14
DA:3,14
DA:4,14
DA:6,14
DA:14,14
DA:15,0
DA:16,0
DA:19,0
DA:39,0
DA:40,0
DA:41,0
DA:44,0
DA:45,0
DA:46,0
DA:47,0
DA:48,0
DA:49,0
DA:50,0
DA:54,0
DA:55,0
DA:56,0
DA:59,0
DA:60,0
DA:61,0
DA:64,0
DA:65,0
DA:69,0
DA:70,0
DA:71,0
DA:72,0
DA:73,0
DA:74,0
DA:75,0
DA:76,0
DA:77,0
DA:78,0
DA:79,0
DA:80,0
DA:82,0
DA:87,0
DA:88,0
DA:92,0
DA:93,0
DA:94,0
DA:95,0
DA:96,0
DA:97,0
DA:98,0
DA:99,0
DA:100,0
DA:101,0
DA:102,0
DA:103,0
DA:105,0
DA:110,0
DA:111,0
DA:115,0
DA:116,0
DA:117,0
DA:118,0
DA:119,0
DA:120,0
DA:121,0
DA:122,0
DA:123,0
DA:124,0
DA:125,0
DA:126,0
DA:128,0
DA:132,0
DA:136,0
DA:137,0
DA:138,0
DA:139,0
DA:141,0
DA:142,0
DA:143,0
DA:144,0
DA:146,0
DA:149,0
DA:152,0
DA:154,0
DA:155,0
DA:163,0
DA:164,0
DA:165,0
DA:166,0
DA:167,0
DA:168,0
DA:169,0
DA:170,0
DA:176,14
DA:182,14
DA:183,1
DA:184,0
DA:187,1
DA:188,0
DA:189,0
DA:191,0
LF:100
LH:10
BRDA:6,0,0,14
BRDA:6,0,1,0
BRDA:64,1,0,0
BRDA:64,1,1,0
BRDA:70,2,0,0
BRDA:70,2,1,0
BRDA:76,3,0,0
BRDA:76,3,1,0
BRDA:79,4,0,0
BRDA:79,4,1,0
BRDA:87,5,0,0
BRDA:87,5,1,0
BRDA:93,6,0,0
BRDA:93,6,1,0
BRDA:99,7,0,0
BRDA:99,7,1,0
BRDA:102,8,0,0
BRDA:102,8,1,0
BRDA:110,9,0,0
BRDA:110,9,1,0
BRDA:116,10,0,0
BRDA:116,10,1,0
BRDA:122,11,0,0
BRDA:122,11,1,0
BRDA:125,12,0,0
BRDA:125,12,1,0
BRDA:137,13,0,0
BRDA:137,13,1,0
BRDA:141,14,0,0
BRDA:141,14,1,0
BRDA:164,15,0,0
BRDA:164,15,1,0
BRDA:164,15,2,0
BRDA:164,15,3,0
BRDA:164,15,4,0
BRDA:164,15,5,0
BRDA:183,16,0,0
BRDA:183,16,1,1
BRF:38
BRH:2
end_of_record
TN:
SF:src\utils\socketConnectionRateLimit.ts
FN:10,(anonymous_1)
FN:18,(anonymous_2)
FNF:2
FNH:0
FNDA:0,(anonymous_1)
FNDA:0,(anonymous_2)
DA:1,10
DA:2,10
DA:4,10
DA:5,10
DA:8,10
DA:10,10
DA:11,0
DA:12,0
DA:13,0
DA:15,0
DA:18,10
DA:21,0
DA:22,0
DA:24,0
DA:25,0
DA:26,0
DA:27,0
DA:28,0
DA:30,0
DA:32,0
DA:36,0
DA:37,0
DA:38,0
DA:39,0
DA:40,0
DA:43,0
DA:44,0
LF:27
LH:7
BRDA:12,0,0,0
BRDA:12,0,1,0
BRDA:12,1,0,0
BRDA:12,1,1,0
BRDA:15,2,0,0
BRDA:15,2,1,0
BRDA:24,3,0,0
BRDA:24,3,1,0
BRDA:24,4,0,0
BRDA:24,4,1,0
BRDA:27,5,0,0
BRDA:27,5,1,0
BRDA:38,6,0,0
BRDA:38,6,1,0
BRDA:38,7,0,0
BRDA:38,7,1,0
BRF:16
BRH:0
end_of_record
TN:
SF:src\utils\totp.ts
FN:5,(anonymous_1)
FN:20,(anonymous_2)
FN:33,(anonymous_3)
FN:52,(anonymous_4)
FN:58,(anonymous_5)
FNF:5
FNH:0
FNDA:0,(anonymous_1)
FNDA:0,(anonymous_2)
FNDA:0,(anonymous_3)
FNDA:0,(anonymous_4)
FNDA:0,(anonymous_5)
DA:1,1
DA:3,1
DA:5,1
DA:6,0
DA:7,0
DA:8,0
DA:9,0
DA:10,0
DA:11,0
DA:13,0
DA:14,0
DA:15,0
DA:17,0
DA:20,1
DA:21,0
DA:22,0
DA:23,0
DA:24,0
DA:26,0
DA:30,0
DA:33,1
DA:34,0
DA:35,0
DA:36,0
DA:37,0
DA:38,0
DA:39,0
DA:40,0
DA:41,0
DA:42,0
DA:44,0
DA:45,0
DA:46,0
DA:49,0
DA:52,1
DA:53,0
DA:54,0
DA:55,0
DA:58,1
DA:59,0
DA:60,0
DA:62,0
DA:63,0
DA:64,0
DA:66,0
DA:67,0
DA:69,0
LF:47
LH:7
BRDA:10,0,0,0
BRDA:10,0,1,0
BRDA:58,1,0,0
BRDA:60,2,0,0
BRDA:60,2,1,0
BRDA:67,3,0,0
BRDA:67,3,1,0
BRF:7
BRH:0
end_of_record
TN:
SF:src\utils\twoFactorPending.ts
FN:3,(anonymous_1)
FN:6,(anonymous_2)
FN:11,(anonymous_3)
FN:19,(anonymous_4)
FNF:4
FNH:0
FNDA:0,(anonymous_1)
FNDA:0,(anonymous_2)
FNDA:0,(anonymous_3)
FNDA:0,(anonymous_4)
DA:1,3
DA:3,3
DA:4,3
DA:6,3
DA:7,0
DA:8,0
DA:11,3
DA:12,0
DA:13,0
DA:15,0
DA:16,0
DA:19,3
DA:20,0
DA:21,0
DA:23,0
DA:24,0
LF:16
LH:6
BRDA:7,0,0,0
BRDA:7,0,1,0
BRDA:7,1,0,0
BRDA:7,1,1,0
BRDA:12,2,0,0
BRDA:12,2,1,0
BRDA:12,3,0,0
BRDA:12,3,1,0
BRDA:20,4,0,0
BRDA:20,4,1,0
BRDA:20,5,0,0
BRDA:20,5,1,0
BRF:12
BRH:0
end_of_record
TN:
SF:src\utils\userSessionCache.ts
FN:9,(anonymous_1)
FN:10,(anonymous_2)
FN:11,(anonymous_3)
FN:17,(anonymous_4)
FN:22,(anonymous_5)
FN:30,(anonymous_6)
FN:42,(anonymous_7)
FN:55,(anonymous_8)
FN:69,(anonymous_9)
FN:72,(anonymous_10)
FN:75,(anonymous_11)
FNF:11
FNH:6
FNDA:7,(anonymous_1)
FNDA:0,(anonymous_2)
FNDA:0,(anonymous_3)
FNDA:7,(anonymous_4)
FNDA:7,(anonymous_5)
FNDA:7,(anonymous_6)
FNDA:7,(anonymous_7)
FNDA:1,(anonymous_8)
FNDA:0,(anonymous_9)
FNDA:0,(anonymous_10)
FNDA:0,(anonymous_11)
DA:1,7
DA:2,7
DA:4,7
DA:5,7
DA:6,7
DA:8,7
DA:9,7
DA:10,0
DA:11,0
DA:15,7
DA:17,7
DA:18,7
DA:19,0
DA:22,7
DA:23,7
DA:26,7
DA:27,7
DA:30,7
DA:31,7
DA:32,0
DA:33,0
DA:34,0
DA:35,0
DA:37,0
DA:38,0
DA:42,7
DA:47,7
DA:48,0
DA:49,0
DA:51,0
DA:55,7
DA:56,1
DA:57,0
DA:62,0
DA:63,0
DA:65,0
DA:69,7
DA:70,0
DA:72,7
DA:73,0
DA:75,7
DA:76,0
LF:42
LH:23
BRDA:18,0,0,0
BRDA:18,0,1,7
BRDA:31,1,0,7
BRDA:31,1,1,0
BRDA:31,2,0,7
BRDA:31,2,1,0
BRDA:34,3,0,0
BRDA:34,3,1,0
BRDA:47,4,0,7
BRDA:47,4,1,0
BRDA:47,5,0,7
BRDA:47,5,1,0
BRDA:56,6,0,1
BRDA:56,6,1,0
BRDA:56,7,0,1
BRDA:56,7,1,0
BRF:16
BRH:7
end_of_record
TN:
SF:src\utils\walletMutations.ts
FN:6,(anonymous_1)
FN:20,(anonymous_2)
FN:30,(anonymous_3)
FN:40,(anonymous_4)
FNF:4
FNH:0
FNDA:0,(anonymous_1)
FNDA:0,(anonymous_2)
FNDA:0,(anonymous_3)
FNDA:0,(anonymous_4)
DA:2,1
DA:3,1
DA:6,1
DA:11,0
DA:12,0
DA:20,1
DA:25,0
DA:26,0
DA:30,1
DA:35,0
DA:36,0
DA:40,1
DA:45,0
DA:46,0
DA:51,0
DA:52,0
DA:54,0
LF:17
LH:6
BRDA:11,0,0,0
BRDA:11,0,1,0
BRDA:11,1,0,0
BRDA:11,1,1,0
BRDA:25,2,0,0
BRDA:25,2,1,0
BRDA:25,3,0,0
BRDA:25,3,1,0
BRDA:35,4,0,0
BRDA:35,4,1,0
BRDA:35,5,0,0
BRDA:35,5,1,0
BRDA:45,6,0,0
BRDA:45,6,1,0
BRDA:45,7,0,0
BRDA:45,7,1,0
BRDA:51,8,0,0
BRDA:51,8,1,0
BRF:18
BRH:0
end_of_record
TN:
SF:src\validators\recommendationValidator.ts
FNF:0
FNH:0
DA:1,1
DA:3,1
DA:11,1
LF:3
LH:3
BRF:0
BRH:0
end_of_record
